2022-08-22T06:55:57+00:00 CRITICAL Unclosed '{' on line 14 в /var/www/insaitik/data/www/belarmata.insaitika.ru/wp-content/themes/oceanwp-child-theme/parts/tab-home.php на строке 57

2022-08-22T06:57:37+00:00 CRITICAL Uncaught Error: Call to a member function is_on_sale() on null in /var/www/insaitik/data/www/belarmata.insaitika.ru/wp-content/themes/oceanwp-child-theme/parts/tab-home.php:14
Stack trace:
#0 /var/www/insaitik/data/www/belarmata.insaitika.ru/wp-includes/template.php(772): require()
#1 /var/www/insaitik/data/www/belarmata.insaitika.ru/wp-includes/template.php(716): load_template()
#2 /var/www/insaitik/data/www/belarmata.insaitika.ru/wp-includes/general-template.php(204): locate_template()
#3 /var/www/insaitik/data/www/belarmata.insaitika.ru/wp-content/themes/oceanwp-child-theme/functions.php(30): get_template_part()
#4 /var/www/insaitik/data/www/belarmata.insaitika.ru/wp-includes/shortcodes.php(356): render_tabs()
#5 [internal function]: do_shortcode_tag()
#6 /var/www/insaitik/data/www/belarmata.insaitika.ru/wp-includes/shortcodes.php(228): preg_replace_callback()
#7 /var/www/insaitik/data/www/belarmata.insaitika.ru/wp-content/plugins/elementor/includes/widgets/shortcode.php(130): do_shortcode()
#8 /var/www/insaitik/data/www/belarmata.insaitika.ru/wp-content/plugins/elementor/includes/base/controls-stack.php(2223): Elementor\Widget_Shortcode->render()
#9 /var/www/insaitik/data/www/belarmata.insaitika.ru/wp-content/plugins/elementor/includes/base/widget-base.php(609): Elementor\Controls_Stack->render_by_mode()
#10 /var/www/insaitik/data/www/belarmata.insaitika.ru/wp-content/plugins/elementor/includes/base/widget-base.php(750): Elementor\Widget_Base->render_content()
#11 /var/www/insaitik/data/www/belarmata.insaitika.ru/wp-content/plugins/elementor/includes/base/element-base.php(447): Elementor\Widget_Base->print_content()
#12 /var/www/insaitik/data/www/belarmata.insaitika.ru/wp-content/plugins/elementor/includes/base/element-base.php(787): Elementor\Element_Base->print_element()
#13 /var/www/insaitik/data/www/belarmata.insaitika.ru/wp-content/plugins/elementor/includes/base/element-base.php(447): Elementor\Element_Base->print_content()
#14 /var/www/insaitik/data/www/belarmata.insaitika.ru/wp-content/plugins/elementor/includes/base/element-base.php(787): Elementor\Element_Base->print_element()
#15 /var/www/insaitik/data/www/belarmata.insaitika.ru/wp-content/plugins/elementor/includes/base/element-base.php(447): Elementor\Element_Base->print_content()
#16 /var/www/insaitik/data/www/belarmata.insaitika.ru/wp-content/plugins/elementor/core/base/document.php(1627): Elementor\Element_Base->print_element()
#17 /var/www/insaitik/data/www/belarmata.insaitika.ru/wp-content/plugins/elementor/core/base/document.php(1078): Elementor\Core\Base\Document->print_elements()
#18 /var/www/insaitik/data/www/belarmata.insaitika.ru/wp-content/plugins/elementor/includes/frontend.php(1092): Elementor\Core\Base\Document->print_elements_with_wrapper()
#19 /var/www/insaitik/data/www/belarmata.insaitika.ru/wp-content/plugins/elementor/includes/frontend.php(1006): Elementor\Frontend->get_builder_content()
#20 /var/www/insaitik/data/www/belarmata.insaitika.ru/wp-includes/class-wp-hook.php(307): Elementor\Frontend->apply_builder_in_content()
#21 /var/www/insaitik/data/www/belarmata.insaitika.ru/wp-includes/plugin.php(191): WP_Hook->apply_filters()
#22 /var/www/insaitik/data/www/belarmata.insaitika.ru/wp-includes/post-template.php(253): apply_filters()
#23 /var/www/insaitik/data/www/belarmata.insaitika.ru/wp-content/plugins/elementor/modules/page-templates/module.php(190): the_content()
#24 [internal function]: Elementor\Modules\PageTemplates\Module->print_callback()
#25 /var/www/insaitik/data/www/belarmata.insaitika.ru/wp-content/plugins/elementor/modules/page-templates/module.php(207): call_user_func()
#26 /var/www/insaitik/data/www/belarmata.insaitika.ru/wp-content/plugins/elementor/modules/page-templates/templates/header-footer.php(19): Elementor\Modules\PageTemplates\Module->print_content()
#27 /var/www/insaitik/data/www/belarmata.insaitika.ru/wp-includes/template-loader.php(106): include('/var/www/insait...')
#28 /var/www/insaitik/data/www/belarmata.insaitika.ru/wp-blog-header.php(19): require_once('/var/www/insait...')
#29 /var/www/insaitik/data/www/belarmata.insaitika.ru/index.php(17): require('/var/www/insait...')
#30 {main}
  thrown в /var/www/insaitik/data/www/belarmata.insaitika.ru/wp-content/themes/oceanwp-child-theme/parts/tab-home.php на строке 14

2022-08-22T07:00:16+00:00 CRITICAL Uncaught Error: Call to a member function is_on_sale() on null in /var/www/insaitik/data/www/belarmata.insaitika.ru/wp-content/themes/oceanwp-child-theme/parts/tab-home.php:14
Stack trace:
#0 /var/www/insaitik/data/www/belarmata.insaitika.ru/wp-includes/template.php(772): require()
#1 /var/www/insaitik/data/www/belarmata.insaitika.ru/wp-includes/template.php(716): load_template()
#2 /var/www/insaitik/data/www/belarmata.insaitika.ru/wp-includes/general-template.php(204): locate_template()
#3 /var/www/insaitik/data/www/belarmata.insaitika.ru/wp-content/themes/oceanwp-child-theme/functions.php(30): get_template_part()
#4 /var/www/insaitik/data/www/belarmata.insaitika.ru/wp-includes/shortcodes.php(356): render_tabs()
#5 [internal function]: do_shortcode_tag()
#6 /var/www/insaitik/data/www/belarmata.insaitika.ru/wp-includes/shortcodes.php(228): preg_replace_callback()
#7 /var/www/insaitik/data/www/belarmata.insaitika.ru/wp-content/plugins/elementor/includes/widgets/shortcode.php(130): do_shortcode()
#8 /var/www/insaitik/data/www/belarmata.insaitika.ru/wp-content/plugins/elementor/includes/base/controls-stack.php(2223): Elementor\Widget_Shortcode->render()
#9 /var/www/insaitik/data/www/belarmata.insaitika.ru/wp-content/plugins/elementor/includes/base/widget-base.php(609): Elementor\Controls_Stack->render_by_mode()
#10 /var/www/insaitik/data/www/belarmata.insaitika.ru/wp-content/plugins/elementor/includes/base/widget-base.php(750): Elementor\Widget_Base->render_content()
#11 /var/www/insaitik/data/www/belarmata.insaitika.ru/wp-content/plugins/elementor/includes/base/element-base.php(447): Elementor\Widget_Base->print_content()
#12 /var/www/insaitik/data/www/belarmata.insaitika.ru/wp-content/plugins/elementor/includes/base/element-base.php(787): Elementor\Element_Base->print_element()
#13 /var/www/insaitik/data/www/belarmata.insaitika.ru/wp-content/plugins/elementor/includes/base/element-base.php(447): Elementor\Element_Base->print_content()
#14 /var/www/insaitik/data/www/belarmata.insaitika.ru/wp-content/plugins/elementor/includes/base/element-base.php(787): Elementor\Element_Base->print_element()
#15 /var/www/insaitik/data/www/belarmata.insaitika.ru/wp-content/plugins/elementor/includes/base/element-base.php(447): Elementor\Element_Base->print_content()
#16 /var/www/insaitik/data/www/belarmata.insaitika.ru/wp-content/plugins/elementor/core/base/document.php(1627): Elementor\Element_Base->print_element()
#17 /var/www/insaitik/data/www/belarmata.insaitika.ru/wp-content/plugins/elementor/core/base/document.php(1078): Elementor\Core\Base\Document->print_elements()
#18 /var/www/insaitik/data/www/belarmata.insaitika.ru/wp-content/plugins/elementor/includes/frontend.php(1092): Elementor\Core\Base\Document->print_elements_with_wrapper()
#19 /var/www/insaitik/data/www/belarmata.insaitika.ru/wp-content/plugins/elementor/includes/frontend.php(1006): Elementor\Frontend->get_builder_content()
#20 /var/www/insaitik/data/www/belarmata.insaitika.ru/wp-includes/class-wp-hook.php(307): Elementor\Frontend->apply_builder_in_content()
#21 /var/www/insaitik/data/www/belarmata.insaitika.ru/wp-includes/plugin.php(191): WP_Hook->apply_filters()
#22 /var/www/insaitik/data/www/belarmata.insaitika.ru/wp-includes/post-template.php(253): apply_filters()
#23 /var/www/insaitik/data/www/belarmata.insaitika.ru/wp-content/plugins/elementor/modules/page-templates/module.php(190): the_content()
#24 [internal function]: Elementor\Modules\PageTemplates\Module->print_callback()
#25 /var/www/insaitik/data/www/belarmata.insaitika.ru/wp-content/plugins/elementor/modules/page-templates/module.php(207): call_user_func()
#26 /var/www/insaitik/data/www/belarmata.insaitika.ru/wp-content/plugins/elementor/modules/page-templates/templates/header-footer.php(19): Elementor\Modules\PageTemplates\Module->print_content()
#27 /var/www/insaitik/data/www/belarmata.insaitika.ru/wp-includes/template-loader.php(106): include('/var/www/insait...')
#28 /var/www/insaitik/data/www/belarmata.insaitika.ru/wp-blog-header.php(19): require_once('/var/www/insait...')
#29 /var/www/insaitik/data/www/belarmata.insaitika.ru/index.php(17): require('/var/www/insait...')
#30 {main}
  thrown в /var/www/insaitik/data/www/belarmata.insaitika.ru/wp-content/themes/oceanwp-child-theme/parts/tab-home.php на строке 14

2022-08-22T10:28:42+00:00 CRITICAL Unclosed '{' on line 35 в /var/www/insaitik/data/www/belarmata.insaitika.ru/wp-content/themes/oceanwp-child-theme/woocommerce/ti-wishlist.php на строке 137

2022-08-22T10:29:26+00:00 CRITICAL Unmatched '}' в /var/www/insaitik/data/www/belarmata.insaitika.ru/wp-content/themes/oceanwp-child-theme/woocommerce/ti-wishlist.php на строке 136

2022-08-22T10:29:59+00:00 CRITICAL Unmatched '}' в /var/www/insaitik/data/www/belarmata.insaitika.ru/wp-content/themes/oceanwp-child-theme/woocommerce/ti-wishlist.php на строке 142

