2022-08-29T05:37:50+00:00 CRITICAL Uncaught Error: Call to a member function get_sku() on array in /var/www/insaitik/data/www/belarmata.insaitika.ru/wp-content/themes/oceanwp-child-theme/perfect-woocommerce-brands/shortcodes/product-carousel.php:30
Stack trace:
#0 /var/www/insaitik/data/www/belarmata.insaitika.ru/wp-content/plugins/perfect-woocommerce-brands/classes/class-perfect-woocommerce-brands.php(990): include()
#1 /var/www/insaitik/data/www/belarmata.insaitika.ru/wp-content/plugins/perfect-woocommerce-brands/classes/shortcodes/class-pwb-product-carousel.php(43): Perfect_Woocommerce_Brands\Perfect_Woocommerce_Brands::render_template()
#2 /var/www/insaitik/data/www/belarmata.insaitika.ru/wp-includes/shortcodes.php(356): Perfect_Woocommerce_Brands\Shortcodes\PWB_Product_Carousel_Shortcode::product_carousel_shortcode()
#3 [internal function]: do_shortcode_tag()
#4 /var/www/insaitik/data/www/belarmata.insaitika.ru/wp-includes/shortcodes.php(228): preg_replace_callback()
#5 /var/www/insaitik/data/www/belarmata.insaitika.ru/wp-content/themes/oceanwp-child-theme/woocommerce/single-product.php(216): do_shortcode()
#6 /var/www/insaitik/data/www/belarmata.insaitika.ru/wp-includes/template-loader.php(106): include('/var/www/insait...')
#7 /var/www/insaitik/data/www/belarmata.insaitika.ru/wp-blog-header.php(19): require_once('/var/www/insait...')
#8 /var/www/insaitik/data/www/belarmata.insaitika.ru/index.php(17): require('/var/www/insait...')
#9 {main}
  thrown в /var/www/insaitik/data/www/belarmata.insaitika.ru/wp-content/themes/oceanwp-child-theme/perfect-woocommerce-brands/shortcodes/product-carousel.php на строке 30

2022-08-29T05:37:50+00:00 CRITICAL Uncaught Error: Call to a member function get_sku() on array in /var/www/insaitik/data/www/belarmata.insaitika.ru/wp-content/themes/oceanwp-child-theme/perfect-woocommerce-brands/shortcodes/product-carousel.php:30
Stack trace:
#0 /var/www/insaitik/data/www/belarmata.insaitika.ru/wp-content/plugins/perfect-woocommerce-brands/classes/class-perfect-woocommerce-brands.php(990): include()
#1 /var/www/insaitik/data/www/belarmata.insaitika.ru/wp-content/plugins/perfect-woocommerce-brands/classes/shortcodes/class-pwb-product-carousel.php(43): Perfect_Woocommerce_Brands\Perfect_Woocommerce_Brands::render_template()
#2 /var/www/insaitik/data/www/belarmata.insaitika.ru/wp-includes/shortcodes.php(356): Perfect_Woocommerce_Brands\Shortcodes\PWB_Product_Carousel_Shortcode::product_carousel_shortcode()
#3 [internal function]: do_shortcode_tag()
#4 /var/www/insaitik/data/www/belarmata.insaitika.ru/wp-includes/shortcodes.php(228): preg_replace_callback()
#5 /var/www/insaitik/data/www/belarmata.insaitika.ru/wp-content/themes/oceanwp-child-theme/woocommerce/single-product.php(216): do_shortcode()
#6 /var/www/insaitik/data/www/belarmata.insaitika.ru/wp-includes/template-loader.php(106): include('/var/www/insait...')
#7 /var/www/insaitik/data/www/belarmata.insaitika.ru/wp-blog-header.php(19): require_once('/var/www/insait...')
#8 /var/www/insaitik/data/www/belarmata.insaitika.ru/index.php(17): require('/var/www/insait...')
#9 {main}
  thrown в /var/www/insaitik/data/www/belarmata.insaitika.ru/wp-content/themes/oceanwp-child-theme/perfect-woocommerce-brands/shortcodes/product-carousel.php на строке 30

2022-08-29T05:39:12+00:00 CRITICAL Uncaught Error: Call to a member function is_type() on array in /var/www/insaitik/data/www/belarmata.insaitika.ru/wp-content/themes/oceanwp-child-theme/perfect-woocommerce-brands/shortcodes/product-carousel.php:30
Stack trace:
#0 /var/www/insaitik/data/www/belarmata.insaitika.ru/wp-content/plugins/perfect-woocommerce-brands/classes/class-perfect-woocommerce-brands.php(990): include()
#1 /var/www/insaitik/data/www/belarmata.insaitika.ru/wp-content/plugins/perfect-woocommerce-brands/classes/shortcodes/class-pwb-product-carousel.php(43): Perfect_Woocommerce_Brands\Perfect_Woocommerce_Brands::render_template()
#2 /var/www/insaitik/data/www/belarmata.insaitika.ru/wp-includes/shortcodes.php(356): Perfect_Woocommerce_Brands\Shortcodes\PWB_Product_Carousel_Shortcode::product_carousel_shortcode()
#3 [internal function]: do_shortcode_tag()
#4 /var/www/insaitik/data/www/belarmata.insaitika.ru/wp-includes/shortcodes.php(228): preg_replace_callback()
#5 /var/www/insaitik/data/www/belarmata.insaitika.ru/wp-content/themes/oceanwp-child-theme/woocommerce/single-product.php(216): do_shortcode()
#6 /var/www/insaitik/data/www/belarmata.insaitika.ru/wp-includes/template-loader.php(106): include('/var/www/insait...')
#7 /var/www/insaitik/data/www/belarmata.insaitika.ru/wp-blog-header.php(19): require_once('/var/www/insait...')
#8 /var/www/insaitik/data/www/belarmata.insaitika.ru/index.php(17): require('/var/www/insait...')
#9 {main}
  thrown в /var/www/insaitik/data/www/belarmata.insaitika.ru/wp-content/themes/oceanwp-child-theme/perfect-woocommerce-brands/shortcodes/product-carousel.php на строке 30

2022-08-29T05:40:00+00:00 CRITICAL Uncaught Error: Call to a member function is_type() on array in /var/www/insaitik/data/www/belarmata.insaitika.ru/wp-content/themes/oceanwp-child-theme/perfect-woocommerce-brands/shortcodes/product-carousel.php:30
Stack trace:
#0 /var/www/insaitik/data/www/belarmata.insaitika.ru/wp-content/plugins/perfect-woocommerce-brands/classes/class-perfect-woocommerce-brands.php(990): include()
#1 /var/www/insaitik/data/www/belarmata.insaitika.ru/wp-content/plugins/perfect-woocommerce-brands/classes/shortcodes/class-pwb-product-carousel.php(43): Perfect_Woocommerce_Brands\Perfect_Woocommerce_Brands::render_template()
#2 /var/www/insaitik/data/www/belarmata.insaitika.ru/wp-includes/shortcodes.php(356): Perfect_Woocommerce_Brands\Shortcodes\PWB_Product_Carousel_Shortcode::product_carousel_shortcode()
#3 [internal function]: do_shortcode_tag()
#4 /var/www/insaitik/data/www/belarmata.insaitika.ru/wp-includes/shortcodes.php(228): preg_replace_callback()
#5 /var/www/insaitik/data/www/belarmata.insaitika.ru/wp-content/themes/oceanwp-child-theme/woocommerce/single-product.php(216): do_shortcode()
#6 /var/www/insaitik/data/www/belarmata.insaitika.ru/wp-includes/template-loader.php(106): include('/var/www/insait...')
#7 /var/www/insaitik/data/www/belarmata.insaitika.ru/wp-blog-header.php(19): require_once('/var/www/insait...')
#8 /var/www/insaitik/data/www/belarmata.insaitika.ru/index.php(17): require('/var/www/insait...')
#9 {main}
  thrown в /var/www/insaitik/data/www/belarmata.insaitika.ru/wp-content/themes/oceanwp-child-theme/perfect-woocommerce-brands/shortcodes/product-carousel.php на строке 30

2022-08-29T05:40:09+00:00 CRITICAL Uncaught Error: Call to a member function is_type() on array in /var/www/insaitik/data/www/belarmata.insaitika.ru/wp-content/themes/oceanwp-child-theme/perfect-woocommerce-brands/shortcodes/product-carousel.php:30
Stack trace:
#0 /var/www/insaitik/data/www/belarmata.insaitika.ru/wp-content/plugins/perfect-woocommerce-brands/classes/class-perfect-woocommerce-brands.php(990): include()
#1 /var/www/insaitik/data/www/belarmata.insaitika.ru/wp-content/plugins/perfect-woocommerce-brands/classes/shortcodes/class-pwb-product-carousel.php(43): Perfect_Woocommerce_Brands\Perfect_Woocommerce_Brands::render_template()
#2 /var/www/insaitik/data/www/belarmata.insaitika.ru/wp-includes/shortcodes.php(356): Perfect_Woocommerce_Brands\Shortcodes\PWB_Product_Carousel_Shortcode::product_carousel_shortcode()
#3 [internal function]: do_shortcode_tag()
#4 /var/www/insaitik/data/www/belarmata.insaitika.ru/wp-includes/shortcodes.php(228): preg_replace_callback()
#5 /var/www/insaitik/data/www/belarmata.insaitika.ru/wp-content/themes/oceanwp-child-theme/woocommerce/single-product.php(216): do_shortcode()
#6 /var/www/insaitik/data/www/belarmata.insaitika.ru/wp-includes/template-loader.php(106): include('/var/www/insait...')
#7 /var/www/insaitik/data/www/belarmata.insaitika.ru/wp-blog-header.php(19): require_once('/var/www/insait...')
#8 /var/www/insaitik/data/www/belarmata.insaitika.ru/index.php(17): require('/var/www/insait...')
#9 {main}
  thrown в /var/www/insaitik/data/www/belarmata.insaitika.ru/wp-content/themes/oceanwp-child-theme/perfect-woocommerce-brands/shortcodes/product-carousel.php на строке 30

2022-08-29T05:41:29+00:00 CRITICAL Uncaught Error: Call to a member function get_sku() on array in /var/www/insaitik/data/www/belarmata.insaitika.ru/wp-content/themes/oceanwp-child-theme/perfect-woocommerce-brands/shortcodes/product-carousel.php:33
Stack trace:
#0 /var/www/insaitik/data/www/belarmata.insaitika.ru/wp-content/plugins/perfect-woocommerce-brands/classes/class-perfect-woocommerce-brands.php(990): include()
#1 /var/www/insaitik/data/www/belarmata.insaitika.ru/wp-content/plugins/perfect-woocommerce-brands/classes/shortcodes/class-pwb-product-carousel.php(43): Perfect_Woocommerce_Brands\Perfect_Woocommerce_Brands::render_template()
#2 /var/www/insaitik/data/www/belarmata.insaitika.ru/wp-includes/shortcodes.php(356): Perfect_Woocommerce_Brands\Shortcodes\PWB_Product_Carousel_Shortcode::product_carousel_shortcode()
#3 [internal function]: do_shortcode_tag()
#4 /var/www/insaitik/data/www/belarmata.insaitika.ru/wp-includes/shortcodes.php(228): preg_replace_callback()
#5 /var/www/insaitik/data/www/belarmata.insaitika.ru/wp-content/themes/oceanwp-child-theme/woocommerce/single-product.php(216): do_shortcode()
#6 /var/www/insaitik/data/www/belarmata.insaitika.ru/wp-includes/template-loader.php(106): include('/var/www/insait...')
#7 /var/www/insaitik/data/www/belarmata.insaitika.ru/wp-blog-header.php(19): require_once('/var/www/insait...')
#8 /var/www/insaitik/data/www/belarmata.insaitika.ru/index.php(17): require('/var/www/insait...')
#9 {main}
  thrown в /var/www/insaitik/data/www/belarmata.insaitika.ru/wp-content/themes/oceanwp-child-theme/perfect-woocommerce-brands/shortcodes/product-carousel.php на строке 33

2022-08-29T05:43:34+00:00 CRITICAL Uncaught Error: Call to a member function get_sku() on array in /var/www/insaitik/data/www/belarmata.insaitika.ru/wp-content/themes/oceanwp-child-theme/perfect-woocommerce-brands/shortcodes/product-carousel.php:30
Stack trace:
#0 /var/www/insaitik/data/www/belarmata.insaitika.ru/wp-content/plugins/perfect-woocommerce-brands/classes/class-perfect-woocommerce-brands.php(990): include()
#1 /var/www/insaitik/data/www/belarmata.insaitika.ru/wp-content/plugins/perfect-woocommerce-brands/classes/shortcodes/class-pwb-product-carousel.php(43): Perfect_Woocommerce_Brands\Perfect_Woocommerce_Brands::render_template()
#2 /var/www/insaitik/data/www/belarmata.insaitika.ru/wp-includes/shortcodes.php(356): Perfect_Woocommerce_Brands\Shortcodes\PWB_Product_Carousel_Shortcode::product_carousel_shortcode()
#3 [internal function]: do_shortcode_tag()
#4 /var/www/insaitik/data/www/belarmata.insaitika.ru/wp-includes/shortcodes.php(228): preg_replace_callback()
#5 /var/www/insaitik/data/www/belarmata.insaitika.ru/wp-content/themes/oceanwp-child-theme/woocommerce/single-product.php(216): do_shortcode()
#6 /var/www/insaitik/data/www/belarmata.insaitika.ru/wp-includes/template-loader.php(106): include('/var/www/insait...')
#7 /var/www/insaitik/data/www/belarmata.insaitika.ru/wp-blog-header.php(19): require_once('/var/www/insait...')
#8 /var/www/insaitik/data/www/belarmata.insaitika.ru/index.php(17): require('/var/www/insait...')
#9 {main}
  thrown в /var/www/insaitik/data/www/belarmata.insaitika.ru/wp-content/themes/oceanwp-child-theme/perfect-woocommerce-brands/shortcodes/product-carousel.php на строке 30

2022-08-29T05:43:56+00:00 CRITICAL Uncaught Error: Call to a member function get_sku() on array in /var/www/insaitik/data/www/belarmata.insaitika.ru/wp-content/themes/oceanwp-child-theme/perfect-woocommerce-brands/shortcodes/product-carousel.php:30
Stack trace:
#0 /var/www/insaitik/data/www/belarmata.insaitika.ru/wp-content/plugins/perfect-woocommerce-brands/classes/class-perfect-woocommerce-brands.php(990): include()
#1 /var/www/insaitik/data/www/belarmata.insaitika.ru/wp-content/plugins/perfect-woocommerce-brands/classes/shortcodes/class-pwb-product-carousel.php(43): Perfect_Woocommerce_Brands\Perfect_Woocommerce_Brands::render_template()
#2 /var/www/insaitik/data/www/belarmata.insaitika.ru/wp-includes/shortcodes.php(356): Perfect_Woocommerce_Brands\Shortcodes\PWB_Product_Carousel_Shortcode::product_carousel_shortcode()
#3 [internal function]: do_shortcode_tag()
#4 /var/www/insaitik/data/www/belarmata.insaitika.ru/wp-includes/shortcodes.php(228): preg_replace_callback()
#5 /var/www/insaitik/data/www/belarmata.insaitika.ru/wp-content/themes/oceanwp-child-theme/woocommerce/single-product.php(216): do_shortcode()
#6 /var/www/insaitik/data/www/belarmata.insaitika.ru/wp-includes/template-loader.php(106): include('/var/www/insait...')
#7 /var/www/insaitik/data/www/belarmata.insaitika.ru/wp-blog-header.php(19): require_once('/var/www/insait...')
#8 /var/www/insaitik/data/www/belarmata.insaitika.ru/index.php(17): require('/var/www/insait...')
#9 {main}
  thrown в /var/www/insaitik/data/www/belarmata.insaitika.ru/wp-content/themes/oceanwp-child-theme/perfect-woocommerce-brands/shortcodes/product-carousel.php на строке 30

2022-08-29T10:41:52+00:00 CRITICAL Uncaught Error: Call to a member function get_sku() on null in /var/www/insaitik/data/www/belarmata.insaitika.ru/wp-content/themes/oceanwp-child-theme/woocommerce-products_of_day/widget.php:88
Stack trace:
#0 /var/www/insaitik/data/www/belarmata.insaitika.ru/wp-includes/template.php(772): require()
#1 /var/www/insaitik/data/www/belarmata.insaitika.ru/wp-content/plugins/product-of-the-day-for-woocommerce/berocket/framework.php(935): load_template()
#2 /var/www/insaitik/data/www/belarmata.insaitika.ru/wp-content/plugins/product-of-the-day-for-woocommerce/includes/widget.php(45): BeRocket_Framework->br_get_template_part()
#3 /var/www/insaitik/data/www/belarmata.insaitika.ru/wp-includes/widgets.php(1257): BeRocket_products_of_day_Widget->widget()
#4 /var/www/insaitik/data/www/belarmata.insaitika.ru/wp-content/plugins/product-of-the-day-for-woocommerce/main.php(261): the_widget()
#5 /var/www/insaitik/data/www/belarmata.insaitika.ru/wp-includes/shortcodes.php(356): BeRocket_products_of_day->shortcode()
#6 [internal function]: do_shortcode_tag()
#7 /var/www/insaitik/data/www/belarmata.insaitika.ru/wp-includes/shortcodes.php(228): preg_replace_callback()
#8 /var/www/insaitik/data/www/belarmata.insaitika.ru/wp-content/plugins/elementor/includes/widgets/shortcode.php(130): do_shortcode()
#9 /var/www/insaitik/data/www/belarmata.insaitika.ru/wp-content/plugins/elementor/includes/base/controls-stack.php(2223): Elementor\Widget_Shortcode->render()
#10 /var/www/insaitik/data/www/belarmata.insaitika.ru/wp-content/plugins/elementor/includes/base/widget-base.php(609): Elementor\Controls_Stack->render_by_mode()
#11 /var/www/insaitik/data/www/belarmata.insaitika.ru/wp-content/plugins/elementor/includes/base/widget-base.php(750): Elementor\Widget_Base->render_content()
#12 /var/www/insaitik/data/www/belarmata.insaitika.ru/wp-content/plugins/elementor/includes/base/element-base.php(447): Elementor\Widget_Base->print_content()
#13 /var/www/insaitik/data/www/belarmata.insaitika.ru/wp-content/plugins/elementor/includes/base/element-base.php(787): Elementor\Element_Base->print_element()
#14 /var/www/insaitik/data/www/belarmata.insaitika.ru/wp-content/plugins/elementor/includes/base/element-base.php(447): Elementor\Element_Base->print_content()
#15 /var/www/insaitik/data/www/belarmata.insaitika.ru/wp-content/plugins/elementor/includes/base/element-base.php(787): Elementor\Element_Base->print_element()
#16 /var/www/insaitik/data/www/belarmata.insaitika.ru/wp-content/plugins/elementor/includes/base/element-base.php(447): Elementor\Element_Base->print_content()
#17 /var/www/insaitik/data/www/belarmata.insaitika.ru/wp-content/plugins/elementor/core/base/document.php(1635): Elementor\Element_Base->print_element()
#18 /var/www/insaitik/data/www/belarmata.insaitika.ru/wp-content/plugins/elementor/core/base/document.php(1086): Elementor\Core\Base\Document->print_elements()
#19 /var/www/insaitik/data/www/belarmata.insaitika.ru/wp-content/plugins/elementor/includes/frontend.php(1092): Elementor\Core\Base\Document->print_elements_with_wrapper()
#20 /var/www/insaitik/data/www/belarmata.insaitika.ru/wp-content/plugins/elementor/includes/frontend.php(1006): Elementor\Frontend->get_builder_content()
#21 /var/www/insaitik/data/www/belarmata.insaitika.ru/wp-includes/class-wp-hook.php(307): Elementor\Frontend->apply_builder_in_content()
#22 /var/www/insaitik/data/www/belarmata.insaitika.ru/wp-includes/plugin.php(191): WP_Hook->apply_filters()
#23 /var/www/insaitik/data/www/belarmata.insaitika.ru/wp-includes/post-template.php(253): apply_filters()
#24 /var/www/insaitik/data/www/belarmata.insaitika.ru/wp-content/plugins/elementor/modules/page-templates/module.php(190): the_content()
#25 [internal function]: Elementor\Modules\PageTemplates\Module->print_callback()
#26 /var/www/insaitik/data/www/belarmata.insaitika.ru/wp-content/plugins/elementor/modules/page-templates/module.php(207): call_user_func()
#27 /var/www/insaitik/data/www/belarmata.insaitika.ru/wp-content/plugins/elementor/modules/page-templates/templates/header-footer.php(19): Elementor\Modules\PageTemplates\Module->print_content()
#28 /var/www/insaitik/data/www/belarmata.insaitika.ru/wp-includes/template-loader.php(106): include('/var/www/insait...')
#29 /var/www/insaitik/data/www/belarmata.insaitika.ru/wp-blog-header.php(19): require_once('/var/www/insait...')
#30 /var/www/insaitik/data/www/belarmata.insaitika.ru/index.php(17): require('/var/www/insait...')
#31 {main}
  thrown в /var/www/insaitik/data/www/belarmata.insaitika.ru/wp-content/themes/oceanwp-child-theme/woocommerce-products_of_day/widget.php на строке 88

2022-08-29T18:08:55+00:00 CRITICAL Uncaught Error: Call to a member function get_sku() on null in /var/www/insaitik/data/www/belarmata.insaitika.ru/wp-content/themes/oceanwp-child-theme/woocommerce-products_of_day/widget.php:89
Stack trace:
#0 /var/www/insaitik/data/www/belarmata.insaitika.ru/wp-includes/template.php(772): require()
#1 /var/www/insaitik/data/www/belarmata.insaitika.ru/wp-content/plugins/product-of-the-day-for-woocommerce/berocket/framework.php(935): load_template()
#2 /var/www/insaitik/data/www/belarmata.insaitika.ru/wp-content/plugins/product-of-the-day-for-woocommerce/includes/widget.php(45): BeRocket_Framework->br_get_template_part()
#3 /var/www/insaitik/data/www/belarmata.insaitika.ru/wp-includes/widgets.php(1257): BeRocket_products_of_day_Widget->widget()
#4 /var/www/insaitik/data/www/belarmata.insaitika.ru/wp-content/plugins/product-of-the-day-for-woocommerce/main.php(261): the_widget()
#5 /var/www/insaitik/data/www/belarmata.insaitika.ru/wp-includes/shortcodes.php(356): BeRocket_products_of_day->shortcode()
#6 [internal function]: do_shortcode_tag()
#7 /var/www/insaitik/data/www/belarmata.insaitika.ru/wp-includes/shortcodes.php(228): preg_replace_callback()
#8 /var/www/insaitik/data/www/belarmata.insaitika.ru/wp-content/plugins/elementor/includes/widgets/shortcode.php(130): do_shortcode()
#9 /var/www/insaitik/data/www/belarmata.insaitika.ru/wp-content/plugins/elementor/includes/base/controls-stack.php(2223): Elementor\Widget_Shortcode->render()
#10 /var/www/insaitik/data/www/belarmata.insaitika.ru/wp-content/plugins/elementor/includes/base/widget-base.php(609): Elementor\Controls_Stack->render_by_mode()
#11 /var/www/insaitik/data/www/belarmata.insaitika.ru/wp-content/plugins/elementor/includes/base/widget-base.php(750): Elementor\Widget_Base->render_content()
#12 /var/www/insaitik/data/www/belarmata.insaitika.ru/wp-content/plugins/elementor/includes/base/element-base.php(447): Elementor\Widget_Base->print_content()
#13 /var/www/insaitik/data/www/belarmata.insaitika.ru/wp-content/plugins/elementor/includes/base/element-base.php(787): Elementor\Element_Base->print_element()
#14 /var/www/insaitik/data/www/belarmata.insaitika.ru/wp-content/plugins/elementor/includes/base/element-base.php(447): Elementor\Element_Base->print_content()
#15 /var/www/insaitik/data/www/belarmata.insaitika.ru/wp-content/plugins/elementor/includes/base/element-base.php(787): Elementor\Element_Base->print_element()
#16 /var/www/insaitik/data/www/belarmata.insaitika.ru/wp-content/plugins/elementor/includes/base/element-base.php(447): Elementor\Element_Base->print_content()
#17 /var/www/insaitik/data/www/belarmata.insaitika.ru/wp-content/plugins/elementor/core/base/document.php(1635): Elementor\Element_Base->print_element()
#18 /var/www/insaitik/data/www/belarmata.insaitika.ru/wp-content/plugins/elementor/core/base/document.php(1086): Elementor\Core\Base\Document->print_elements()
#19 /var/www/insaitik/data/www/belarmata.insaitika.ru/wp-content/plugins/elementor/includes/frontend.php(1092): Elementor\Core\Base\Document->print_elements_with_wrapper()
#20 /var/www/insaitik/data/www/belarmata.insaitika.ru/wp-content/plugins/elementor/includes/frontend.php(1006): Elementor\Frontend->get_builder_content()
#21 /var/www/insaitik/data/www/belarmata.insaitika.ru/wp-includes/class-wp-hook.php(307): Elementor\Frontend->apply_builder_in_content()
#22 /var/www/insaitik/data/www/belarmata.insaitika.ru/wp-includes/plugin.php(191): WP_Hook->apply_filters()
#23 /var/www/insaitik/data/www/belarmata.insaitika.ru/wp-includes/post-template.php(253): apply_filters()
#24 /var/www/insaitik/data/www/belarmata.insaitika.ru/wp-content/plugins/elementor/modules/page-templates/module.php(190): the_content()
#25 [internal function]: Elementor\Modules\PageTemplates\Module->print_callback()
#26 /var/www/insaitik/data/www/belarmata.insaitika.ru/wp-content/plugins/elementor/modules/page-templates/module.php(207): call_user_func()
#27 /var/www/insaitik/data/www/belarmata.insaitika.ru/wp-content/plugins/elementor/modules/page-templates/templates/header-footer.php(19): Elementor\Modules\PageTemplates\Module->print_content()
#28 /var/www/insaitik/data/www/belarmata.insaitika.ru/wp-includes/template-loader.php(106): include('/var/www/insait...')
#29 /var/www/insaitik/data/www/belarmata.insaitika.ru/wp-blog-header.php(19): require_once('/var/www/insait...')
#30 /var/www/insaitik/data/www/belarmata.insaitika.ru/index.php(17): require('/var/www/insait...')
#31 {main}
  thrown в /var/www/insaitik/data/www/belarmata.insaitika.ru/wp-content/themes/oceanwp-child-theme/woocommerce-products_of_day/widget.php на строке 89

2022-08-29T18:08:56+00:00 CRITICAL Uncaught Error: Call to a member function get_sku() on null in /var/www/insaitik/data/www/belarmata.insaitika.ru/wp-content/themes/oceanwp-child-theme/woocommerce-products_of_day/widget.php:89
Stack trace:
#0 /var/www/insaitik/data/www/belarmata.insaitika.ru/wp-includes/template.php(772): require()
#1 /var/www/insaitik/data/www/belarmata.insaitika.ru/wp-content/plugins/product-of-the-day-for-woocommerce/berocket/framework.php(935): load_template()
#2 /var/www/insaitik/data/www/belarmata.insaitika.ru/wp-content/plugins/product-of-the-day-for-woocommerce/includes/widget.php(45): BeRocket_Framework->br_get_template_part()
#3 /var/www/insaitik/data/www/belarmata.insaitika.ru/wp-includes/widgets.php(1257): BeRocket_products_of_day_Widget->widget()
#4 /var/www/insaitik/data/www/belarmata.insaitika.ru/wp-content/plugins/product-of-the-day-for-woocommerce/main.php(261): the_widget()
#5 /var/www/insaitik/data/www/belarmata.insaitika.ru/wp-includes/shortcodes.php(356): BeRocket_products_of_day->shortcode()
#6 [internal function]: do_shortcode_tag()
#7 /var/www/insaitik/data/www/belarmata.insaitika.ru/wp-includes/shortcodes.php(228): preg_replace_callback()
#8 /var/www/insaitik/data/www/belarmata.insaitika.ru/wp-content/plugins/elementor/includes/widgets/shortcode.php(130): do_shortcode()
#9 /var/www/insaitik/data/www/belarmata.insaitika.ru/wp-content/plugins/elementor/includes/base/controls-stack.php(2223): Elementor\Widget_Shortcode->render()
#10 /var/www/insaitik/data/www/belarmata.insaitika.ru/wp-content/plugins/elementor/includes/base/widget-base.php(609): Elementor\Controls_Stack->render_by_mode()
#11 /var/www/insaitik/data/www/belarmata.insaitika.ru/wp-content/plugins/elementor/includes/base/widget-base.php(750): Elementor\Widget_Base->render_content()
#12 /var/www/insaitik/data/www/belarmata.insaitika.ru/wp-content/plugins/elementor/includes/base/element-base.php(447): Elementor\Widget_Base->print_content()
#13 /var/www/insaitik/data/www/belarmata.insaitika.ru/wp-content/plugins/elementor/includes/base/element-base.php(787): Elementor\Element_Base->print_element()
#14 /var/www/insaitik/data/www/belarmata.insaitika.ru/wp-content/plugins/elementor/includes/base/element-base.php(447): Elementor\Element_Base->print_content()
#15 /var/www/insaitik/data/www/belarmata.insaitika.ru/wp-content/plugins/elementor/includes/base/element-base.php(787): Elementor\Element_Base->print_element()
#16 /var/www/insaitik/data/www/belarmata.insaitika.ru/wp-content/plugins/elementor/includes/base/element-base.php(447): Elementor\Element_Base->print_content()
#17 /var/www/insaitik/data/www/belarmata.insaitika.ru/wp-content/plugins/elementor/core/base/document.php(1635): Elementor\Element_Base->print_element()
#18 /var/www/insaitik/data/www/belarmata.insaitika.ru/wp-content/plugins/elementor/core/base/document.php(1086): Elementor\Core\Base\Document->print_elements()
#19 /var/www/insaitik/data/www/belarmata.insaitika.ru/wp-content/plugins/elementor/includes/frontend.php(1092): Elementor\Core\Base\Document->print_elements_with_wrapper()
#20 /var/www/insaitik/data/www/belarmata.insaitika.ru/wp-content/plugins/elementor/includes/frontend.php(1006): Elementor\Frontend->get_builder_content()
#21 /var/www/insaitik/data/www/belarmata.insaitika.ru/wp-includes/class-wp-hook.php(307): Elementor\Frontend->apply_builder_in_content()
#22 /var/www/insaitik/data/www/belarmata.insaitika.ru/wp-includes/plugin.php(191): WP_Hook->apply_filters()
#23 /var/www/insaitik/data/www/belarmata.insaitika.ru/wp-includes/post-template.php(253): apply_filters()
#24 /var/www/insaitik/data/www/belarmata.insaitika.ru/wp-content/plugins/elementor/modules/page-templates/module.php(190): the_content()
#25 [internal function]: Elementor\Modules\PageTemplates\Module->print_callback()
#26 /var/www/insaitik/data/www/belarmata.insaitika.ru/wp-content/plugins/elementor/modules/page-templates/module.php(207): call_user_func()
#27 /var/www/insaitik/data/www/belarmata.insaitika.ru/wp-content/plugins/elementor/modules/page-templates/templates/header-footer.php(19): Elementor\Modules\PageTemplates\Module->print_content()
#28 /var/www/insaitik/data/www/belarmata.insaitika.ru/wp-includes/template-loader.php(106): include('/var/www/insait...')
#29 /var/www/insaitik/data/www/belarmata.insaitika.ru/wp-blog-header.php(19): require_once('/var/www/insait...')
#30 /var/www/insaitik/data/www/belarmata.insaitika.ru/index.php(17): require('/var/www/insait...')
#31 {main}
  thrown в /var/www/insaitik/data/www/belarmata.insaitika.ru/wp-content/themes/oceanwp-child-theme/woocommerce-products_of_day/widget.php на строке 89

