2022-08-28T12:15:05+00:00 CRITICAL Uncaught Error: Call to a member function have_posts() on array in /var/www/insaitik/data/www/belarmata.insaitika.ru/wp-content/themes/oceanwp-child-theme/parts/tab-sale.php:20
Stack trace:
#0 /var/www/insaitik/data/www/belarmata.insaitika.ru/wp-includes/template.php(772): require()
#1 /var/www/insaitik/data/www/belarmata.insaitika.ru/wp-includes/template.php(716): load_template()
#2 /var/www/insaitik/data/www/belarmata.insaitika.ru/wp-includes/general-template.php(204): locate_template()
#3 /var/www/insaitik/data/www/belarmata.insaitika.ru/wp-content/themes/oceanwp-child-theme/functions.php(133): get_template_part()
#4 /var/www/insaitik/data/www/belarmata.insaitika.ru/wp-includes/shortcodes.php(356): sale_products_tab()
#5 [internal function]: do_shortcode_tag()
#6 /var/www/insaitik/data/www/belarmata.insaitika.ru/wp-includes/shortcodes.php(228): preg_replace_callback()
#7 /var/www/insaitik/data/www/belarmata.insaitika.ru/wp-content/plugins/elementor/includes/widgets/shortcode.php(130): do_shortcode()
#8 /var/www/insaitik/data/www/belarmata.insaitika.ru/wp-content/plugins/elementor/includes/base/controls-stack.php(2223): Elementor\Widget_Shortcode->render()
#9 /var/www/insaitik/data/www/belarmata.insaitika.ru/wp-content/plugins/elementor/includes/base/widget-base.php(609): Elementor\Controls_Stack->render_by_mode()
#10 /var/www/insaitik/data/www/belarmata.insaitika.ru/wp-content/plugins/elementor/includes/base/widget-base.php(750): Elementor\Widget_Base->render_content()
#11 /var/www/insaitik/data/www/belarmata.insaitika.ru/wp-content/plugins/elementor/includes/base/element-base.php(447): Elementor\Widget_Base->print_content()
#12 /var/www/insaitik/data/www/belarmata.insaitika.ru/wp-content/plugins/elementor/includes/base/element-base.php(787): Elementor\Element_Base->print_element()
#13 /var/www/insaitik/data/www/belarmata.insaitika.ru/wp-content/plugins/elementor/includes/base/element-base.php(447): Elementor\Element_Base->print_content()
#14 /var/www/insaitik/data/www/belarmata.insaitika.ru/wp-content/plugins/elementor/includes/base/element-base.php(787): Elementor\Element_Base->print_element()
#15 /var/www/insaitik/data/www/belarmata.insaitika.ru/wp-content/plugins/elementor/includes/base/element-base.php(447): Elementor\Element_Base->print_content()
#16 /var/www/insaitik/data/www/belarmata.insaitika.ru/wp-content/plugins/elementor/core/base/document.php(1635): Elementor\Element_Base->print_element()
#17 /var/www/insaitik/data/www/belarmata.insaitika.ru/wp-content/plugins/elementor/core/base/document.php(1086): Elementor\Core\Base\Document->print_elements()
#18 /var/www/insaitik/data/www/belarmata.insaitika.ru/wp-content/plugins/elementor/includes/frontend.php(1092): Elementor\Core\Base\Document->print_elements_with_wrapper()
#19 /var/www/insaitik/data/www/belarmata.insaitika.ru/wp-content/plugins/elementor/includes/frontend.php(1006): Elementor\Frontend->get_builder_content()
#20 /var/www/insaitik/data/www/belarmata.insaitika.ru/wp-includes/class-wp-hook.php(307): Elementor\Frontend->apply_builder_in_content()
#21 /var/www/insaitik/data/www/belarmata.insaitika.ru/wp-includes/plugin.php(191): WP_Hook->apply_filters()
#22 /var/www/insaitik/data/www/belarmata.insaitika.ru/wp-includes/post-template.php(253): apply_filters()
#23 /var/www/insaitik/data/www/belarmata.insaitika.ru/wp-content/plugins/elementor/modules/page-templates/module.php(190): the_content()
#24 [internal function]: Elementor\Modules\PageTemplates\Module->print_callback()
#25 /var/www/insaitik/data/www/belarmata.insaitika.ru/wp-content/plugins/elementor/modules/page-templates/module.php(207): call_user_func()
#26 /var/www/insaitik/data/www/belarmata.insaitika.ru/wp-content/plugins/elementor/modules/page-templates/templates/header-footer.php(19): Elementor\Modules\PageTemplates\Module->print_content()
#27 /var/www/insaitik/data/www/belarmata.insaitika.ru/wp-includes/template-loader.php(106): include('/var/www/insait...')
#28 /var/www/insaitik/data/www/belarmata.insaitika.ru/wp-blog-header.php(19): require_once('/var/www/insait...')
#29 /var/www/insaitik/data/www/belarmata.insaitika.ru/index.php(17): require('/var/www/insait...')
#30 {main}
  thrown в /var/www/insaitik/data/www/belarmata.insaitika.ru/wp-content/themes/oceanwp-child-theme/parts/tab-sale.php на строке 20

2022-08-28T12:30:07+00:00 CRITICAL Uncaught Error: Call to a member function have_posts() on array in /var/www/insaitik/data/www/belarmata.insaitika.ru/wp-content/themes/oceanwp-child-theme/parts/tab-sale.php:20
Stack trace:
#0 /var/www/insaitik/data/www/belarmata.insaitika.ru/wp-includes/template.php(772): require()
#1 /var/www/insaitik/data/www/belarmata.insaitika.ru/wp-includes/template.php(716): load_template()
#2 /var/www/insaitik/data/www/belarmata.insaitika.ru/wp-includes/general-template.php(204): locate_template()
#3 /var/www/insaitik/data/www/belarmata.insaitika.ru/wp-content/themes/oceanwp-child-theme/functions.php(133): get_template_part()
#4 /var/www/insaitik/data/www/belarmata.insaitika.ru/wp-includes/shortcodes.php(356): sale_products_tab()
#5 [internal function]: do_shortcode_tag()
#6 /var/www/insaitik/data/www/belarmata.insaitika.ru/wp-includes/shortcodes.php(228): preg_replace_callback()
#7 /var/www/insaitik/data/www/belarmata.insaitika.ru/wp-content/plugins/elementor/includes/widgets/shortcode.php(130): do_shortcode()
#8 /var/www/insaitik/data/www/belarmata.insaitika.ru/wp-content/plugins/elementor/includes/base/controls-stack.php(2223): Elementor\Widget_Shortcode->render()
#9 /var/www/insaitik/data/www/belarmata.insaitika.ru/wp-content/plugins/elementor/includes/base/widget-base.php(609): Elementor\Controls_Stack->render_by_mode()
#10 /var/www/insaitik/data/www/belarmata.insaitika.ru/wp-content/plugins/elementor/includes/base/widget-base.php(750): Elementor\Widget_Base->render_content()
#11 /var/www/insaitik/data/www/belarmata.insaitika.ru/wp-content/plugins/elementor/includes/base/element-base.php(447): Elementor\Widget_Base->print_content()
#12 /var/www/insaitik/data/www/belarmata.insaitika.ru/wp-content/plugins/elementor/includes/base/element-base.php(787): Elementor\Element_Base->print_element()
#13 /var/www/insaitik/data/www/belarmata.insaitika.ru/wp-content/plugins/elementor/includes/base/element-base.php(447): Elementor\Element_Base->print_content()
#14 /var/www/insaitik/data/www/belarmata.insaitika.ru/wp-content/plugins/elementor/includes/base/element-base.php(787): Elementor\Element_Base->print_element()
#15 /var/www/insaitik/data/www/belarmata.insaitika.ru/wp-content/plugins/elementor/includes/base/element-base.php(447): Elementor\Element_Base->print_content()
#16 /var/www/insaitik/data/www/belarmata.insaitika.ru/wp-content/plugins/elementor/core/base/document.php(1635): Elementor\Element_Base->print_element()
#17 /var/www/insaitik/data/www/belarmata.insaitika.ru/wp-content/plugins/elementor/core/base/document.php(1086): Elementor\Core\Base\Document->print_elements()
#18 /var/www/insaitik/data/www/belarmata.insaitika.ru/wp-content/plugins/elementor/includes/frontend.php(1092): Elementor\Core\Base\Document->print_elements_with_wrapper()
#19 /var/www/insaitik/data/www/belarmata.insaitika.ru/wp-content/plugins/elementor/includes/frontend.php(1006): Elementor\Frontend->get_builder_content()
#20 /var/www/insaitik/data/www/belarmata.insaitika.ru/wp-includes/class-wp-hook.php(307): Elementor\Frontend->apply_builder_in_content()
#21 /var/www/insaitik/data/www/belarmata.insaitika.ru/wp-includes/plugin.php(191): WP_Hook->apply_filters()
#22 /var/www/insaitik/data/www/belarmata.insaitika.ru/wp-includes/post-template.php(253): apply_filters()
#23 /var/www/insaitik/data/www/belarmata.insaitika.ru/wp-content/plugins/elementor/modules/page-templates/module.php(190): the_content()
#24 [internal function]: Elementor\Modules\PageTemplates\Module->print_callback()
#25 /var/www/insaitik/data/www/belarmata.insaitika.ru/wp-content/plugins/elementor/modules/page-templates/module.php(207): call_user_func()
#26 /var/www/insaitik/data/www/belarmata.insaitika.ru/wp-content/plugins/elementor/modules/page-templates/templates/header-footer.php(19): Elementor\Modules\PageTemplates\Module->print_content()
#27 /var/www/insaitik/data/www/belarmata.insaitika.ru/wp-includes/template-loader.php(106): include('/var/www/insait...')
#28 /var/www/insaitik/data/www/belarmata.insaitika.ru/wp-blog-header.php(19): require_once('/var/www/insait...')
#29 /var/www/insaitik/data/www/belarmata.insaitika.ru/index.php(17): require('/var/www/insait...')
#30 {main}
  thrown в /var/www/insaitik/data/www/belarmata.insaitika.ru/wp-content/themes/oceanwp-child-theme/parts/tab-sale.php на строке 20

2022-08-28T12:41:20+00:00 CRITICAL Uncaught Error: Call to a member function have_posts() on array in /var/www/insaitik/data/www/belarmata.insaitika.ru/wp-content/themes/oceanwp-child-theme/parts/tab-sale.php:20
Stack trace:
#0 /var/www/insaitik/data/www/belarmata.insaitika.ru/wp-includes/template.php(772): require()
#1 /var/www/insaitik/data/www/belarmata.insaitika.ru/wp-includes/template.php(716): load_template()
#2 /var/www/insaitik/data/www/belarmata.insaitika.ru/wp-includes/general-template.php(204): locate_template()
#3 /var/www/insaitik/data/www/belarmata.insaitika.ru/wp-content/themes/oceanwp-child-theme/functions.php(133): get_template_part()
#4 /var/www/insaitik/data/www/belarmata.insaitika.ru/wp-includes/shortcodes.php(356): sale_products_tab()
#5 [internal function]: do_shortcode_tag()
#6 /var/www/insaitik/data/www/belarmata.insaitika.ru/wp-includes/shortcodes.php(228): preg_replace_callback()
#7 /var/www/insaitik/data/www/belarmata.insaitika.ru/wp-content/plugins/elementor/includes/widgets/shortcode.php(130): do_shortcode()
#8 /var/www/insaitik/data/www/belarmata.insaitika.ru/wp-content/plugins/elementor/includes/base/controls-stack.php(2223): Elementor\Widget_Shortcode->render()
#9 /var/www/insaitik/data/www/belarmata.insaitika.ru/wp-content/plugins/elementor/includes/base/widget-base.php(609): Elementor\Controls_Stack->render_by_mode()
#10 /var/www/insaitik/data/www/belarmata.insaitika.ru/wp-content/plugins/elementor/includes/base/widget-base.php(750): Elementor\Widget_Base->render_content()
#11 /var/www/insaitik/data/www/belarmata.insaitika.ru/wp-content/plugins/elementor/includes/base/element-base.php(447): Elementor\Widget_Base->print_content()
#12 /var/www/insaitik/data/www/belarmata.insaitika.ru/wp-content/plugins/elementor/includes/base/element-base.php(787): Elementor\Element_Base->print_element()
#13 /var/www/insaitik/data/www/belarmata.insaitika.ru/wp-content/plugins/elementor/includes/base/element-base.php(447): Elementor\Element_Base->print_content()
#14 /var/www/insaitik/data/www/belarmata.insaitika.ru/wp-content/plugins/elementor/includes/base/element-base.php(787): Elementor\Element_Base->print_element()
#15 /var/www/insaitik/data/www/belarmata.insaitika.ru/wp-content/plugins/elementor/includes/base/element-base.php(447): Elementor\Element_Base->print_content()
#16 /var/www/insaitik/data/www/belarmata.insaitika.ru/wp-content/plugins/elementor/core/base/document.php(1635): Elementor\Element_Base->print_element()
#17 /var/www/insaitik/data/www/belarmata.insaitika.ru/wp-content/plugins/elementor/core/base/document.php(1086): Elementor\Core\Base\Document->print_elements()
#18 /var/www/insaitik/data/www/belarmata.insaitika.ru/wp-content/plugins/elementor/includes/frontend.php(1092): Elementor\Core\Base\Document->print_elements_with_wrapper()
#19 /var/www/insaitik/data/www/belarmata.insaitika.ru/wp-content/plugins/elementor/includes/frontend.php(1006): Elementor\Frontend->get_builder_content()
#20 /var/www/insaitik/data/www/belarmata.insaitika.ru/wp-includes/class-wp-hook.php(307): Elementor\Frontend->apply_builder_in_content()
#21 /var/www/insaitik/data/www/belarmata.insaitika.ru/wp-includes/plugin.php(191): WP_Hook->apply_filters()
#22 /var/www/insaitik/data/www/belarmata.insaitika.ru/wp-includes/post-template.php(253): apply_filters()
#23 /var/www/insaitik/data/www/belarmata.insaitika.ru/wp-content/plugins/elementor/modules/page-templates/module.php(190): the_content()
#24 [internal function]: Elementor\Modules\PageTemplates\Module->print_callback()
#25 /var/www/insaitik/data/www/belarmata.insaitika.ru/wp-content/plugins/elementor/modules/page-templates/module.php(207): call_user_func()
#26 /var/www/insaitik/data/www/belarmata.insaitika.ru/wp-content/plugins/elementor/modules/page-templates/templates/header-footer.php(19): Elementor\Modules\PageTemplates\Module->print_content()
#27 /var/www/insaitik/data/www/belarmata.insaitika.ru/wp-includes/template-loader.php(106): include('/var/www/insait...')
#28 /var/www/insaitik/data/www/belarmata.insaitika.ru/wp-blog-header.php(19): require_once('/var/www/insait...')
#29 /var/www/insaitik/data/www/belarmata.insaitika.ru/index.php(17): require('/var/www/insait...')
#30 {main}
  thrown в /var/www/insaitik/data/www/belarmata.insaitika.ru/wp-content/themes/oceanwp-child-theme/parts/tab-sale.php на строке 20

2022-08-28T12:41:47+00:00 CRITICAL Uncaught Error: Call to a member function have_posts() on array in /var/www/insaitik/data/www/belarmata.insaitika.ru/wp-content/themes/oceanwp-child-theme/parts/tab-sale.php:20
Stack trace:
#0 /var/www/insaitik/data/www/belarmata.insaitika.ru/wp-includes/template.php(772): require()
#1 /var/www/insaitik/data/www/belarmata.insaitika.ru/wp-includes/template.php(716): load_template()
#2 /var/www/insaitik/data/www/belarmata.insaitika.ru/wp-includes/general-template.php(204): locate_template()
#3 /var/www/insaitik/data/www/belarmata.insaitika.ru/wp-content/themes/oceanwp-child-theme/functions.php(133): get_template_part()
#4 /var/www/insaitik/data/www/belarmata.insaitika.ru/wp-includes/shortcodes.php(356): sale_products_tab()
#5 [internal function]: do_shortcode_tag()
#6 /var/www/insaitik/data/www/belarmata.insaitika.ru/wp-includes/shortcodes.php(228): preg_replace_callback()
#7 /var/www/insaitik/data/www/belarmata.insaitika.ru/wp-content/plugins/elementor/includes/widgets/shortcode.php(130): do_shortcode()
#8 /var/www/insaitik/data/www/belarmata.insaitika.ru/wp-content/plugins/elementor/includes/base/controls-stack.php(2223): Elementor\Widget_Shortcode->render()
#9 /var/www/insaitik/data/www/belarmata.insaitika.ru/wp-content/plugins/elementor/includes/base/widget-base.php(609): Elementor\Controls_Stack->render_by_mode()
#10 /var/www/insaitik/data/www/belarmata.insaitika.ru/wp-content/plugins/elementor/includes/base/widget-base.php(750): Elementor\Widget_Base->render_content()
#11 /var/www/insaitik/data/www/belarmata.insaitika.ru/wp-content/plugins/elementor/includes/base/element-base.php(447): Elementor\Widget_Base->print_content()
#12 /var/www/insaitik/data/www/belarmata.insaitika.ru/wp-content/plugins/elementor/includes/base/element-base.php(787): Elementor\Element_Base->print_element()
#13 /var/www/insaitik/data/www/belarmata.insaitika.ru/wp-content/plugins/elementor/includes/base/element-base.php(447): Elementor\Element_Base->print_content()
#14 /var/www/insaitik/data/www/belarmata.insaitika.ru/wp-content/plugins/elementor/includes/base/element-base.php(787): Elementor\Element_Base->print_element()
#15 /var/www/insaitik/data/www/belarmata.insaitika.ru/wp-content/plugins/elementor/includes/base/element-base.php(447): Elementor\Element_Base->print_content()
#16 /var/www/insaitik/data/www/belarmata.insaitika.ru/wp-content/plugins/elementor/core/base/document.php(1635): Elementor\Element_Base->print_element()
#17 /var/www/insaitik/data/www/belarmata.insaitika.ru/wp-content/plugins/elementor/core/base/document.php(1086): Elementor\Core\Base\Document->print_elements()
#18 /var/www/insaitik/data/www/belarmata.insaitika.ru/wp-content/plugins/elementor/includes/frontend.php(1092): Elementor\Core\Base\Document->print_elements_with_wrapper()
#19 /var/www/insaitik/data/www/belarmata.insaitika.ru/wp-content/plugins/elementor/includes/frontend.php(1006): Elementor\Frontend->get_builder_content()
#20 /var/www/insaitik/data/www/belarmata.insaitika.ru/wp-includes/class-wp-hook.php(307): Elementor\Frontend->apply_builder_in_content()
#21 /var/www/insaitik/data/www/belarmata.insaitika.ru/wp-includes/plugin.php(191): WP_Hook->apply_filters()
#22 /var/www/insaitik/data/www/belarmata.insaitika.ru/wp-includes/post-template.php(253): apply_filters()
#23 /var/www/insaitik/data/www/belarmata.insaitika.ru/wp-content/plugins/elementor/modules/page-templates/module.php(190): the_content()
#24 [internal function]: Elementor\Modules\PageTemplates\Module->print_callback()
#25 /var/www/insaitik/data/www/belarmata.insaitika.ru/wp-content/plugins/elementor/modules/page-templates/module.php(207): call_user_func()
#26 /var/www/insaitik/data/www/belarmata.insaitika.ru/wp-content/plugins/elementor/modules/page-templates/templates/header-footer.php(19): Elementor\Modules\PageTemplates\Module->print_content()
#27 /var/www/insaitik/data/www/belarmata.insaitika.ru/wp-includes/template-loader.php(106): include('/var/www/insait...')
#28 /var/www/insaitik/data/www/belarmata.insaitika.ru/wp-blog-header.php(19): require_once('/var/www/insait...')
#29 /var/www/insaitik/data/www/belarmata.insaitika.ru/index.php(17): require('/var/www/insait...')
#30 {main}
  thrown в /var/www/insaitik/data/www/belarmata.insaitika.ru/wp-content/themes/oceanwp-child-theme/parts/tab-sale.php на строке 20

2022-08-28T13:21:09+00:00 CRITICAL Uncaught Error: Call to a member function have_posts() on array in /var/www/insaitik/data/www/belarmata.insaitika.ru/wp-content/themes/oceanwp-child-theme/parts/tab-sale.php:20
Stack trace:
#0 /var/www/insaitik/data/www/belarmata.insaitika.ru/wp-includes/template.php(772): require()
#1 /var/www/insaitik/data/www/belarmata.insaitika.ru/wp-includes/template.php(716): load_template()
#2 /var/www/insaitik/data/www/belarmata.insaitika.ru/wp-includes/general-template.php(204): locate_template()
#3 /var/www/insaitik/data/www/belarmata.insaitika.ru/wp-content/themes/oceanwp-child-theme/functions.php(133): get_template_part()
#4 /var/www/insaitik/data/www/belarmata.insaitika.ru/wp-includes/shortcodes.php(356): sale_products_tab()
#5 [internal function]: do_shortcode_tag()
#6 /var/www/insaitik/data/www/belarmata.insaitika.ru/wp-includes/shortcodes.php(228): preg_replace_callback()
#7 /var/www/insaitik/data/www/belarmata.insaitika.ru/wp-content/plugins/elementor/includes/widgets/shortcode.php(130): do_shortcode()
#8 /var/www/insaitik/data/www/belarmata.insaitika.ru/wp-content/plugins/elementor/includes/base/controls-stack.php(2223): Elementor\Widget_Shortcode->render()
#9 /var/www/insaitik/data/www/belarmata.insaitika.ru/wp-content/plugins/elementor/includes/base/widget-base.php(609): Elementor\Controls_Stack->render_by_mode()
#10 /var/www/insaitik/data/www/belarmata.insaitika.ru/wp-content/plugins/elementor/includes/base/widget-base.php(750): Elementor\Widget_Base->render_content()
#11 /var/www/insaitik/data/www/belarmata.insaitika.ru/wp-content/plugins/elementor/includes/base/element-base.php(447): Elementor\Widget_Base->print_content()
#12 /var/www/insaitik/data/www/belarmata.insaitika.ru/wp-content/plugins/elementor/includes/base/element-base.php(787): Elementor\Element_Base->print_element()
#13 /var/www/insaitik/data/www/belarmata.insaitika.ru/wp-content/plugins/elementor/includes/base/element-base.php(447): Elementor\Element_Base->print_content()
#14 /var/www/insaitik/data/www/belarmata.insaitika.ru/wp-content/plugins/elementor/includes/base/element-base.php(787): Elementor\Element_Base->print_element()
#15 /var/www/insaitik/data/www/belarmata.insaitika.ru/wp-content/plugins/elementor/includes/base/element-base.php(447): Elementor\Element_Base->print_content()
#16 /var/www/insaitik/data/www/belarmata.insaitika.ru/wp-content/plugins/elementor/core/base/document.php(1635): Elementor\Element_Base->print_element()
#17 /var/www/insaitik/data/www/belarmata.insaitika.ru/wp-content/plugins/elementor/core/base/document.php(1086): Elementor\Core\Base\Document->print_elements()
#18 /var/www/insaitik/data/www/belarmata.insaitika.ru/wp-content/plugins/elementor/includes/frontend.php(1092): Elementor\Core\Base\Document->print_elements_with_wrapper()
#19 /var/www/insaitik/data/www/belarmata.insaitika.ru/wp-content/plugins/elementor/includes/frontend.php(1006): Elementor\Frontend->get_builder_content()
#20 /var/www/insaitik/data/www/belarmata.insaitika.ru/wp-includes/class-wp-hook.php(307): Elementor\Frontend->apply_builder_in_content()
#21 /var/www/insaitik/data/www/belarmata.insaitika.ru/wp-includes/plugin.php(191): WP_Hook->apply_filters()
#22 /var/www/insaitik/data/www/belarmata.insaitika.ru/wp-includes/post-template.php(253): apply_filters()
#23 /var/www/insaitik/data/www/belarmata.insaitika.ru/wp-content/plugins/elementor/modules/page-templates/module.php(190): the_content()
#24 [internal function]: Elementor\Modules\PageTemplates\Module->print_callback()
#25 /var/www/insaitik/data/www/belarmata.insaitika.ru/wp-content/plugins/elementor/modules/page-templates/module.php(207): call_user_func()
#26 /var/www/insaitik/data/www/belarmata.insaitika.ru/wp-content/plugins/elementor/modules/page-templates/templates/header-footer.php(19): Elementor\Modules\PageTemplates\Module->print_content()
#27 /var/www/insaitik/data/www/belarmata.insaitika.ru/wp-includes/template-loader.php(106): include('/var/www/insait...')
#28 /var/www/insaitik/data/www/belarmata.insaitika.ru/wp-blog-header.php(19): require_once('/var/www/insait...')
#29 /var/www/insaitik/data/www/belarmata.insaitika.ru/index.php(17): require('/var/www/insait...')
#30 {main}
  thrown в /var/www/insaitik/data/www/belarmata.insaitika.ru/wp-content/themes/oceanwp-child-theme/parts/tab-sale.php на строке 20

2022-08-28T14:01:53+00:00 CRITICAL Uncaught Error: Undefined constant "post_title" in /var/www/insaitik/data/www/belarmata.insaitika.ru/wp-content/themes/oceanwp-child-theme/parts/tab-sale.php:21
Stack trace:
#0 /var/www/insaitik/data/www/belarmata.insaitika.ru/wp-includes/template.php(772): require()
#1 /var/www/insaitik/data/www/belarmata.insaitika.ru/wp-includes/template.php(716): load_template()
#2 /var/www/insaitik/data/www/belarmata.insaitika.ru/wp-includes/general-template.php(204): locate_template()
#3 /var/www/insaitik/data/www/belarmata.insaitika.ru/wp-content/themes/oceanwp-child-theme/functions.php(133): get_template_part()
#4 /var/www/insaitik/data/www/belarmata.insaitika.ru/wp-includes/shortcodes.php(356): sale_products_tab()
#5 [internal function]: do_shortcode_tag()
#6 /var/www/insaitik/data/www/belarmata.insaitika.ru/wp-includes/shortcodes.php(228): preg_replace_callback()
#7 /var/www/insaitik/data/www/belarmata.insaitika.ru/wp-content/plugins/elementor/includes/widgets/shortcode.php(130): do_shortcode()
#8 /var/www/insaitik/data/www/belarmata.insaitika.ru/wp-content/plugins/elementor/includes/base/controls-stack.php(2223): Elementor\Widget_Shortcode->render()
#9 /var/www/insaitik/data/www/belarmata.insaitika.ru/wp-content/plugins/elementor/includes/base/widget-base.php(609): Elementor\Controls_Stack->render_by_mode()
#10 /var/www/insaitik/data/www/belarmata.insaitika.ru/wp-content/plugins/elementor/includes/base/widget-base.php(750): Elementor\Widget_Base->render_content()
#11 /var/www/insaitik/data/www/belarmata.insaitika.ru/wp-content/plugins/elementor/includes/base/element-base.php(447): Elementor\Widget_Base->print_content()
#12 /var/www/insaitik/data/www/belarmata.insaitika.ru/wp-content/plugins/elementor/includes/base/element-base.php(787): Elementor\Element_Base->print_element()
#13 /var/www/insaitik/data/www/belarmata.insaitika.ru/wp-content/plugins/elementor/includes/base/element-base.php(447): Elementor\Element_Base->print_content()
#14 /var/www/insaitik/data/www/belarmata.insaitika.ru/wp-content/plugins/elementor/includes/base/element-base.php(787): Elementor\Element_Base->print_element()
#15 /var/www/insaitik/data/www/belarmata.insaitika.ru/wp-content/plugins/elementor/includes/base/element-base.php(447): Elementor\Element_Base->print_content()
#16 /var/www/insaitik/data/www/belarmata.insaitika.ru/wp-content/plugins/elementor/core/base/document.php(1635): Elementor\Element_Base->print_element()
#17 /var/www/insaitik/data/www/belarmata.insaitika.ru/wp-content/plugins/elementor/core/base/document.php(1086): Elementor\Core\Base\Document->print_elements()
#18 /var/www/insaitik/data/www/belarmata.insaitika.ru/wp-content/plugins/elementor/includes/frontend.php(1092): Elementor\Core\Base\Document->print_elements_with_wrapper()
#19 /var/www/insaitik/data/www/belarmata.insaitika.ru/wp-content/plugins/elementor/includes/frontend.php(1006): Elementor\Frontend->get_builder_content()
#20 /var/www/insaitik/data/www/belarmata.insaitika.ru/wp-includes/class-wp-hook.php(307): Elementor\Frontend->apply_builder_in_content()
#21 /var/www/insaitik/data/www/belarmata.insaitika.ru/wp-includes/plugin.php(191): WP_Hook->apply_filters()
#22 /var/www/insaitik/data/www/belarmata.insaitika.ru/wp-includes/post-template.php(253): apply_filters()
#23 /var/www/insaitik/data/www/belarmata.insaitika.ru/wp-content/plugins/elementor/modules/page-templates/module.php(190): the_content()
#24 [internal function]: Elementor\Modules\PageTemplates\Module->print_callback()
#25 /var/www/insaitik/data/www/belarmata.insaitika.ru/wp-content/plugins/elementor/modules/page-templates/module.php(207): call_user_func()
#26 /var/www/insaitik/data/www/belarmata.insaitika.ru/wp-content/plugins/elementor/modules/page-templates/templates/header-footer.php(19): Elementor\Modules\PageTemplates\Module->print_content()
#27 /var/www/insaitik/data/www/belarmata.insaitika.ru/wp-includes/template-loader.php(106): include('/var/www/insait...')
#28 /var/www/insaitik/data/www/belarmata.insaitika.ru/wp-blog-header.php(19): require_once('/var/www/insait...')
#29 /var/www/insaitik/data/www/belarmata.insaitika.ru/index.php(17): require('/var/www/insait...')
#30 {main}
  thrown в /var/www/insaitik/data/www/belarmata.insaitika.ru/wp-content/themes/oceanwp-child-theme/parts/tab-sale.php на строке 21

2022-08-28T14:12:00+00:00 CRITICAL syntax error, unexpected token "foreach" в /var/www/insaitik/data/www/belarmata.insaitika.ru/wp-content/themes/oceanwp-child-theme/parts/tab-sale.php на строке 24

2022-08-28T14:12:28+00:00 CRITICAL syntax error, unexpected token "foreach" в /var/www/insaitik/data/www/belarmata.insaitika.ru/wp-content/themes/oceanwp-child-theme/parts/tab-sale.php на строке 24

2022-08-28T16:00:12+00:00 CRITICAL Unclosed '{' on line 21 в /var/www/insaitik/data/www/belarmata.insaitika.ru/wp-content/themes/oceanwp-child-theme/parts/tab-sale.php на строке 73

2022-08-28T16:02:27+00:00 CRITICAL syntax error, unexpected token "endforeach" в /var/www/insaitik/data/www/belarmata.insaitika.ru/wp-content/themes/oceanwp-child-theme/parts/tab-sale.php на строке 35

2022-08-28T16:05:30+00:00 CRITICAL syntax error, unexpected token "endforeach" в /var/www/insaitik/data/www/belarmata.insaitika.ru/wp-content/themes/oceanwp-child-theme/parts/tab-sale.php на строке 32

2022-08-28T16:13:19+00:00 CRITICAL Unclosed '{' on line 21 в /var/www/insaitik/data/www/belarmata.insaitika.ru/wp-content/themes/oceanwp-child-theme/parts/tab-sale.php на строке 68

2022-08-28T16:14:48+00:00 CRITICAL syntax error, unexpected token "<" в /var/www/insaitik/data/www/belarmata.insaitika.ru/wp-content/themes/oceanwp-child-theme/parts/tab-sale.php на строке 21

2022-08-28T16:15:08+00:00 CRITICAL Unclosed '{' on line 20 в /var/www/insaitik/data/www/belarmata.insaitika.ru/wp-content/themes/oceanwp-child-theme/parts/tab-sale.php на строке 68

2022-08-28T20:10:33+00:00 CRITICAL Uncaught Error: Call to a member function get_sku() on array in /var/www/insaitik/data/www/belarmata.insaitika.ru/wp-content/themes/oceanwp-child-theme/perfect-woocommerce-brands/shortcodes/product-carousel.php:30
Stack trace:
#0 /var/www/insaitik/data/www/belarmata.insaitika.ru/wp-content/plugins/perfect-woocommerce-brands/classes/class-perfect-woocommerce-brands.php(990): include()
#1 /var/www/insaitik/data/www/belarmata.insaitika.ru/wp-content/plugins/perfect-woocommerce-brands/classes/shortcodes/class-pwb-product-carousel.php(43): Perfect_Woocommerce_Brands\Perfect_Woocommerce_Brands::render_template()
#2 /var/www/insaitik/data/www/belarmata.insaitika.ru/wp-includes/shortcodes.php(356): Perfect_Woocommerce_Brands\Shortcodes\PWB_Product_Carousel_Shortcode::product_carousel_shortcode()
#3 [internal function]: do_shortcode_tag()
#4 /var/www/insaitik/data/www/belarmata.insaitika.ru/wp-includes/shortcodes.php(228): preg_replace_callback()
#5 /var/www/insaitik/data/www/belarmata.insaitika.ru/wp-content/themes/oceanwp-child-theme/woocommerce/single-product.php(216): do_shortcode()
#6 /var/www/insaitik/data/www/belarmata.insaitika.ru/wp-includes/template-loader.php(106): include('/var/www/insait...')
#7 /var/www/insaitik/data/www/belarmata.insaitika.ru/wp-blog-header.php(19): require_once('/var/www/insait...')
#8 /var/www/insaitik/data/www/belarmata.insaitika.ru/index.php(17): require('/var/www/insait...')
#9 {main}
  thrown в /var/www/insaitik/data/www/belarmata.insaitika.ru/wp-content/themes/oceanwp-child-theme/perfect-woocommerce-brands/shortcodes/product-carousel.php на строке 30

2022-08-28T20:11:59+00:00 CRITICAL Uncaught Error: Call to a member function get_sku() on array in /var/www/insaitik/data/www/belarmata.insaitika.ru/wp-content/themes/oceanwp-child-theme/perfect-woocommerce-brands/shortcodes/product-carousel.php:30
Stack trace:
#0 /var/www/insaitik/data/www/belarmata.insaitika.ru/wp-content/plugins/perfect-woocommerce-brands/classes/class-perfect-woocommerce-brands.php(990): include()
#1 /var/www/insaitik/data/www/belarmata.insaitika.ru/wp-content/plugins/perfect-woocommerce-brands/classes/shortcodes/class-pwb-product-carousel.php(43): Perfect_Woocommerce_Brands\Perfect_Woocommerce_Brands::render_template()
#2 /var/www/insaitik/data/www/belarmata.insaitika.ru/wp-includes/shortcodes.php(356): Perfect_Woocommerce_Brands\Shortcodes\PWB_Product_Carousel_Shortcode::product_carousel_shortcode()
#3 [internal function]: do_shortcode_tag()
#4 /var/www/insaitik/data/www/belarmata.insaitika.ru/wp-includes/shortcodes.php(228): preg_replace_callback()
#5 /var/www/insaitik/data/www/belarmata.insaitika.ru/wp-content/themes/oceanwp-child-theme/woocommerce/single-product.php(216): do_shortcode()
#6 /var/www/insaitik/data/www/belarmata.insaitika.ru/wp-includes/template-loader.php(106): include('/var/www/insait...')
#7 /var/www/insaitik/data/www/belarmata.insaitika.ru/wp-blog-header.php(19): require_once('/var/www/insait...')
#8 /var/www/insaitik/data/www/belarmata.insaitika.ru/index.php(17): require('/var/www/insait...')
#9 {main}
  thrown в /var/www/insaitik/data/www/belarmata.insaitika.ru/wp-content/themes/oceanwp-child-theme/perfect-woocommerce-brands/shortcodes/product-carousel.php на строке 30

2022-08-28T20:12:12+00:00 CRITICAL Uncaught Error: Call to a member function get_sku() on array in /var/www/insaitik/data/www/belarmata.insaitika.ru/wp-content/themes/oceanwp-child-theme/perfect-woocommerce-brands/shortcodes/product-carousel.php:30
Stack trace:
#0 /var/www/insaitik/data/www/belarmata.insaitika.ru/wp-content/plugins/perfect-woocommerce-brands/classes/class-perfect-woocommerce-brands.php(990): include()
#1 /var/www/insaitik/data/www/belarmata.insaitika.ru/wp-content/plugins/perfect-woocommerce-brands/classes/shortcodes/class-pwb-product-carousel.php(43): Perfect_Woocommerce_Brands\Perfect_Woocommerce_Brands::render_template()
#2 /var/www/insaitik/data/www/belarmata.insaitika.ru/wp-includes/shortcodes.php(356): Perfect_Woocommerce_Brands\Shortcodes\PWB_Product_Carousel_Shortcode::product_carousel_shortcode()
#3 [internal function]: do_shortcode_tag()
#4 /var/www/insaitik/data/www/belarmata.insaitika.ru/wp-includes/shortcodes.php(228): preg_replace_callback()
#5 /var/www/insaitik/data/www/belarmata.insaitika.ru/wp-content/themes/oceanwp-child-theme/woocommerce/single-product.php(216): do_shortcode()
#6 /var/www/insaitik/data/www/belarmata.insaitika.ru/wp-includes/template-loader.php(106): include('/var/www/insait...')
#7 /var/www/insaitik/data/www/belarmata.insaitika.ru/wp-blog-header.php(19): require_once('/var/www/insait...')
#8 /var/www/insaitik/data/www/belarmata.insaitika.ru/index.php(17): require('/var/www/insait...')
#9 {main}
  thrown в /var/www/insaitik/data/www/belarmata.insaitika.ru/wp-content/themes/oceanwp-child-theme/perfect-woocommerce-brands/shortcodes/product-carousel.php на строке 30

2022-08-28T20:12:26+00:00 CRITICAL Uncaught Error: Call to a member function get_sku() on array in /var/www/insaitik/data/www/belarmata.insaitika.ru/wp-content/themes/oceanwp-child-theme/perfect-woocommerce-brands/shortcodes/product-carousel.php:30
Stack trace:
#0 /var/www/insaitik/data/www/belarmata.insaitika.ru/wp-content/plugins/perfect-woocommerce-brands/classes/class-perfect-woocommerce-brands.php(990): include()
#1 /var/www/insaitik/data/www/belarmata.insaitika.ru/wp-content/plugins/perfect-woocommerce-brands/classes/shortcodes/class-pwb-product-carousel.php(43): Perfect_Woocommerce_Brands\Perfect_Woocommerce_Brands::render_template()
#2 /var/www/insaitik/data/www/belarmata.insaitika.ru/wp-includes/shortcodes.php(356): Perfect_Woocommerce_Brands\Shortcodes\PWB_Product_Carousel_Shortcode::product_carousel_shortcode()
#3 [internal function]: do_shortcode_tag()
#4 /var/www/insaitik/data/www/belarmata.insaitika.ru/wp-includes/shortcodes.php(228): preg_replace_callback()
#5 /var/www/insaitik/data/www/belarmata.insaitika.ru/wp-content/themes/oceanwp-child-theme/woocommerce/single-product.php(216): do_shortcode()
#6 /var/www/insaitik/data/www/belarmata.insaitika.ru/wp-includes/template-loader.php(106): include('/var/www/insait...')
#7 /var/www/insaitik/data/www/belarmata.insaitika.ru/wp-blog-header.php(19): require_once('/var/www/insait...')
#8 /var/www/insaitik/data/www/belarmata.insaitika.ru/index.php(17): require('/var/www/insait...')
#9 {main}
  thrown в /var/www/insaitik/data/www/belarmata.insaitika.ru/wp-content/themes/oceanwp-child-theme/perfect-woocommerce-brands/shortcodes/product-carousel.php на строке 30

2022-08-28T20:12:56+00:00 CRITICAL Uncaught Error: Call to a member function get_sku() on array in /var/www/insaitik/data/www/belarmata.insaitika.ru/wp-content/themes/oceanwp-child-theme/perfect-woocommerce-brands/shortcodes/product-carousel.php:22
Stack trace:
#0 /var/www/insaitik/data/www/belarmata.insaitika.ru/wp-content/plugins/perfect-woocommerce-brands/classes/class-perfect-woocommerce-brands.php(990): include()
#1 /var/www/insaitik/data/www/belarmata.insaitika.ru/wp-content/plugins/perfect-woocommerce-brands/classes/shortcodes/class-pwb-product-carousel.php(43): Perfect_Woocommerce_Brands\Perfect_Woocommerce_Brands::render_template()
#2 /var/www/insaitik/data/www/belarmata.insaitika.ru/wp-includes/shortcodes.php(356): Perfect_Woocommerce_Brands\Shortcodes\PWB_Product_Carousel_Shortcode::product_carousel_shortcode()
#3 [internal function]: do_shortcode_tag()
#4 /var/www/insaitik/data/www/belarmata.insaitika.ru/wp-includes/shortcodes.php(228): preg_replace_callback()
#5 /var/www/insaitik/data/www/belarmata.insaitika.ru/wp-content/themes/oceanwp-child-theme/woocommerce/single-product.php(216): do_shortcode()
#6 /var/www/insaitik/data/www/belarmata.insaitika.ru/wp-includes/template-loader.php(106): include('/var/www/insait...')
#7 /var/www/insaitik/data/www/belarmata.insaitika.ru/wp-blog-header.php(19): require_once('/var/www/insait...')
#8 /var/www/insaitik/data/www/belarmata.insaitika.ru/index.php(17): require('/var/www/insait...')
#9 {main}
  thrown в /var/www/insaitik/data/www/belarmata.insaitika.ru/wp-content/themes/oceanwp-child-theme/perfect-woocommerce-brands/shortcodes/product-carousel.php на строке 22

2022-08-28T20:13:36+00:00 CRITICAL Uncaught Error: Call to a member function get_sku() on array in /var/www/insaitik/data/www/belarmata.insaitika.ru/wp-content/themes/oceanwp-child-theme/perfect-woocommerce-brands/shortcodes/product-carousel.php:22
Stack trace:
#0 /var/www/insaitik/data/www/belarmata.insaitika.ru/wp-content/plugins/perfect-woocommerce-brands/classes/class-perfect-woocommerce-brands.php(990): include()
#1 /var/www/insaitik/data/www/belarmata.insaitika.ru/wp-content/plugins/perfect-woocommerce-brands/classes/shortcodes/class-pwb-product-carousel.php(43): Perfect_Woocommerce_Brands\Perfect_Woocommerce_Brands::render_template()
#2 /var/www/insaitik/data/www/belarmata.insaitika.ru/wp-includes/shortcodes.php(356): Perfect_Woocommerce_Brands\Shortcodes\PWB_Product_Carousel_Shortcode::product_carousel_shortcode()
#3 [internal function]: do_shortcode_tag()
#4 /var/www/insaitik/data/www/belarmata.insaitika.ru/wp-includes/shortcodes.php(228): preg_replace_callback()
#5 /var/www/insaitik/data/www/belarmata.insaitika.ru/wp-content/themes/oceanwp-child-theme/woocommerce/single-product.php(216): do_shortcode()
#6 /var/www/insaitik/data/www/belarmata.insaitika.ru/wp-includes/template-loader.php(106): include('/var/www/insait...')
#7 /var/www/insaitik/data/www/belarmata.insaitika.ru/wp-blog-header.php(19): require_once('/var/www/insait...')
#8 /var/www/insaitik/data/www/belarmata.insaitika.ru/index.php(17): require('/var/www/insait...')
#9 {main}
  thrown в /var/www/insaitik/data/www/belarmata.insaitika.ru/wp-content/themes/oceanwp-child-theme/perfect-woocommerce-brands/shortcodes/product-carousel.php на строке 22

2022-08-28T20:13:47+00:00 CRITICAL Uncaught Error: Call to a member function get_sku() on array in /var/www/insaitik/data/www/belarmata.insaitika.ru/wp-content/themes/oceanwp-child-theme/perfect-woocommerce-brands/shortcodes/product-carousel.php:22
Stack trace:
#0 /var/www/insaitik/data/www/belarmata.insaitika.ru/wp-content/plugins/perfect-woocommerce-brands/classes/class-perfect-woocommerce-brands.php(990): include()
#1 /var/www/insaitik/data/www/belarmata.insaitika.ru/wp-content/plugins/perfect-woocommerce-brands/classes/shortcodes/class-pwb-product-carousel.php(43): Perfect_Woocommerce_Brands\Perfect_Woocommerce_Brands::render_template()
#2 /var/www/insaitik/data/www/belarmata.insaitika.ru/wp-includes/shortcodes.php(356): Perfect_Woocommerce_Brands\Shortcodes\PWB_Product_Carousel_Shortcode::product_carousel_shortcode()
#3 [internal function]: do_shortcode_tag()
#4 /var/www/insaitik/data/www/belarmata.insaitika.ru/wp-includes/shortcodes.php(228): preg_replace_callback()
#5 /var/www/insaitik/data/www/belarmata.insaitika.ru/wp-content/themes/oceanwp-child-theme/woocommerce/single-product.php(216): do_shortcode()
#6 /var/www/insaitik/data/www/belarmata.insaitika.ru/wp-includes/template-loader.php(106): include('/var/www/insait...')
#7 /var/www/insaitik/data/www/belarmata.insaitika.ru/wp-blog-header.php(19): require_once('/var/www/insait...')
#8 /var/www/insaitik/data/www/belarmata.insaitika.ru/index.php(17): require('/var/www/insait...')
#9 {main}
  thrown в /var/www/insaitik/data/www/belarmata.insaitika.ru/wp-content/themes/oceanwp-child-theme/perfect-woocommerce-brands/shortcodes/product-carousel.php на строке 22

2022-08-28T20:14:02+00:00 CRITICAL Uncaught Error: Call to a member function get_sku() on array in /var/www/insaitik/data/www/belarmata.insaitika.ru/wp-content/themes/oceanwp-child-theme/perfect-woocommerce-brands/shortcodes/product-carousel.php:22
Stack trace:
#0 /var/www/insaitik/data/www/belarmata.insaitika.ru/wp-content/plugins/perfect-woocommerce-brands/classes/class-perfect-woocommerce-brands.php(990): include()
#1 /var/www/insaitik/data/www/belarmata.insaitika.ru/wp-content/plugins/perfect-woocommerce-brands/classes/shortcodes/class-pwb-product-carousel.php(43): Perfect_Woocommerce_Brands\Perfect_Woocommerce_Brands::render_template()
#2 /var/www/insaitik/data/www/belarmata.insaitika.ru/wp-includes/shortcodes.php(356): Perfect_Woocommerce_Brands\Shortcodes\PWB_Product_Carousel_Shortcode::product_carousel_shortcode()
#3 [internal function]: do_shortcode_tag()
#4 /var/www/insaitik/data/www/belarmata.insaitika.ru/wp-includes/shortcodes.php(228): preg_replace_callback()
#5 /var/www/insaitik/data/www/belarmata.insaitika.ru/wp-content/themes/oceanwp-child-theme/woocommerce/single-product.php(216): do_shortcode()
#6 /var/www/insaitik/data/www/belarmata.insaitika.ru/wp-includes/template-loader.php(106): include('/var/www/insait...')
#7 /var/www/insaitik/data/www/belarmata.insaitika.ru/wp-blog-header.php(19): require_once('/var/www/insait...')
#8 /var/www/insaitik/data/www/belarmata.insaitika.ru/index.php(17): require('/var/www/insait...')
#9 {main}
  thrown в /var/www/insaitik/data/www/belarmata.insaitika.ru/wp-content/themes/oceanwp-child-theme/perfect-woocommerce-brands/shortcodes/product-carousel.php на строке 22

2022-08-28T20:25:56+00:00 CRITICAL Uncaught Error: Call to a member function get_sku() on array in /var/www/insaitik/data/www/belarmata.insaitika.ru/wp-content/themes/oceanwp-child-theme/perfect-woocommerce-brands/shortcodes/product-carousel.php:30
Stack trace:
#0 /var/www/insaitik/data/www/belarmata.insaitika.ru/wp-content/plugins/perfect-woocommerce-brands/classes/class-perfect-woocommerce-brands.php(990): include()
#1 /var/www/insaitik/data/www/belarmata.insaitika.ru/wp-content/plugins/perfect-woocommerce-brands/classes/shortcodes/class-pwb-product-carousel.php(43): Perfect_Woocommerce_Brands\Perfect_Woocommerce_Brands::render_template()
#2 /var/www/insaitik/data/www/belarmata.insaitika.ru/wp-includes/shortcodes.php(356): Perfect_Woocommerce_Brands\Shortcodes\PWB_Product_Carousel_Shortcode::product_carousel_shortcode()
#3 [internal function]: do_shortcode_tag()
#4 /var/www/insaitik/data/www/belarmata.insaitika.ru/wp-includes/shortcodes.php(228): preg_replace_callback()
#5 /var/www/insaitik/data/www/belarmata.insaitika.ru/wp-content/themes/oceanwp-child-theme/woocommerce/single-product.php(216): do_shortcode()
#6 /var/www/insaitik/data/www/belarmata.insaitika.ru/wp-includes/template-loader.php(106): include('/var/www/insait...')
#7 /var/www/insaitik/data/www/belarmata.insaitika.ru/wp-blog-header.php(19): require_once('/var/www/insait...')
#8 /var/www/insaitik/data/www/belarmata.insaitika.ru/index.php(17): require('/var/www/insait...')
#9 {main}
  thrown в /var/www/insaitik/data/www/belarmata.insaitika.ru/wp-content/themes/oceanwp-child-theme/perfect-woocommerce-brands/shortcodes/product-carousel.php на строке 30

2022-08-28T20:27:40+00:00 CRITICAL Cannot redeclare shop_sku() (previously declared in /var/www/insaitik/data/www/belarmata.insaitika.ru/wp-content/themes/oceanwp-child-theme/perfect-woocommerce-brands/shortcodes/product-carousel.php:32) в /var/www/insaitik/data/www/belarmata.insaitika.ru/wp-content/themes/oceanwp-child-theme/perfect-woocommerce-brands/shortcodes/product-carousel.php на строке 31

