[2022-09-20 17:27:32] [LOG] Плагин активирован
[2022-09-20 17:27:39] [ERROR] Отключен
[2022-09-20 17:27:39] [ERROR] Array
(
    [type] => 2
    [message] => Constant WP_DEBUG_DISPLAY already defined
    [file] => /var/www/insaitik/data/www/belarmata.insaitika.ru/wp-config.php
    [line] => 104
)

[2022-09-20 17:27:39] [ERROR] Перед вынужденым завершением произошла ошибка (однако, она не была записана в журнал резервного копирования/восстановления)
[2022-09-20 17:27:39] [ERROR] Сообщение об ошибке: Constant WP_DEBUG_DISPLAY already defined
[2022-09-20 17:27:39] [ERROR] Файл/строка ошибки: /var/www/insaitik/data/www/belarmata.insaitika.ru/wp-config.php|104
[2022-09-20 17:27:39] [ERROR] Отключен
[2022-09-20 17:27:39] [ERROR] Array
(
    [type] => 2
    [message] => Constant WP_DEBUG_DISPLAY already defined
    [file] => /var/www/insaitik/data/www/belarmata.insaitika.ru/wp-config.php
    [line] => 104
)

[2022-09-20 17:27:39] [ERROR] Перед вынужденым завершением произошла ошибка (однако, она не была записана в журнал резервного копирования/восстановления)
[2022-09-20 17:27:39] [ERROR] Сообщение об ошибке: Constant WP_DEBUG_DISPLAY already defined
[2022-09-20 17:27:39] [ERROR] Файл/строка ошибки: /var/www/insaitik/data/www/belarmata.insaitika.ru/wp-config.php|104
[2022-09-20 17:27:40] [ERROR] Отключен
[2022-09-20 17:27:40] [ERROR] Array
(
    [type] => 2
    [message] => Constant WP_DEBUG_DISPLAY already defined
    [file] => /var/www/insaitik/data/www/belarmata.insaitika.ru/wp-config.php
    [line] => 104
)

[2022-09-20 17:27:40] [ERROR] Перед вынужденым завершением произошла ошибка (однако, она не была записана в журнал резервного копирования/восстановления)
[2022-09-20 17:27:40] [ERROR] Сообщение об ошибке: Constant WP_DEBUG_DISPLAY already defined
[2022-09-20 17:27:40] [ERROR] Файл/строка ошибки: /var/www/insaitik/data/www/belarmata.insaitika.ru/wp-config.php|104
[2022-09-20 17:27:40] [ERROR] Отключен
[2022-09-20 17:27:40] [ERROR] Array
(
    [type] => 2
    [message] => Constant WP_DEBUG_DISPLAY already defined
    [file] => /var/www/insaitik/data/www/belarmata.insaitika.ru/wp-config.php
    [line] => 104
)

[2022-09-20 17:27:40] [ERROR] Перед вынужденым завершением произошла ошибка (однако, она не была записана в журнал резервного копирования/восстановления)
[2022-09-20 17:27:40] [ERROR] Сообщение об ошибке: Constant WP_DEBUG_DISPLAY already defined
[2022-09-20 17:27:40] [ERROR] Файл/строка ошибки: /var/www/insaitik/data/www/belarmata.insaitika.ru/wp-config.php|104
[2022-09-20 17:27:43] [ERROR] Отключен
[2022-09-20 17:27:43] [ERROR] Array
(
    [type] => 2
    [message] => Constant WP_DEBUG_DISPLAY already defined
    [file] => /var/www/insaitik/data/www/belarmata.insaitika.ru/wp-config.php
    [line] => 104
)

[2022-09-20 17:27:43] [ERROR] Перед вынужденым завершением произошла ошибка (однако, она не была записана в журнал резервного копирования/восстановления)
[2022-09-20 17:27:43] [ERROR] Сообщение об ошибке: Constant WP_DEBUG_DISPLAY already defined
[2022-09-20 17:27:43] [ERROR] Файл/строка ошибки: /var/www/insaitik/data/www/belarmata.insaitika.ru/wp-config.php|104
[2022-09-20 17:27:43] [ERROR] Отключен
[2022-09-20 17:27:43] [ERROR] Array
(
    [type] => 2
    [message] => Constant WP_DEBUG_DISPLAY already defined
    [file] => /var/www/insaitik/data/www/belarmata.insaitika.ru/wp-config.php
    [line] => 104
)

[2022-09-20 17:27:43] [ERROR] Перед вынужденым завершением произошла ошибка (однако, она не была записана в журнал резервного копирования/восстановления)
[2022-09-20 17:27:43] [ERROR] Сообщение об ошибке: Constant WP_DEBUG_DISPLAY already defined
[2022-09-20 17:27:43] [ERROR] Файл/строка ошибки: /var/www/insaitik/data/www/belarmata.insaitika.ru/wp-config.php|104
[2022-09-20 17:27:43] [ERROR] Отключен
[2022-09-20 17:27:43] [ERROR] Array
(
    [type] => 2
    [message] => Constant WP_DEBUG_DISPLAY already defined
    [file] => /var/www/insaitik/data/www/belarmata.insaitika.ru/wp-config.php
    [line] => 104
)

[2022-09-20 17:27:43] [ERROR] Перед вынужденым завершением произошла ошибка (однако, она не была записана в журнал резервного копирования/восстановления)
[2022-09-20 17:27:43] [ERROR] Сообщение об ошибке: Constant WP_DEBUG_DISPLAY already defined
[2022-09-20 17:27:43] [ERROR] Файл/строка ошибки: /var/www/insaitik/data/www/belarmata.insaitika.ru/wp-config.php|104
[2022-09-20 17:27:44] [ERROR] Отключен
[2022-09-20 17:27:44] [ERROR] Array
(
    [type] => 2
    [message] => Constant WP_DEBUG_DISPLAY already defined
    [file] => /var/www/insaitik/data/www/belarmata.insaitika.ru/wp-config.php
    [line] => 104
)

[2022-09-20 17:27:44] [ERROR] Перед вынужденым завершением произошла ошибка (однако, она не была записана в журнал резервного копирования/восстановления)
[2022-09-20 17:27:44] [ERROR] Сообщение об ошибке: Constant WP_DEBUG_DISPLAY already defined
[2022-09-20 17:27:44] [ERROR] Файл/строка ошибки: /var/www/insaitik/data/www/belarmata.insaitika.ru/wp-config.php|104
[2022-09-20 17:27:45] [ERROR] Отключен
[2022-09-20 17:27:45] [ERROR] Array
(
    [type] => 2
    [message] => Constant WP_DEBUG_DISPLAY already defined
    [file] => /var/www/insaitik/data/www/belarmata.insaitika.ru/wp-config.php
    [line] => 104
)

[2022-09-20 17:27:45] [ERROR] Перед вынужденым завершением произошла ошибка (однако, она не была записана в журнал резервного копирования/восстановления)
[2022-09-20 17:27:45] [ERROR] Сообщение об ошибке: Constant WP_DEBUG_DISPLAY already defined
[2022-09-20 17:27:45] [ERROR] Файл/строка ошибки: /var/www/insaitik/data/www/belarmata.insaitika.ru/wp-config.php|104
[2022-09-20 17:27:46] [ERROR] Отключен
[2022-09-20 17:27:46] [ERROR] Array
(
    [type] => 2
    [message] => Constant WP_DEBUG_DISPLAY already defined
    [file] => /var/www/insaitik/data/www/belarmata.insaitika.ru/wp-config.php
    [line] => 104
)

[2022-09-20 17:27:46] [ERROR] Перед вынужденым завершением произошла ошибка (однако, она не была записана в журнал резервного копирования/восстановления)
[2022-09-20 17:27:46] [ERROR] Сообщение об ошибке: Constant WP_DEBUG_DISPLAY already defined
[2022-09-20 17:27:46] [ERROR] Файл/строка ошибки: /var/www/insaitik/data/www/belarmata.insaitika.ru/wp-config.php|104
[2022-09-20 17:27:51] [ERROR] Отключен
[2022-09-20 17:27:51] [ERROR] Array
(
    [type] => 2
    [message] => Constant WP_DEBUG_DISPLAY already defined
    [file] => /var/www/insaitik/data/www/belarmata.insaitika.ru/wp-config.php
    [line] => 104
)

[2022-09-20 17:27:51] [ERROR] Перед вынужденым завершением произошла ошибка (однако, она не была записана в журнал резервного копирования/восстановления)
[2022-09-20 17:27:51] [ERROR] Сообщение об ошибке: Constant WP_DEBUG_DISPLAY already defined
[2022-09-20 17:27:51] [ERROR] Файл/строка ошибки: /var/www/insaitik/data/www/belarmata.insaitika.ru/wp-config.php|104
[2022-09-20 17:27:56] [ERROR] Отключен
[2022-09-20 17:27:56] [ERROR] Array
(
    [type] => 2
    [message] => Constant WP_DEBUG_DISPLAY already defined
    [file] => /var/www/insaitik/data/www/belarmata.insaitika.ru/wp-config.php
    [line] => 104
)

[2022-09-20 17:27:56] [ERROR] Перед вынужденым завершением произошла ошибка (однако, она не была записана в журнал резервного копирования/восстановления)
[2022-09-20 17:27:56] [ERROR] Сообщение об ошибке: Constant WP_DEBUG_DISPLAY already defined
[2022-09-20 17:27:56] [ERROR] Файл/строка ошибки: /var/www/insaitik/data/www/belarmata.insaitika.ru/wp-config.php|104
[2022-09-20 17:28:01] [ERROR] Отключен
[2022-09-20 17:28:01] [ERROR] Array
(
    [type] => 2
    [message] => Constant WP_DEBUG_DISPLAY already defined
    [file] => /var/www/insaitik/data/www/belarmata.insaitika.ru/wp-config.php
    [line] => 104
)

[2022-09-20 17:28:01] [ERROR] Перед вынужденым завершением произошла ошибка (однако, она не была записана в журнал резервного копирования/восстановления)
[2022-09-20 17:28:01] [ERROR] Сообщение об ошибке: Constant WP_DEBUG_DISPLAY already defined
[2022-09-20 17:28:01] [ERROR] Файл/строка ошибки: /var/www/insaitik/data/www/belarmata.insaitika.ru/wp-config.php|104
[2022-09-20 17:28:06] [ERROR] Отключен
[2022-09-20 17:28:06] [ERROR] Array
(
    [type] => 2
    [message] => Constant WP_DEBUG_DISPLAY already defined
    [file] => /var/www/insaitik/data/www/belarmata.insaitika.ru/wp-config.php
    [line] => 104
)

[2022-09-20 17:28:06] [ERROR] Перед вынужденым завершением произошла ошибка (однако, она не была записана в журнал резервного копирования/восстановления)
[2022-09-20 17:28:06] [ERROR] Сообщение об ошибке: Constant WP_DEBUG_DISPLAY already defined
[2022-09-20 17:28:06] [ERROR] Файл/строка ошибки: /var/www/insaitik/data/www/belarmata.insaitika.ru/wp-config.php|104
[2022-09-20 17:28:11] [ERROR] Отключен
[2022-09-20 17:28:11] [ERROR] Array
(
    [type] => 2
    [message] => Constant WP_DEBUG_DISPLAY already defined
    [file] => /var/www/insaitik/data/www/belarmata.insaitika.ru/wp-config.php
    [line] => 104
)

[2022-09-20 17:28:11] [ERROR] Перед вынужденым завершением произошла ошибка (однако, она не была записана в журнал резервного копирования/восстановления)
[2022-09-20 17:28:11] [ERROR] Сообщение об ошибке: Constant WP_DEBUG_DISPLAY already defined
[2022-09-20 17:28:11] [ERROR] Файл/строка ошибки: /var/www/insaitik/data/www/belarmata.insaitika.ru/wp-config.php|104
[2022-09-20 17:28:16] [ERROR] Отключен
[2022-09-20 17:28:16] [ERROR] Array
(
    [type] => 2
    [message] => Constant WP_DEBUG_DISPLAY already defined
    [file] => /var/www/insaitik/data/www/belarmata.insaitika.ru/wp-config.php
    [line] => 104
)

[2022-09-20 17:28:16] [ERROR] Перед вынужденым завершением произошла ошибка (однако, она не была записана в журнал резервного копирования/восстановления)
[2022-09-20 17:28:16] [ERROR] Сообщение об ошибке: Constant WP_DEBUG_DISPLAY already defined
[2022-09-20 17:28:16] [ERROR] Файл/строка ошибки: /var/www/insaitik/data/www/belarmata.insaitika.ru/wp-config.php|104
[2022-09-20 17:28:21] [ERROR] Отключен
[2022-09-20 17:28:21] [ERROR] Array
(
    [type] => 2
    [message] => Constant WP_DEBUG_DISPLAY already defined
    [file] => /var/www/insaitik/data/www/belarmata.insaitika.ru/wp-config.php
    [line] => 104
)

[2022-09-20 17:28:21] [ERROR] Перед вынужденым завершением произошла ошибка (однако, она не была записана в журнал резервного копирования/восстановления)
[2022-09-20 17:28:21] [ERROR] Сообщение об ошибке: Constant WP_DEBUG_DISPLAY already defined
[2022-09-20 17:28:21] [ERROR] Файл/строка ошибки: /var/www/insaitik/data/www/belarmata.insaitika.ru/wp-config.php|104
[2022-09-20 17:28:27] [ERROR] Отключен
[2022-09-20 17:28:27] [ERROR] Array
(
    [type] => 2
    [message] => Constant WP_DEBUG_DISPLAY already defined
    [file] => /var/www/insaitik/data/www/belarmata.insaitika.ru/wp-config.php
    [line] => 104
)

[2022-09-20 17:28:27] [ERROR] Перед вынужденым завершением произошла ошибка (однако, она не была записана в журнал резервного копирования/восстановления)
[2022-09-20 17:28:27] [ERROR] Сообщение об ошибке: Constant WP_DEBUG_DISPLAY already defined
[2022-09-20 17:28:27] [ERROR] Файл/строка ошибки: /var/www/insaitik/data/www/belarmata.insaitika.ru/wp-config.php|104
[2022-09-20 17:28:32] [ERROR] Отключен
[2022-09-20 17:28:32] [ERROR] Array
(
    [type] => 2
    [message] => Constant WP_DEBUG_DISPLAY already defined
    [file] => /var/www/insaitik/data/www/belarmata.insaitika.ru/wp-config.php
    [line] => 104
)

[2022-09-20 17:28:32] [ERROR] Перед вынужденым завершением произошла ошибка (однако, она не была записана в журнал резервного копирования/восстановления)
[2022-09-20 17:28:32] [ERROR] Сообщение об ошибке: Constant WP_DEBUG_DISPLAY already defined
[2022-09-20 17:28:32] [ERROR] Файл/строка ошибки: /var/www/insaitik/data/www/belarmata.insaitika.ru/wp-config.php|104
[2022-09-20 17:28:38] [ERROR] Отключен
[2022-09-20 17:28:38] [ERROR] Array
(
    [type] => 2
    [message] => Constant WP_DEBUG_DISPLAY already defined
    [file] => /var/www/insaitik/data/www/belarmata.insaitika.ru/wp-config.php
    [line] => 104
)

[2022-09-20 17:28:38] [ERROR] Перед вынужденым завершением произошла ошибка (однако, она не была записана в журнал резервного копирования/восстановления)
[2022-09-20 17:28:38] [ERROR] Сообщение об ошибке: Constant WP_DEBUG_DISPLAY already defined
[2022-09-20 17:28:38] [ERROR] Файл/строка ошибки: /var/www/insaitik/data/www/belarmata.insaitika.ru/wp-config.php|104
[2022-09-20 17:28:43] [ERROR] Отключен
[2022-09-20 17:28:43] [ERROR] Array
(
    [type] => 2
    [message] => Constant WP_DEBUG_DISPLAY already defined
    [file] => /var/www/insaitik/data/www/belarmata.insaitika.ru/wp-config.php
    [line] => 104
)

[2022-09-20 17:28:43] [ERROR] Перед вынужденым завершением произошла ошибка (однако, она не была записана в журнал резервного копирования/восстановления)
[2022-09-20 17:28:43] [ERROR] Сообщение об ошибке: Constant WP_DEBUG_DISPLAY already defined
[2022-09-20 17:28:43] [ERROR] Файл/строка ошибки: /var/www/insaitik/data/www/belarmata.insaitika.ru/wp-config.php|104
[2022-09-20 17:28:48] [ERROR] Отключен
[2022-09-20 17:28:48] [ERROR] Array
(
    [type] => 2
    [message] => Constant WP_DEBUG_DISPLAY already defined
    [file] => /var/www/insaitik/data/www/belarmata.insaitika.ru/wp-config.php
    [line] => 104
)

[2022-09-20 17:28:48] [ERROR] Перед вынужденым завершением произошла ошибка (однако, она не была записана в журнал резервного копирования/восстановления)
[2022-09-20 17:28:48] [ERROR] Сообщение об ошибке: Constant WP_DEBUG_DISPLAY already defined
[2022-09-20 17:28:48] [ERROR] Файл/строка ошибки: /var/www/insaitik/data/www/belarmata.insaitika.ru/wp-config.php|104
[2022-09-20 17:28:53] [ERROR] Отключен
[2022-09-20 17:28:53] [ERROR] Array
(
    [type] => 2
    [message] => Constant WP_DEBUG_DISPLAY already defined
    [file] => /var/www/insaitik/data/www/belarmata.insaitika.ru/wp-config.php
    [line] => 104
)

[2022-09-20 17:28:53] [ERROR] Перед вынужденым завершением произошла ошибка (однако, она не была записана в журнал резервного копирования/восстановления)
[2022-09-20 17:28:53] [ERROR] Сообщение об ошибке: Constant WP_DEBUG_DISPLAY already defined
[2022-09-20 17:28:53] [ERROR] Файл/строка ошибки: /var/www/insaitik/data/www/belarmata.insaitika.ru/wp-config.php|104
[2022-09-20 17:28:58] [ERROR] Отключен
[2022-09-20 17:28:58] [ERROR] Array
(
    [type] => 2
    [message] => Constant WP_DEBUG_DISPLAY already defined
    [file] => /var/www/insaitik/data/www/belarmata.insaitika.ru/wp-config.php
    [line] => 104
)

[2022-09-20 17:28:58] [ERROR] Перед вынужденым завершением произошла ошибка (однако, она не была записана в журнал резервного копирования/восстановления)
[2022-09-20 17:28:58] [ERROR] Сообщение об ошибке: Constant WP_DEBUG_DISPLAY already defined
[2022-09-20 17:28:58] [ERROR] Файл/строка ошибки: /var/www/insaitik/data/www/belarmata.insaitika.ru/wp-config.php|104
[2022-09-20 17:29:04] [ERROR] Отключен
[2022-09-20 17:29:04] [ERROR] Array
(
    [type] => 2
    [message] => Constant WP_DEBUG_DISPLAY already defined
    [file] => /var/www/insaitik/data/www/belarmata.insaitika.ru/wp-config.php
    [line] => 104
)

[2022-09-20 17:29:04] [ERROR] Перед вынужденым завершением произошла ошибка (однако, она не была записана в журнал резервного копирования/восстановления)
[2022-09-20 17:29:04] [ERROR] Сообщение об ошибке: Constant WP_DEBUG_DISPLAY already defined
[2022-09-20 17:29:04] [ERROR] Файл/строка ошибки: /var/www/insaitik/data/www/belarmata.insaitika.ru/wp-config.php|104
[2022-09-20 17:29:09] [ERROR] Отключен
[2022-09-20 17:29:09] [ERROR] Array
(
    [type] => 2
    [message] => Constant WP_DEBUG_DISPLAY already defined
    [file] => /var/www/insaitik/data/www/belarmata.insaitika.ru/wp-config.php
    [line] => 104
)

[2022-09-20 17:29:09] [ERROR] Перед вынужденым завершением произошла ошибка (однако, она не была записана в журнал резервного копирования/восстановления)
[2022-09-20 17:29:09] [ERROR] Сообщение об ошибке: Constant WP_DEBUG_DISPLAY already defined
[2022-09-20 17:29:09] [ERROR] Файл/строка ошибки: /var/www/insaitik/data/www/belarmata.insaitika.ru/wp-config.php|104
[2022-09-20 17:29:14] [ERROR] Отключен
[2022-09-20 17:29:14] [ERROR] Array
(
    [type] => 2
    [message] => Constant WP_DEBUG_DISPLAY already defined
    [file] => /var/www/insaitik/data/www/belarmata.insaitika.ru/wp-config.php
    [line] => 104
)

[2022-09-20 17:29:14] [ERROR] Перед вынужденым завершением произошла ошибка (однако, она не была записана в журнал резервного копирования/восстановления)
[2022-09-20 17:29:14] [ERROR] Сообщение об ошибке: Constant WP_DEBUG_DISPLAY already defined
[2022-09-20 17:29:14] [ERROR] Файл/строка ошибки: /var/www/insaitik/data/www/belarmata.insaitika.ru/wp-config.php|104
[2022-09-20 17:29:19] [ERROR] Отключен
[2022-09-20 17:29:19] [ERROR] Array
(
    [type] => 2
    [message] => Constant WP_DEBUG_DISPLAY already defined
    [file] => /var/www/insaitik/data/www/belarmata.insaitika.ru/wp-config.php
    [line] => 104
)

[2022-09-20 17:29:19] [ERROR] Перед вынужденым завершением произошла ошибка (однако, она не была записана в журнал резервного копирования/восстановления)
[2022-09-20 17:29:19] [ERROR] Сообщение об ошибке: Constant WP_DEBUG_DISPLAY already defined
[2022-09-20 17:29:19] [ERROR] Файл/строка ошибки: /var/www/insaitik/data/www/belarmata.insaitika.ru/wp-config.php|104
[2022-09-20 17:29:25] [ERROR] Отключен
[2022-09-20 17:29:25] [ERROR] Array
(
    [type] => 2
    [message] => Constant WP_DEBUG_DISPLAY already defined
    [file] => /var/www/insaitik/data/www/belarmata.insaitika.ru/wp-config.php
    [line] => 104
)

[2022-09-20 17:29:25] [ERROR] Перед вынужденым завершением произошла ошибка (однако, она не была записана в журнал резервного копирования/восстановления)
[2022-09-20 17:29:25] [ERROR] Сообщение об ошибке: Constant WP_DEBUG_DISPLAY already defined
[2022-09-20 17:29:25] [ERROR] Файл/строка ошибки: /var/www/insaitik/data/www/belarmata.insaitika.ru/wp-config.php|104
[2022-09-20 17:29:30] [ERROR] Отключен
[2022-09-20 17:29:30] [ERROR] Array
(
    [type] => 2
    [message] => Constant WP_DEBUG_DISPLAY already defined
    [file] => /var/www/insaitik/data/www/belarmata.insaitika.ru/wp-config.php
    [line] => 104
)

[2022-09-20 17:29:30] [ERROR] Перед вынужденым завершением произошла ошибка (однако, она не была записана в журнал резервного копирования/восстановления)
[2022-09-20 17:29:30] [ERROR] Сообщение об ошибке: Constant WP_DEBUG_DISPLAY already defined
[2022-09-20 17:29:30] [ERROR] Файл/строка ошибки: /var/www/insaitik/data/www/belarmata.insaitika.ru/wp-config.php|104
[2022-09-20 17:29:35] [ERROR] Отключен
[2022-09-20 17:29:35] [ERROR] Array
(
    [type] => 2
    [message] => Constant WP_DEBUG_DISPLAY already defined
    [file] => /var/www/insaitik/data/www/belarmata.insaitika.ru/wp-config.php
    [line] => 104
)

[2022-09-20 17:29:35] [ERROR] Перед вынужденым завершением произошла ошибка (однако, она не была записана в журнал резервного копирования/восстановления)
[2022-09-20 17:29:35] [ERROR] Сообщение об ошибке: Constant WP_DEBUG_DISPLAY already defined
[2022-09-20 17:29:35] [ERROR] Файл/строка ошибки: /var/www/insaitik/data/www/belarmata.insaitika.ru/wp-config.php|104
[2022-09-20 17:29:40] [ERROR] Отключен
[2022-09-20 17:29:40] [ERROR] Array
(
    [type] => 2
    [message] => Constant WP_DEBUG_DISPLAY already defined
    [file] => /var/www/insaitik/data/www/belarmata.insaitika.ru/wp-config.php
    [line] => 104
)

[2022-09-20 17:29:40] [ERROR] Перед вынужденым завершением произошла ошибка (однако, она не была записана в журнал резервного копирования/восстановления)
[2022-09-20 17:29:40] [ERROR] Сообщение об ошибке: Constant WP_DEBUG_DISPLAY already defined
[2022-09-20 17:29:40] [ERROR] Файл/строка ошибки: /var/www/insaitik/data/www/belarmata.insaitika.ru/wp-config.php|104
[2022-09-20 17:29:45] [ERROR] Отключен
[2022-09-20 17:29:45] [ERROR] Array
(
    [type] => 2
    [message] => Constant WP_DEBUG_DISPLAY already defined
    [file] => /var/www/insaitik/data/www/belarmata.insaitika.ru/wp-config.php
    [line] => 104
)

[2022-09-20 17:29:45] [ERROR] Перед вынужденым завершением произошла ошибка (однако, она не была записана в журнал резервного копирования/восстановления)
[2022-09-20 17:29:45] [ERROR] Сообщение об ошибке: Constant WP_DEBUG_DISPLAY already defined
[2022-09-20 17:29:45] [ERROR] Файл/строка ошибки: /var/www/insaitik/data/www/belarmata.insaitika.ru/wp-config.php|104
[2022-09-20 17:29:51] [ERROR] Отключен
[2022-09-20 17:29:51] [ERROR] Array
(
    [type] => 2
    [message] => Constant WP_DEBUG_DISPLAY already defined
    [file] => /var/www/insaitik/data/www/belarmata.insaitika.ru/wp-config.php
    [line] => 104
)

[2022-09-20 17:29:51] [ERROR] Перед вынужденым завершением произошла ошибка (однако, она не была записана в журнал резервного копирования/восстановления)
[2022-09-20 17:29:51] [ERROR] Сообщение об ошибке: Constant WP_DEBUG_DISPLAY already defined
[2022-09-20 17:29:51] [ERROR] Файл/строка ошибки: /var/www/insaitik/data/www/belarmata.insaitika.ru/wp-config.php|104
[2022-09-20 17:29:56] [ERROR] Отключен
[2022-09-20 17:29:56] [ERROR] Array
(
    [type] => 2
    [message] => Constant WP_DEBUG_DISPLAY already defined
    [file] => /var/www/insaitik/data/www/belarmata.insaitika.ru/wp-config.php
    [line] => 104
)

[2022-09-20 17:29:56] [ERROR] Перед вынужденым завершением произошла ошибка (однако, она не была записана в журнал резервного копирования/восстановления)
[2022-09-20 17:29:56] [ERROR] Сообщение об ошибке: Constant WP_DEBUG_DISPLAY already defined
[2022-09-20 17:29:56] [ERROR] Файл/строка ошибки: /var/www/insaitik/data/www/belarmata.insaitika.ru/wp-config.php|104
[2022-09-20 17:30:01] [ERROR] Отключен
[2022-09-20 17:30:01] [ERROR] Array
(
    [type] => 2
    [message] => Constant WP_DEBUG_DISPLAY already defined
    [file] => /var/www/insaitik/data/www/belarmata.insaitika.ru/wp-config.php
    [line] => 104
)

[2022-09-20 17:30:01] [ERROR] Перед вынужденым завершением произошла ошибка (однако, она не была записана в журнал резервного копирования/восстановления)
[2022-09-20 17:30:01] [ERROR] Сообщение об ошибке: Constant WP_DEBUG_DISPLAY already defined
[2022-09-20 17:30:01] [ERROR] Файл/строка ошибки: /var/www/insaitik/data/www/belarmata.insaitika.ru/wp-config.php|104
[2022-09-20 17:30:06] [ERROR] Отключен
[2022-09-20 17:30:06] [ERROR] Array
(
    [type] => 2
    [message] => Constant WP_DEBUG_DISPLAY already defined
    [file] => /var/www/insaitik/data/www/belarmata.insaitika.ru/wp-config.php
    [line] => 104
)

[2022-09-20 17:30:06] [ERROR] Перед вынужденым завершением произошла ошибка (однако, она не была записана в журнал резервного копирования/восстановления)
[2022-09-20 17:30:06] [ERROR] Сообщение об ошибке: Constant WP_DEBUG_DISPLAY already defined
[2022-09-20 17:30:06] [ERROR] Файл/строка ошибки: /var/www/insaitik/data/www/belarmata.insaitika.ru/wp-config.php|104
[2022-09-20 17:30:12] [ERROR] Отключен
[2022-09-20 17:30:12] [ERROR] Array
(
    [type] => 2
    [message] => Constant WP_DEBUG_DISPLAY already defined
    [file] => /var/www/insaitik/data/www/belarmata.insaitika.ru/wp-config.php
    [line] => 104
)

[2022-09-20 17:30:12] [ERROR] Перед вынужденым завершением произошла ошибка (однако, она не была записана в журнал резервного копирования/восстановления)
[2022-09-20 17:30:12] [ERROR] Сообщение об ошибке: Constant WP_DEBUG_DISPLAY already defined
[2022-09-20 17:30:12] [ERROR] Файл/строка ошибки: /var/www/insaitik/data/www/belarmata.insaitika.ru/wp-config.php|104
[2022-09-20 17:30:18] [ERROR] Отключен
[2022-09-20 17:30:18] [ERROR] Array
(
    [type] => 2
    [message] => Constant WP_DEBUG_DISPLAY already defined
    [file] => /var/www/insaitik/data/www/belarmata.insaitika.ru/wp-config.php
    [line] => 104
)

[2022-09-20 17:30:18] [ERROR] Перед вынужденым завершением произошла ошибка (однако, она не была записана в журнал резервного копирования/восстановления)
[2022-09-20 17:30:18] [ERROR] Сообщение об ошибке: Constant WP_DEBUG_DISPLAY already defined
[2022-09-20 17:30:18] [ERROR] Файл/строка ошибки: /var/www/insaitik/data/www/belarmata.insaitika.ru/wp-config.php|104
[2022-09-20 17:30:24] [ERROR] Отключен
[2022-09-20 17:30:24] [ERROR] Array
(
    [type] => 2
    [message] => Constant WP_DEBUG_DISPLAY already defined
    [file] => /var/www/insaitik/data/www/belarmata.insaitika.ru/wp-config.php
    [line] => 104
)

[2022-09-20 17:30:24] [ERROR] Перед вынужденым завершением произошла ошибка (однако, она не была записана в журнал резервного копирования/восстановления)
[2022-09-20 17:30:24] [ERROR] Сообщение об ошибке: Constant WP_DEBUG_DISPLAY already defined
[2022-09-20 17:30:24] [ERROR] Файл/строка ошибки: /var/www/insaitik/data/www/belarmata.insaitika.ru/wp-config.php|104
[2022-09-20 17:30:32] [ERROR] Отключен
[2022-09-20 17:30:32] [ERROR] Array
(
    [type] => 2
    [message] => Constant WP_DEBUG_DISPLAY already defined
    [file] => /var/www/insaitik/data/www/belarmata.insaitika.ru/wp-config.php
    [line] => 104
)

[2022-09-20 17:30:32] [ERROR] Перед вынужденым завершением произошла ошибка (однако, она не была записана в журнал резервного копирования/восстановления)
[2022-09-20 17:30:32] [ERROR] Сообщение об ошибке: Constant WP_DEBUG_DISPLAY already defined
[2022-09-20 17:30:32] [ERROR] Файл/строка ошибки: /var/www/insaitik/data/www/belarmata.insaitika.ru/wp-config.php|104
[2022-09-20 17:30:37] [ERROR] Отключен
[2022-09-20 17:30:37] [ERROR] Array
(
    [type] => 2
    [message] => Constant WP_DEBUG_DISPLAY already defined
    [file] => /var/www/insaitik/data/www/belarmata.insaitika.ru/wp-config.php
    [line] => 104
)

[2022-09-20 17:30:37] [ERROR] Перед вынужденым завершением произошла ошибка (однако, она не была записана в журнал резервного копирования/восстановления)
[2022-09-20 17:30:37] [ERROR] Сообщение об ошибке: Constant WP_DEBUG_DISPLAY already defined
[2022-09-20 17:30:37] [ERROR] Файл/строка ошибки: /var/www/insaitik/data/www/belarmata.insaitika.ru/wp-config.php|104
[2022-09-20 17:30:43] [ERROR] Отключен
[2022-09-20 17:30:43] [ERROR] Array
(
    [type] => 2
    [message] => Constant WP_DEBUG_DISPLAY already defined
    [file] => /var/www/insaitik/data/www/belarmata.insaitika.ru/wp-config.php
    [line] => 104
)

[2022-09-20 17:30:43] [ERROR] Перед вынужденым завершением произошла ошибка (однако, она не была записана в журнал резервного копирования/восстановления)
[2022-09-20 17:30:43] [ERROR] Сообщение об ошибке: Constant WP_DEBUG_DISPLAY already defined
[2022-09-20 17:30:43] [ERROR] Файл/строка ошибки: /var/www/insaitik/data/www/belarmata.insaitika.ru/wp-config.php|104
[2022-09-20 17:30:49] [ERROR] Отключен
[2022-09-20 17:30:49] [ERROR] Array
(
    [type] => 2
    [message] => Constant WP_DEBUG_DISPLAY already defined
    [file] => /var/www/insaitik/data/www/belarmata.insaitika.ru/wp-config.php
    [line] => 104
)

[2022-09-20 17:30:49] [ERROR] Перед вынужденым завершением произошла ошибка (однако, она не была записана в журнал резервного копирования/восстановления)
[2022-09-20 17:30:49] [ERROR] Сообщение об ошибке: Constant WP_DEBUG_DISPLAY already defined
[2022-09-20 17:30:49] [ERROR] Файл/строка ошибки: /var/www/insaitik/data/www/belarmata.insaitika.ru/wp-config.php|104
[2022-09-20 17:30:55] [ERROR] Отключен
[2022-09-20 17:30:55] [ERROR] Array
(
    [type] => 2
    [message] => Constant WP_DEBUG_DISPLAY already defined
    [file] => /var/www/insaitik/data/www/belarmata.insaitika.ru/wp-config.php
    [line] => 104
)

[2022-09-20 17:30:55] [ERROR] Перед вынужденым завершением произошла ошибка (однако, она не была записана в журнал резервного копирования/восстановления)
[2022-09-20 17:30:55] [ERROR] Сообщение об ошибке: Constant WP_DEBUG_DISPLAY already defined
[2022-09-20 17:30:55] [ERROR] Файл/строка ошибки: /var/www/insaitik/data/www/belarmata.insaitika.ru/wp-config.php|104
[2022-09-20 17:31:01] [ERROR] Отключен
[2022-09-20 17:31:01] [ERROR] Array
(
    [type] => 2
    [message] => Constant WP_DEBUG_DISPLAY already defined
    [file] => /var/www/insaitik/data/www/belarmata.insaitika.ru/wp-config.php
    [line] => 104
)

[2022-09-20 17:31:01] [ERROR] Перед вынужденым завершением произошла ошибка (однако, она не была записана в журнал резервного копирования/восстановления)
[2022-09-20 17:31:01] [ERROR] Сообщение об ошибке: Constant WP_DEBUG_DISPLAY already defined
[2022-09-20 17:31:01] [ERROR] Файл/строка ошибки: /var/www/insaitik/data/www/belarmata.insaitika.ru/wp-config.php|104
[2022-09-20 17:31:07] [ERROR] Отключен
[2022-09-20 17:31:07] [ERROR] Array
(
    [type] => 2
    [message] => Constant WP_DEBUG_DISPLAY already defined
    [file] => /var/www/insaitik/data/www/belarmata.insaitika.ru/wp-config.php
    [line] => 104
)

[2022-09-20 17:31:07] [ERROR] Перед вынужденым завершением произошла ошибка (однако, она не была записана в журнал резервного копирования/восстановления)
[2022-09-20 17:31:07] [ERROR] Сообщение об ошибке: Constant WP_DEBUG_DISPLAY already defined
[2022-09-20 17:31:07] [ERROR] Файл/строка ошибки: /var/www/insaitik/data/www/belarmata.insaitika.ru/wp-config.php|104
[2022-09-20 17:31:13] [ERROR] Отключен
[2022-09-20 17:31:13] [ERROR] Array
(
    [type] => 2
    [message] => Constant WP_DEBUG_DISPLAY already defined
    [file] => /var/www/insaitik/data/www/belarmata.insaitika.ru/wp-config.php
    [line] => 104
)

[2022-09-20 17:31:13] [ERROR] Перед вынужденым завершением произошла ошибка (однако, она не была записана в журнал резервного копирования/восстановления)
[2022-09-20 17:31:13] [ERROR] Сообщение об ошибке: Constant WP_DEBUG_DISPLAY already defined
[2022-09-20 17:31:13] [ERROR] Файл/строка ошибки: /var/www/insaitik/data/www/belarmata.insaitika.ru/wp-config.php|104
[2022-09-20 17:31:19] [ERROR] Отключен
[2022-09-20 17:31:19] [ERROR] Array
(
    [type] => 2
    [message] => Constant WP_DEBUG_DISPLAY already defined
    [file] => /var/www/insaitik/data/www/belarmata.insaitika.ru/wp-config.php
    [line] => 104
)

[2022-09-20 17:31:19] [ERROR] Перед вынужденым завершением произошла ошибка (однако, она не была записана в журнал резервного копирования/восстановления)
[2022-09-20 17:31:19] [ERROR] Сообщение об ошибке: Constant WP_DEBUG_DISPLAY already defined
[2022-09-20 17:31:19] [ERROR] Файл/строка ошибки: /var/www/insaitik/data/www/belarmata.insaitika.ru/wp-config.php|104
[2022-09-20 17:31:25] [ERROR] Отключен
[2022-09-20 17:31:25] [ERROR] Array
(
    [type] => 2
    [message] => Constant WP_DEBUG_DISPLAY already defined
    [file] => /var/www/insaitik/data/www/belarmata.insaitika.ru/wp-config.php
    [line] => 104
)

[2022-09-20 17:31:25] [ERROR] Перед вынужденым завершением произошла ошибка (однако, она не была записана в журнал резервного копирования/восстановления)
[2022-09-20 17:31:25] [ERROR] Сообщение об ошибке: Constant WP_DEBUG_DISPLAY already defined
[2022-09-20 17:31:25] [ERROR] Файл/строка ошибки: /var/www/insaitik/data/www/belarmata.insaitika.ru/wp-config.php|104
[2022-09-20 17:31:31] [ERROR] Отключен
[2022-09-20 17:31:31] [ERROR] Array
(
    [type] => 2
    [message] => Constant WP_DEBUG_DISPLAY already defined
    [file] => /var/www/insaitik/data/www/belarmata.insaitika.ru/wp-config.php
    [line] => 104
)

[2022-09-20 17:31:31] [ERROR] Перед вынужденым завершением произошла ошибка (однако, она не была записана в журнал резервного копирования/восстановления)
[2022-09-20 17:31:31] [ERROR] Сообщение об ошибке: Constant WP_DEBUG_DISPLAY already defined
[2022-09-20 17:31:31] [ERROR] Файл/строка ошибки: /var/www/insaitik/data/www/belarmata.insaitika.ru/wp-config.php|104
[2022-09-20 17:31:37] [ERROR] Отключен
[2022-09-20 17:31:37] [ERROR] Array
(
    [type] => 2
    [message] => Constant WP_DEBUG_DISPLAY already defined
    [file] => /var/www/insaitik/data/www/belarmata.insaitika.ru/wp-config.php
    [line] => 104
)

[2022-09-20 17:31:37] [ERROR] Перед вынужденым завершением произошла ошибка (однако, она не была записана в журнал резервного копирования/восстановления)
[2022-09-20 17:31:37] [ERROR] Сообщение об ошибке: Constant WP_DEBUG_DISPLAY already defined
[2022-09-20 17:31:37] [ERROR] Файл/строка ошибки: /var/www/insaitik/data/www/belarmata.insaitika.ru/wp-config.php|104
[2022-09-20 17:31:43] [ERROR] Отключен
[2022-09-20 17:31:43] [ERROR] Array
(
    [type] => 2
    [message] => Constant WP_DEBUG_DISPLAY already defined
    [file] => /var/www/insaitik/data/www/belarmata.insaitika.ru/wp-config.php
    [line] => 104
)

[2022-09-20 17:31:43] [ERROR] Перед вынужденым завершением произошла ошибка (однако, она не была записана в журнал резервного копирования/восстановления)
[2022-09-20 17:31:43] [ERROR] Сообщение об ошибке: Constant WP_DEBUG_DISPLAY already defined
[2022-09-20 17:31:43] [ERROR] Файл/строка ошибки: /var/www/insaitik/data/www/belarmata.insaitika.ru/wp-config.php|104
[2022-09-20 17:31:49] [ERROR] Отключен
[2022-09-20 17:31:49] [ERROR] Array
(
    [type] => 2
    [message] => Constant WP_DEBUG_DISPLAY already defined
    [file] => /var/www/insaitik/data/www/belarmata.insaitika.ru/wp-config.php
    [line] => 104
)

[2022-09-20 17:31:49] [ERROR] Перед вынужденым завершением произошла ошибка (однако, она не была записана в журнал резервного копирования/восстановления)
[2022-09-20 17:31:49] [ERROR] Сообщение об ошибке: Constant WP_DEBUG_DISPLAY already defined
[2022-09-20 17:31:49] [ERROR] Файл/строка ошибки: /var/www/insaitik/data/www/belarmata.insaitika.ru/wp-config.php|104
[2022-09-20 17:31:55] [ERROR] Отключен
[2022-09-20 17:31:55] [ERROR] Array
(
    [type] => 2
    [message] => Constant WP_DEBUG_DISPLAY already defined
    [file] => /var/www/insaitik/data/www/belarmata.insaitika.ru/wp-config.php
    [line] => 104
)

[2022-09-20 17:31:55] [ERROR] Перед вынужденым завершением произошла ошибка (однако, она не была записана в журнал резервного копирования/восстановления)
[2022-09-20 17:31:55] [ERROR] Сообщение об ошибке: Constant WP_DEBUG_DISPLAY already defined
[2022-09-20 17:31:55] [ERROR] Файл/строка ошибки: /var/www/insaitik/data/www/belarmata.insaitika.ru/wp-config.php|104
[2022-09-20 17:32:01] [ERROR] Отключен
[2022-09-20 17:32:01] [ERROR] Array
(
    [type] => 2
    [message] => Constant WP_DEBUG_DISPLAY already defined
    [file] => /var/www/insaitik/data/www/belarmata.insaitika.ru/wp-config.php
    [line] => 104
)

[2022-09-20 17:32:01] [ERROR] Перед вынужденым завершением произошла ошибка (однако, она не была записана в журнал резервного копирования/восстановления)
[2022-09-20 17:32:01] [ERROR] Сообщение об ошибке: Constant WP_DEBUG_DISPLAY already defined
[2022-09-20 17:32:01] [ERROR] Файл/строка ошибки: /var/www/insaitik/data/www/belarmata.insaitika.ru/wp-config.php|104
[2022-09-20 17:32:07] [ERROR] Отключен
[2022-09-20 17:32:07] [ERROR] Array
(
    [type] => 2
    [message] => Constant WP_DEBUG_DISPLAY already defined
    [file] => /var/www/insaitik/data/www/belarmata.insaitika.ru/wp-config.php
    [line] => 104
)

[2022-09-20 17:32:07] [ERROR] Перед вынужденым завершением произошла ошибка (однако, она не была записана в журнал резервного копирования/восстановления)
[2022-09-20 17:32:07] [ERROR] Сообщение об ошибке: Constant WP_DEBUG_DISPLAY already defined
[2022-09-20 17:32:07] [ERROR] Файл/строка ошибки: /var/www/insaitik/data/www/belarmata.insaitika.ru/wp-config.php|104
[2022-09-20 17:32:13] [ERROR] Отключен
[2022-09-20 17:32:13] [ERROR] Array
(
    [type] => 2
    [message] => Constant WP_DEBUG_DISPLAY already defined
    [file] => /var/www/insaitik/data/www/belarmata.insaitika.ru/wp-config.php
    [line] => 104
)

[2022-09-20 17:32:13] [ERROR] Перед вынужденым завершением произошла ошибка (однако, она не была записана в журнал резервного копирования/восстановления)
[2022-09-20 17:32:13] [ERROR] Сообщение об ошибке: Constant WP_DEBUG_DISPLAY already defined
[2022-09-20 17:32:13] [ERROR] Файл/строка ошибки: /var/www/insaitik/data/www/belarmata.insaitika.ru/wp-config.php|104
[2022-09-20 17:32:19] [ERROR] Отключен
[2022-09-20 17:32:19] [ERROR] Array
(
    [type] => 2
    [message] => Constant WP_DEBUG_DISPLAY already defined
    [file] => /var/www/insaitik/data/www/belarmata.insaitika.ru/wp-config.php
    [line] => 104
)

[2022-09-20 17:32:19] [ERROR] Перед вынужденым завершением произошла ошибка (однако, она не была записана в журнал резервного копирования/восстановления)
[2022-09-20 17:32:19] [ERROR] Сообщение об ошибке: Constant WP_DEBUG_DISPLAY already defined
[2022-09-20 17:32:19] [ERROR] Файл/строка ошибки: /var/www/insaitik/data/www/belarmata.insaitika.ru/wp-config.php|104
[2022-09-20 17:32:25] [ERROR] Отключен
[2022-09-20 17:32:25] [ERROR] Array
(
    [type] => 2
    [message] => Constant WP_DEBUG_DISPLAY already defined
    [file] => /var/www/insaitik/data/www/belarmata.insaitika.ru/wp-config.php
    [line] => 104
)

[2022-09-20 17:32:25] [ERROR] Перед вынужденым завершением произошла ошибка (однако, она не была записана в журнал резервного копирования/восстановления)
[2022-09-20 17:32:25] [ERROR] Сообщение об ошибке: Constant WP_DEBUG_DISPLAY already defined
[2022-09-20 17:32:25] [ERROR] Файл/строка ошибки: /var/www/insaitik/data/www/belarmata.insaitika.ru/wp-config.php|104
[2022-09-20 17:32:31] [ERROR] Отключен
[2022-09-20 17:32:31] [ERROR] Array
(
    [type] => 2
    [message] => Constant WP_DEBUG_DISPLAY already defined
    [file] => /var/www/insaitik/data/www/belarmata.insaitika.ru/wp-config.php
    [line] => 104
)

[2022-09-20 17:32:31] [ERROR] Перед вынужденым завершением произошла ошибка (однако, она не была записана в журнал резервного копирования/восстановления)
[2022-09-20 17:32:31] [ERROR] Сообщение об ошибке: Constant WP_DEBUG_DISPLAY already defined
[2022-09-20 17:32:31] [ERROR] Файл/строка ошибки: /var/www/insaitik/data/www/belarmata.insaitika.ru/wp-config.php|104
[2022-09-20 17:32:37] [ERROR] Отключен
[2022-09-20 17:32:37] [ERROR] Array
(
    [type] => 2
    [message] => Constant WP_DEBUG_DISPLAY already defined
    [file] => /var/www/insaitik/data/www/belarmata.insaitika.ru/wp-config.php
    [line] => 104
)

[2022-09-20 17:32:37] [ERROR] Перед вынужденым завершением произошла ошибка (однако, она не была записана в журнал резервного копирования/восстановления)
[2022-09-20 17:32:37] [ERROR] Сообщение об ошибке: Constant WP_DEBUG_DISPLAY already defined
[2022-09-20 17:32:37] [ERROR] Файл/строка ошибки: /var/www/insaitik/data/www/belarmata.insaitika.ru/wp-config.php|104
[2022-09-20 17:32:43] [ERROR] Отключен
[2022-09-20 17:32:43] [ERROR] Array
(
    [type] => 2
    [message] => Constant WP_DEBUG_DISPLAY already defined
    [file] => /var/www/insaitik/data/www/belarmata.insaitika.ru/wp-config.php
    [line] => 104
)

[2022-09-20 17:32:43] [ERROR] Перед вынужденым завершением произошла ошибка (однако, она не была записана в журнал резервного копирования/восстановления)
[2022-09-20 17:32:43] [ERROR] Сообщение об ошибке: Constant WP_DEBUG_DISPLAY already defined
[2022-09-20 17:32:43] [ERROR] Файл/строка ошибки: /var/www/insaitik/data/www/belarmata.insaitika.ru/wp-config.php|104
[2022-09-20 17:32:49] [ERROR] Отключен
[2022-09-20 17:32:49] [ERROR] Array
(
    [type] => 2
    [message] => Constant WP_DEBUG_DISPLAY already defined
    [file] => /var/www/insaitik/data/www/belarmata.insaitika.ru/wp-config.php
    [line] => 104
)

[2022-09-20 17:32:49] [ERROR] Перед вынужденым завершением произошла ошибка (однако, она не была записана в журнал резервного копирования/восстановления)
[2022-09-20 17:32:49] [ERROR] Сообщение об ошибке: Constant WP_DEBUG_DISPLAY already defined
[2022-09-20 17:32:49] [ERROR] Файл/строка ошибки: /var/www/insaitik/data/www/belarmata.insaitika.ru/wp-config.php|104
[2022-09-20 17:32:55] [ERROR] Отключен
[2022-09-20 17:32:55] [ERROR] Array
(
    [type] => 2
    [message] => Constant WP_DEBUG_DISPLAY already defined
    [file] => /var/www/insaitik/data/www/belarmata.insaitika.ru/wp-config.php
    [line] => 104
)

[2022-09-20 17:32:55] [ERROR] Перед вынужденым завершением произошла ошибка (однако, она не была записана в журнал резервного копирования/восстановления)
[2022-09-20 17:32:55] [ERROR] Сообщение об ошибке: Constant WP_DEBUG_DISPLAY already defined
[2022-09-20 17:32:55] [ERROR] Файл/строка ошибки: /var/www/insaitik/data/www/belarmata.insaitika.ru/wp-config.php|104
[2022-09-20 17:33:01] [ERROR] Отключен
[2022-09-20 17:33:01] [ERROR] Array
(
    [type] => 2
    [message] => Constant WP_DEBUG_DISPLAY already defined
    [file] => /var/www/insaitik/data/www/belarmata.insaitika.ru/wp-config.php
    [line] => 104
)

[2022-09-20 17:33:01] [ERROR] Перед вынужденым завершением произошла ошибка (однако, она не была записана в журнал резервного копирования/восстановления)
[2022-09-20 17:33:01] [ERROR] Сообщение об ошибке: Constant WP_DEBUG_DISPLAY already defined
[2022-09-20 17:33:01] [ERROR] Файл/строка ошибки: /var/www/insaitik/data/www/belarmata.insaitika.ru/wp-config.php|104
[2022-09-20 17:33:07] [ERROR] Отключен
[2022-09-20 17:33:07] [ERROR] Array
(
    [type] => 2
    [message] => Constant WP_DEBUG_DISPLAY already defined
    [file] => /var/www/insaitik/data/www/belarmata.insaitika.ru/wp-config.php
    [line] => 104
)

[2022-09-20 17:33:07] [ERROR] Перед вынужденым завершением произошла ошибка (однако, она не была записана в журнал резервного копирования/восстановления)
[2022-09-20 17:33:07] [ERROR] Сообщение об ошибке: Constant WP_DEBUG_DISPLAY already defined
[2022-09-20 17:33:07] [ERROR] Файл/строка ошибки: /var/www/insaitik/data/www/belarmata.insaitika.ru/wp-config.php|104
[2022-09-20 17:33:14] [ERROR] Отключен
[2022-09-20 17:33:14] [ERROR] Array
(
    [type] => 2
    [message] => Constant WP_DEBUG_DISPLAY already defined
    [file] => /var/www/insaitik/data/www/belarmata.insaitika.ru/wp-config.php
    [line] => 104
)

[2022-09-20 17:33:14] [ERROR] Перед вынужденым завершением произошла ошибка (однако, она не была записана в журнал резервного копирования/восстановления)
[2022-09-20 17:33:14] [ERROR] Сообщение об ошибке: Constant WP_DEBUG_DISPLAY already defined
[2022-09-20 17:33:14] [ERROR] Файл/строка ошибки: /var/www/insaitik/data/www/belarmata.insaitika.ru/wp-config.php|104
[2022-09-20 17:33:20] [ERROR] Отключен
[2022-09-20 17:33:20] [ERROR] Array
(
    [type] => 2
    [message] => Constant WP_DEBUG_DISPLAY already defined
    [file] => /var/www/insaitik/data/www/belarmata.insaitika.ru/wp-config.php
    [line] => 104
)

[2022-09-20 17:33:20] [ERROR] Перед вынужденым завершением произошла ошибка (однако, она не была записана в журнал резервного копирования/восстановления)
[2022-09-20 17:33:20] [ERROR] Сообщение об ошибке: Constant WP_DEBUG_DISPLAY already defined
[2022-09-20 17:33:20] [ERROR] Файл/строка ошибки: /var/www/insaitik/data/www/belarmata.insaitika.ru/wp-config.php|104
[2022-09-20 17:33:26] [ERROR] Отключен
[2022-09-20 17:33:26] [ERROR] Array
(
    [type] => 2
    [message] => Constant WP_DEBUG_DISPLAY already defined
    [file] => /var/www/insaitik/data/www/belarmata.insaitika.ru/wp-config.php
    [line] => 104
)

[2022-09-20 17:33:26] [ERROR] Перед вынужденым завершением произошла ошибка (однако, она не была записана в журнал резервного копирования/восстановления)
[2022-09-20 17:33:26] [ERROR] Сообщение об ошибке: Constant WP_DEBUG_DISPLAY already defined
[2022-09-20 17:33:26] [ERROR] Файл/строка ошибки: /var/www/insaitik/data/www/belarmata.insaitika.ru/wp-config.php|104
[2022-09-20 17:33:32] [ERROR] Отключен
[2022-09-20 17:33:32] [ERROR] Array
(
    [type] => 2
    [message] => Constant WP_DEBUG_DISPLAY already defined
    [file] => /var/www/insaitik/data/www/belarmata.insaitika.ru/wp-config.php
    [line] => 104
)

[2022-09-20 17:33:32] [ERROR] Перед вынужденым завершением произошла ошибка (однако, она не была записана в журнал резервного копирования/восстановления)
[2022-09-20 17:33:32] [ERROR] Сообщение об ошибке: Constant WP_DEBUG_DISPLAY already defined
[2022-09-20 17:33:32] [ERROR] Файл/строка ошибки: /var/www/insaitik/data/www/belarmata.insaitika.ru/wp-config.php|104
[2022-09-20 17:33:38] [ERROR] Отключен
[2022-09-20 17:33:38] [ERROR] Array
(
    [type] => 2
    [message] => Constant WP_DEBUG_DISPLAY already defined
    [file] => /var/www/insaitik/data/www/belarmata.insaitika.ru/wp-config.php
    [line] => 104
)

[2022-09-20 17:33:38] [ERROR] Перед вынужденым завершением произошла ошибка (однако, она не была записана в журнал резервного копирования/восстановления)
[2022-09-20 17:33:38] [ERROR] Сообщение об ошибке: Constant WP_DEBUG_DISPLAY already defined
[2022-09-20 17:33:38] [ERROR] Файл/строка ошибки: /var/www/insaitik/data/www/belarmata.insaitika.ru/wp-config.php|104
[2022-09-20 17:33:44] [ERROR] Отключен
[2022-09-20 17:33:44] [ERROR] Array
(
    [type] => 2
    [message] => Constant WP_DEBUG_DISPLAY already defined
    [file] => /var/www/insaitik/data/www/belarmata.insaitika.ru/wp-config.php
    [line] => 104
)

[2022-09-20 17:33:44] [ERROR] Перед вынужденым завершением произошла ошибка (однако, она не была записана в журнал резервного копирования/восстановления)
[2022-09-20 17:33:44] [ERROR] Сообщение об ошибке: Constant WP_DEBUG_DISPLAY already defined
[2022-09-20 17:33:44] [ERROR] Файл/строка ошибки: /var/www/insaitik/data/www/belarmata.insaitika.ru/wp-config.php|104
[2022-09-20 17:33:50] [ERROR] Отключен
[2022-09-20 17:33:50] [ERROR] Array
(
    [type] => 2
    [message] => Constant WP_DEBUG_DISPLAY already defined
    [file] => /var/www/insaitik/data/www/belarmata.insaitika.ru/wp-config.php
    [line] => 104
)

[2022-09-20 17:33:50] [ERROR] Перед вынужденым завершением произошла ошибка (однако, она не была записана в журнал резервного копирования/восстановления)
[2022-09-20 17:33:50] [ERROR] Сообщение об ошибке: Constant WP_DEBUG_DISPLAY already defined
[2022-09-20 17:33:50] [ERROR] Файл/строка ошибки: /var/www/insaitik/data/www/belarmata.insaitika.ru/wp-config.php|104
[2022-09-20 17:33:56] [ERROR] Отключен
[2022-09-20 17:33:56] [ERROR] Array
(
    [type] => 2
    [message] => Constant WP_DEBUG_DISPLAY already defined
    [file] => /var/www/insaitik/data/www/belarmata.insaitika.ru/wp-config.php
    [line] => 104
)

[2022-09-20 17:33:56] [ERROR] Перед вынужденым завершением произошла ошибка (однако, она не была записана в журнал резервного копирования/восстановления)
[2022-09-20 17:33:56] [ERROR] Сообщение об ошибке: Constant WP_DEBUG_DISPLAY already defined
[2022-09-20 17:33:56] [ERROR] Файл/строка ошибки: /var/www/insaitik/data/www/belarmata.insaitika.ru/wp-config.php|104
[2022-09-20 17:34:02] [ERROR] Отключен
[2022-09-20 17:34:02] [ERROR] Array
(
    [type] => 2
    [message] => Constant WP_DEBUG_DISPLAY already defined
    [file] => /var/www/insaitik/data/www/belarmata.insaitika.ru/wp-config.php
    [line] => 104
)

[2022-09-20 17:34:02] [ERROR] Перед вынужденым завершением произошла ошибка (однако, она не была записана в журнал резервного копирования/восстановления)
[2022-09-20 17:34:02] [ERROR] Сообщение об ошибке: Constant WP_DEBUG_DISPLAY already defined
[2022-09-20 17:34:02] [ERROR] Файл/строка ошибки: /var/www/insaitik/data/www/belarmata.insaitika.ru/wp-config.php|104
[2022-09-20 17:34:08] [ERROR] Отключен
[2022-09-20 17:34:08] [ERROR] Array
(
    [type] => 2
    [message] => Constant WP_DEBUG_DISPLAY already defined
    [file] => /var/www/insaitik/data/www/belarmata.insaitika.ru/wp-config.php
    [line] => 104
)

[2022-09-20 17:34:08] [ERROR] Перед вынужденым завершением произошла ошибка (однако, она не была записана в журнал резервного копирования/восстановления)
[2022-09-20 17:34:08] [ERROR] Сообщение об ошибке: Constant WP_DEBUG_DISPLAY already defined
[2022-09-20 17:34:08] [ERROR] Файл/строка ошибки: /var/www/insaitik/data/www/belarmata.insaitika.ru/wp-config.php|104
[2022-09-20 17:34:14] [ERROR] Отключен
[2022-09-20 17:34:14] [ERROR] Array
(
    [type] => 2
    [message] => Constant WP_DEBUG_DISPLAY already defined
    [file] => /var/www/insaitik/data/www/belarmata.insaitika.ru/wp-config.php
    [line] => 104
)

[2022-09-20 17:34:14] [ERROR] Перед вынужденым завершением произошла ошибка (однако, она не была записана в журнал резервного копирования/восстановления)
[2022-09-20 17:34:14] [ERROR] Сообщение об ошибке: Constant WP_DEBUG_DISPLAY already defined
[2022-09-20 17:34:14] [ERROR] Файл/строка ошибки: /var/www/insaitik/data/www/belarmata.insaitika.ru/wp-config.php|104
[2022-09-20 17:34:20] [ERROR] Отключен
[2022-09-20 17:34:20] [ERROR] Array
(
    [type] => 2
    [message] => Constant WP_DEBUG_DISPLAY already defined
    [file] => /var/www/insaitik/data/www/belarmata.insaitika.ru/wp-config.php
    [line] => 104
)

[2022-09-20 17:34:20] [ERROR] Перед вынужденым завершением произошла ошибка (однако, она не была записана в журнал резервного копирования/восстановления)
[2022-09-20 17:34:20] [ERROR] Сообщение об ошибке: Constant WP_DEBUG_DISPLAY already defined
[2022-09-20 17:34:20] [ERROR] Файл/строка ошибки: /var/www/insaitik/data/www/belarmata.insaitika.ru/wp-config.php|104
[2022-09-20 17:34:26] [ERROR] Отключен
[2022-09-20 17:34:26] [ERROR] Array
(
    [type] => 2
    [message] => Constant WP_DEBUG_DISPLAY already defined
    [file] => /var/www/insaitik/data/www/belarmata.insaitika.ru/wp-config.php
    [line] => 104
)

[2022-09-20 17:34:26] [ERROR] Перед вынужденым завершением произошла ошибка (однако, она не была записана в журнал резервного копирования/восстановления)
[2022-09-20 17:34:26] [ERROR] Сообщение об ошибке: Constant WP_DEBUG_DISPLAY already defined
[2022-09-20 17:34:26] [ERROR] Файл/строка ошибки: /var/www/insaitik/data/www/belarmata.insaitika.ru/wp-config.php|104
[2022-09-20 17:34:32] [ERROR] Отключен
[2022-09-20 17:34:32] [ERROR] Array
(
    [type] => 2
    [message] => Constant WP_DEBUG_DISPLAY already defined
    [file] => /var/www/insaitik/data/www/belarmata.insaitika.ru/wp-config.php
    [line] => 104
)

[2022-09-20 17:34:32] [ERROR] Перед вынужденым завершением произошла ошибка (однако, она не была записана в журнал резервного копирования/восстановления)
[2022-09-20 17:34:32] [ERROR] Сообщение об ошибке: Constant WP_DEBUG_DISPLAY already defined
[2022-09-20 17:34:32] [ERROR] Файл/строка ошибки: /var/www/insaitik/data/www/belarmata.insaitika.ru/wp-config.php|104
[2022-09-20 17:34:38] [ERROR] Отключен
[2022-09-20 17:34:38] [ERROR] Array
(
    [type] => 2
    [message] => Constant WP_DEBUG_DISPLAY already defined
    [file] => /var/www/insaitik/data/www/belarmata.insaitika.ru/wp-config.php
    [line] => 104
)

[2022-09-20 17:34:38] [ERROR] Перед вынужденым завершением произошла ошибка (однако, она не была записана в журнал резервного копирования/восстановления)
[2022-09-20 17:34:38] [ERROR] Сообщение об ошибке: Constant WP_DEBUG_DISPLAY already defined
[2022-09-20 17:34:38] [ERROR] Файл/строка ошибки: /var/www/insaitik/data/www/belarmata.insaitika.ru/wp-config.php|104
[2022-09-20 17:34:44] [ERROR] Отключен
[2022-09-20 17:34:44] [ERROR] Array
(
    [type] => 2
    [message] => Constant WP_DEBUG_DISPLAY already defined
    [file] => /var/www/insaitik/data/www/belarmata.insaitika.ru/wp-config.php
    [line] => 104
)

[2022-09-20 17:34:44] [ERROR] Перед вынужденым завершением произошла ошибка (однако, она не была записана в журнал резервного копирования/восстановления)
[2022-09-20 17:34:44] [ERROR] Сообщение об ошибке: Constant WP_DEBUG_DISPLAY already defined
[2022-09-20 17:34:44] [ERROR] Файл/строка ошибки: /var/www/insaitik/data/www/belarmata.insaitika.ru/wp-config.php|104
[2022-09-20 17:34:50] [ERROR] Отключен
[2022-09-20 17:34:50] [ERROR] Array
(
    [type] => 2
    [message] => Constant WP_DEBUG_DISPLAY already defined
    [file] => /var/www/insaitik/data/www/belarmata.insaitika.ru/wp-config.php
    [line] => 104
)

[2022-09-20 17:34:50] [ERROR] Перед вынужденым завершением произошла ошибка (однако, она не была записана в журнал резервного копирования/восстановления)
[2022-09-20 17:34:50] [ERROR] Сообщение об ошибке: Constant WP_DEBUG_DISPLAY already defined
[2022-09-20 17:34:50] [ERROR] Файл/строка ошибки: /var/www/insaitik/data/www/belarmata.insaitika.ru/wp-config.php|104
[2022-09-20 17:34:56] [ERROR] Отключен
[2022-09-20 17:34:56] [ERROR] Array
(
    [type] => 2
    [message] => Constant WP_DEBUG_DISPLAY already defined
    [file] => /var/www/insaitik/data/www/belarmata.insaitika.ru/wp-config.php
    [line] => 104
)

[2022-09-20 17:34:56] [ERROR] Перед вынужденым завершением произошла ошибка (однако, она не была записана в журнал резервного копирования/восстановления)
[2022-09-20 17:34:56] [ERROR] Сообщение об ошибке: Constant WP_DEBUG_DISPLAY already defined
[2022-09-20 17:34:56] [ERROR] Файл/строка ошибки: /var/www/insaitik/data/www/belarmata.insaitika.ru/wp-config.php|104
[2022-09-20 17:35:02] [ERROR] Отключен
[2022-09-20 17:35:02] [ERROR] Array
(
    [type] => 2
    [message] => Constant WP_DEBUG_DISPLAY already defined
    [file] => /var/www/insaitik/data/www/belarmata.insaitika.ru/wp-config.php
    [line] => 104
)

[2022-09-20 17:35:02] [ERROR] Перед вынужденым завершением произошла ошибка (однако, она не была записана в журнал резервного копирования/восстановления)
[2022-09-20 17:35:02] [ERROR] Сообщение об ошибке: Constant WP_DEBUG_DISPLAY already defined
[2022-09-20 17:35:02] [ERROR] Файл/строка ошибки: /var/www/insaitik/data/www/belarmata.insaitika.ru/wp-config.php|104
[2022-09-20 17:35:08] [ERROR] Отключен
[2022-09-20 17:35:08] [ERROR] Array
(
    [type] => 2
    [message] => Constant WP_DEBUG_DISPLAY already defined
    [file] => /var/www/insaitik/data/www/belarmata.insaitika.ru/wp-config.php
    [line] => 104
)

[2022-09-20 17:35:08] [ERROR] Перед вынужденым завершением произошла ошибка (однако, она не была записана в журнал резервного копирования/восстановления)
[2022-09-20 17:35:08] [ERROR] Сообщение об ошибке: Constant WP_DEBUG_DISPLAY already defined
[2022-09-20 17:35:08] [ERROR] Файл/строка ошибки: /var/www/insaitik/data/www/belarmata.insaitika.ru/wp-config.php|104
[2022-09-20 17:35:14] [ERROR] Отключен
[2022-09-20 17:35:14] [ERROR] Array
(
    [type] => 2
    [message] => Constant WP_DEBUG_DISPLAY already defined
    [file] => /var/www/insaitik/data/www/belarmata.insaitika.ru/wp-config.php
    [line] => 104
)

[2022-09-20 17:35:14] [ERROR] Перед вынужденым завершением произошла ошибка (однако, она не была записана в журнал резервного копирования/восстановления)
[2022-09-20 17:35:14] [ERROR] Сообщение об ошибке: Constant WP_DEBUG_DISPLAY already defined
[2022-09-20 17:35:14] [ERROR] Файл/строка ошибки: /var/www/insaitik/data/www/belarmata.insaitika.ru/wp-config.php|104
[2022-09-20 17:35:20] [ERROR] Отключен
[2022-09-20 17:35:20] [ERROR] Array
(
    [type] => 2
    [message] => Constant WP_DEBUG_DISPLAY already defined
    [file] => /var/www/insaitik/data/www/belarmata.insaitika.ru/wp-config.php
    [line] => 104
)

[2022-09-20 17:35:20] [ERROR] Перед вынужденым завершением произошла ошибка (однако, она не была записана в журнал резервного копирования/восстановления)
[2022-09-20 17:35:20] [ERROR] Сообщение об ошибке: Constant WP_DEBUG_DISPLAY already defined
[2022-09-20 17:35:20] [ERROR] Файл/строка ошибки: /var/www/insaitik/data/www/belarmata.insaitika.ru/wp-config.php|104
[2022-09-20 17:35:26] [ERROR] Отключен
[2022-09-20 17:35:26] [ERROR] Array
(
    [type] => 2
    [message] => Constant WP_DEBUG_DISPLAY already defined
    [file] => /var/www/insaitik/data/www/belarmata.insaitika.ru/wp-config.php
    [line] => 104
)

[2022-09-20 17:35:26] [ERROR] Перед вынужденым завершением произошла ошибка (однако, она не была записана в журнал резервного копирования/восстановления)
[2022-09-20 17:35:26] [ERROR] Сообщение об ошибке: Constant WP_DEBUG_DISPLAY already defined
[2022-09-20 17:35:26] [ERROR] Файл/строка ошибки: /var/www/insaitik/data/www/belarmata.insaitika.ru/wp-config.php|104
[2022-09-20 17:35:32] [ERROR] Отключен
[2022-09-20 17:35:32] [ERROR] Array
(
    [type] => 2
    [message] => Constant WP_DEBUG_DISPLAY already defined
    [file] => /var/www/insaitik/data/www/belarmata.insaitika.ru/wp-config.php
    [line] => 104
)

[2022-09-20 17:35:32] [ERROR] Перед вынужденым завершением произошла ошибка (однако, она не была записана в журнал резервного копирования/восстановления)
[2022-09-20 17:35:32] [ERROR] Сообщение об ошибке: Constant WP_DEBUG_DISPLAY already defined
[2022-09-20 17:35:32] [ERROR] Файл/строка ошибки: /var/www/insaitik/data/www/belarmata.insaitika.ru/wp-config.php|104
[2022-09-20 17:35:38] [ERROR] Отключен
[2022-09-20 17:35:38] [ERROR] Array
(
    [type] => 2
    [message] => Constant WP_DEBUG_DISPLAY already defined
    [file] => /var/www/insaitik/data/www/belarmata.insaitika.ru/wp-config.php
    [line] => 104
)

[2022-09-20 17:35:38] [ERROR] Перед вынужденым завершением произошла ошибка (однако, она не была записана в журнал резервного копирования/восстановления)
[2022-09-20 17:35:38] [ERROR] Сообщение об ошибке: Constant WP_DEBUG_DISPLAY already defined
[2022-09-20 17:35:38] [ERROR] Файл/строка ошибки: /var/www/insaitik/data/www/belarmata.insaitika.ru/wp-config.php|104
[2022-09-20 17:35:44] [ERROR] Отключен
[2022-09-20 17:35:44] [ERROR] Array
(
    [type] => 2
    [message] => Constant WP_DEBUG_DISPLAY already defined
    [file] => /var/www/insaitik/data/www/belarmata.insaitika.ru/wp-config.php
    [line] => 104
)

[2022-09-20 17:35:44] [ERROR] Перед вынужденым завершением произошла ошибка (однако, она не была записана в журнал резервного копирования/восстановления)
[2022-09-20 17:35:44] [ERROR] Сообщение об ошибке: Constant WP_DEBUG_DISPLAY already defined
[2022-09-20 17:35:44] [ERROR] Файл/строка ошибки: /var/www/insaitik/data/www/belarmata.insaitika.ru/wp-config.php|104
[2022-09-20 17:35:50] [ERROR] Отключен
[2022-09-20 17:35:50] [ERROR] Array
(
    [type] => 2
    [message] => Constant WP_DEBUG_DISPLAY already defined
    [file] => /var/www/insaitik/data/www/belarmata.insaitika.ru/wp-config.php
    [line] => 104
)

[2022-09-20 17:35:50] [ERROR] Перед вынужденым завершением произошла ошибка (однако, она не была записана в журнал резервного копирования/восстановления)
[2022-09-20 17:35:50] [ERROR] Сообщение об ошибке: Constant WP_DEBUG_DISPLAY already defined
[2022-09-20 17:35:50] [ERROR] Файл/строка ошибки: /var/www/insaitik/data/www/belarmata.insaitika.ru/wp-config.php|104
[2022-09-20 17:35:56] [ERROR] Отключен
[2022-09-20 17:35:56] [ERROR] Array
(
    [type] => 2
    [message] => Constant WP_DEBUG_DISPLAY already defined
    [file] => /var/www/insaitik/data/www/belarmata.insaitika.ru/wp-config.php
    [line] => 104
)

[2022-09-20 17:35:56] [ERROR] Перед вынужденым завершением произошла ошибка (однако, она не была записана в журнал резервного копирования/восстановления)
[2022-09-20 17:35:56] [ERROR] Сообщение об ошибке: Constant WP_DEBUG_DISPLAY already defined
[2022-09-20 17:35:56] [ERROR] Файл/строка ошибки: /var/www/insaitik/data/www/belarmata.insaitika.ru/wp-config.php|104
[2022-09-20 17:36:02] [ERROR] Отключен
[2022-09-20 17:36:02] [ERROR] Array
(
    [type] => 2
    [message] => Constant WP_DEBUG_DISPLAY already defined
    [file] => /var/www/insaitik/data/www/belarmata.insaitika.ru/wp-config.php
    [line] => 104
)

[2022-09-20 17:36:02] [ERROR] Перед вынужденым завершением произошла ошибка (однако, она не была записана в журнал резервного копирования/восстановления)
[2022-09-20 17:36:02] [ERROR] Сообщение об ошибке: Constant WP_DEBUG_DISPLAY already defined
[2022-09-20 17:36:02] [ERROR] Файл/строка ошибки: /var/www/insaitik/data/www/belarmata.insaitika.ru/wp-config.php|104
[2022-09-20 17:36:08] [ERROR] Отключен
[2022-09-20 17:36:08] [ERROR] Array
(
    [type] => 2
    [message] => Constant WP_DEBUG_DISPLAY already defined
    [file] => /var/www/insaitik/data/www/belarmata.insaitika.ru/wp-config.php
    [line] => 104
)

[2022-09-20 17:36:08] [ERROR] Перед вынужденым завершением произошла ошибка (однако, она не была записана в журнал резервного копирования/восстановления)
[2022-09-20 17:36:08] [ERROR] Сообщение об ошибке: Constant WP_DEBUG_DISPLAY already defined
[2022-09-20 17:36:08] [ERROR] Файл/строка ошибки: /var/www/insaitik/data/www/belarmata.insaitika.ru/wp-config.php|104
[2022-09-20 17:36:14] [ERROR] Отключен
[2022-09-20 17:36:14] [ERROR] Array
(
    [type] => 2
    [message] => Constant WP_DEBUG_DISPLAY already defined
    [file] => /var/www/insaitik/data/www/belarmata.insaitika.ru/wp-config.php
    [line] => 104
)

[2022-09-20 17:36:14] [ERROR] Перед вынужденым завершением произошла ошибка (однако, она не была записана в журнал резервного копирования/восстановления)
[2022-09-20 17:36:14] [ERROR] Сообщение об ошибке: Constant WP_DEBUG_DISPLAY already defined
[2022-09-20 17:36:14] [ERROR] Файл/строка ошибки: /var/www/insaitik/data/www/belarmata.insaitika.ru/wp-config.php|104
[2022-09-20 17:36:20] [ERROR] Отключен
[2022-09-20 17:36:20] [ERROR] Array
(
    [type] => 2
    [message] => Constant WP_DEBUG_DISPLAY already defined
    [file] => /var/www/insaitik/data/www/belarmata.insaitika.ru/wp-config.php
    [line] => 104
)

[2022-09-20 17:36:20] [ERROR] Перед вынужденым завершением произошла ошибка (однако, она не была записана в журнал резервного копирования/восстановления)
[2022-09-20 17:36:20] [ERROR] Сообщение об ошибке: Constant WP_DEBUG_DISPLAY already defined
[2022-09-20 17:36:20] [ERROR] Файл/строка ошибки: /var/www/insaitik/data/www/belarmata.insaitika.ru/wp-config.php|104
[2022-09-20 17:36:26] [ERROR] Отключен
[2022-09-20 17:36:26] [ERROR] Array
(
    [type] => 2
    [message] => Constant WP_DEBUG_DISPLAY already defined
    [file] => /var/www/insaitik/data/www/belarmata.insaitika.ru/wp-config.php
    [line] => 104
)

[2022-09-20 17:36:26] [ERROR] Перед вынужденым завершением произошла ошибка (однако, она не была записана в журнал резервного копирования/восстановления)
[2022-09-20 17:36:26] [ERROR] Сообщение об ошибке: Constant WP_DEBUG_DISPLAY already defined
[2022-09-20 17:36:26] [ERROR] Файл/строка ошибки: /var/www/insaitik/data/www/belarmata.insaitika.ru/wp-config.php|104
[2022-09-20 17:36:32] [ERROR] Отключен
[2022-09-20 17:36:32] [ERROR] Array
(
    [type] => 2
    [message] => Constant WP_DEBUG_DISPLAY already defined
    [file] => /var/www/insaitik/data/www/belarmata.insaitika.ru/wp-config.php
    [line] => 104
)

[2022-09-20 17:36:32] [ERROR] Перед вынужденым завершением произошла ошибка (однако, она не была записана в журнал резервного копирования/восстановления)
[2022-09-20 17:36:32] [ERROR] Сообщение об ошибке: Constant WP_DEBUG_DISPLAY already defined
[2022-09-20 17:36:32] [ERROR] Файл/строка ошибки: /var/www/insaitik/data/www/belarmata.insaitika.ru/wp-config.php|104
[2022-09-20 17:36:38] [ERROR] Отключен
[2022-09-20 17:36:38] [ERROR] Array
(
    [type] => 2
    [message] => Constant WP_DEBUG_DISPLAY already defined
    [file] => /var/www/insaitik/data/www/belarmata.insaitika.ru/wp-config.php
    [line] => 104
)

[2022-09-20 17:36:38] [ERROR] Перед вынужденым завершением произошла ошибка (однако, она не была записана в журнал резервного копирования/восстановления)
[2022-09-20 17:36:38] [ERROR] Сообщение об ошибке: Constant WP_DEBUG_DISPLAY already defined
[2022-09-20 17:36:38] [ERROR] Файл/строка ошибки: /var/www/insaitik/data/www/belarmata.insaitika.ru/wp-config.php|104
[2022-09-20 17:36:44] [ERROR] Отключен
[2022-09-20 17:36:44] [ERROR] Array
(
    [type] => 2
    [message] => Constant WP_DEBUG_DISPLAY already defined
    [file] => /var/www/insaitik/data/www/belarmata.insaitika.ru/wp-config.php
    [line] => 104
)

[2022-09-20 17:36:44] [ERROR] Перед вынужденым завершением произошла ошибка (однако, она не была записана в журнал резервного копирования/восстановления)
[2022-09-20 17:36:44] [ERROR] Сообщение об ошибке: Constant WP_DEBUG_DISPLAY already defined
[2022-09-20 17:36:44] [ERROR] Файл/строка ошибки: /var/www/insaitik/data/www/belarmata.insaitika.ru/wp-config.php|104
[2022-09-20 17:36:50] [ERROR] Отключен
[2022-09-20 17:36:50] [ERROR] Array
(
    [type] => 2
    [message] => Constant WP_DEBUG_DISPLAY already defined
    [file] => /var/www/insaitik/data/www/belarmata.insaitika.ru/wp-config.php
    [line] => 104
)

[2022-09-20 17:36:50] [ERROR] Перед вынужденым завершением произошла ошибка (однако, она не была записана в журнал резервного копирования/восстановления)
[2022-09-20 17:36:50] [ERROR] Сообщение об ошибке: Constant WP_DEBUG_DISPLAY already defined
[2022-09-20 17:36:50] [ERROR] Файл/строка ошибки: /var/www/insaitik/data/www/belarmata.insaitika.ru/wp-config.php|104
[2022-09-20 17:36:56] [ERROR] Отключен
[2022-09-20 17:36:56] [ERROR] Array
(
    [type] => 2
    [message] => Constant WP_DEBUG_DISPLAY already defined
    [file] => /var/www/insaitik/data/www/belarmata.insaitika.ru/wp-config.php
    [line] => 104
)

[2022-09-20 17:36:56] [ERROR] Перед вынужденым завершением произошла ошибка (однако, она не была записана в журнал резервного копирования/восстановления)
[2022-09-20 17:36:56] [ERROR] Сообщение об ошибке: Constant WP_DEBUG_DISPLAY already defined
[2022-09-20 17:36:56] [ERROR] Файл/строка ошибки: /var/www/insaitik/data/www/belarmata.insaitika.ru/wp-config.php|104
[2022-09-20 17:37:02] [ERROR] Отключен
[2022-09-20 17:37:02] [ERROR] Array
(
    [type] => 2
    [message] => Constant WP_DEBUG_DISPLAY already defined
    [file] => /var/www/insaitik/data/www/belarmata.insaitika.ru/wp-config.php
    [line] => 104
)

[2022-09-20 17:37:02] [ERROR] Перед вынужденым завершением произошла ошибка (однако, она не была записана в журнал резервного копирования/восстановления)
[2022-09-20 17:37:02] [ERROR] Сообщение об ошибке: Constant WP_DEBUG_DISPLAY already defined
[2022-09-20 17:37:02] [ERROR] Файл/строка ошибки: /var/www/insaitik/data/www/belarmata.insaitika.ru/wp-config.php|104
[2022-09-20 17:37:08] [ERROR] Отключен
[2022-09-20 17:37:08] [ERROR] Array
(
    [type] => 2
    [message] => Constant WP_DEBUG_DISPLAY already defined
    [file] => /var/www/insaitik/data/www/belarmata.insaitika.ru/wp-config.php
    [line] => 104
)

[2022-09-20 17:37:08] [ERROR] Перед вынужденым завершением произошла ошибка (однако, она не была записана в журнал резервного копирования/восстановления)
[2022-09-20 17:37:08] [ERROR] Сообщение об ошибке: Constant WP_DEBUG_DISPLAY already defined
[2022-09-20 17:37:08] [ERROR] Файл/строка ошибки: /var/www/insaitik/data/www/belarmata.insaitika.ru/wp-config.php|104
[2022-09-20 17:37:14] [ERROR] Отключен
[2022-09-20 17:37:14] [ERROR] Array
(
    [type] => 2
    [message] => Constant WP_DEBUG_DISPLAY already defined
    [file] => /var/www/insaitik/data/www/belarmata.insaitika.ru/wp-config.php
    [line] => 104
)

[2022-09-20 17:37:14] [ERROR] Перед вынужденым завершением произошла ошибка (однако, она не была записана в журнал резервного копирования/восстановления)
[2022-09-20 17:37:14] [ERROR] Сообщение об ошибке: Constant WP_DEBUG_DISPLAY already defined
[2022-09-20 17:37:14] [ERROR] Файл/строка ошибки: /var/www/insaitik/data/www/belarmata.insaitika.ru/wp-config.php|104
[2022-09-20 17:37:20] [ERROR] Отключен
[2022-09-20 17:37:20] [ERROR] Array
(
    [type] => 2
    [message] => Constant WP_DEBUG_DISPLAY already defined
    [file] => /var/www/insaitik/data/www/belarmata.insaitika.ru/wp-config.php
    [line] => 104
)

[2022-09-20 17:37:20] [ERROR] Перед вынужденым завершением произошла ошибка (однако, она не была записана в журнал резервного копирования/восстановления)
[2022-09-20 17:37:20] [ERROR] Сообщение об ошибке: Constant WP_DEBUG_DISPLAY already defined
[2022-09-20 17:37:20] [ERROR] Файл/строка ошибки: /var/www/insaitik/data/www/belarmata.insaitika.ru/wp-config.php|104
[2022-09-20 17:37:26] [ERROR] Отключен
[2022-09-20 17:37:26] [ERROR] Array
(
    [type] => 2
    [message] => Constant WP_DEBUG_DISPLAY already defined
    [file] => /var/www/insaitik/data/www/belarmata.insaitika.ru/wp-config.php
    [line] => 104
)

[2022-09-20 17:37:26] [ERROR] Перед вынужденым завершением произошла ошибка (однако, она не была записана в журнал резервного копирования/восстановления)
[2022-09-20 17:37:26] [ERROR] Сообщение об ошибке: Constant WP_DEBUG_DISPLAY already defined
[2022-09-20 17:37:26] [ERROR] Файл/строка ошибки: /var/www/insaitik/data/www/belarmata.insaitika.ru/wp-config.php|104
[2022-09-20 17:37:32] [ERROR] Отключен
[2022-09-20 17:37:32] [ERROR] Array
(
    [type] => 2
    [message] => Constant WP_DEBUG_DISPLAY already defined
    [file] => /var/www/insaitik/data/www/belarmata.insaitika.ru/wp-config.php
    [line] => 104
)

[2022-09-20 17:37:32] [ERROR] Перед вынужденым завершением произошла ошибка (однако, она не была записана в журнал резервного копирования/восстановления)
[2022-09-20 17:37:32] [ERROR] Сообщение об ошибке: Constant WP_DEBUG_DISPLAY already defined
[2022-09-20 17:37:32] [ERROR] Файл/строка ошибки: /var/www/insaitik/data/www/belarmata.insaitika.ru/wp-config.php|104
[2022-09-20 17:37:39] [ERROR] Отключен
[2022-09-20 17:37:39] [ERROR] Array
(
    [type] => 2
    [message] => Constant WP_DEBUG_DISPLAY already defined
    [file] => /var/www/insaitik/data/www/belarmata.insaitika.ru/wp-config.php
    [line] => 104
)

[2022-09-20 17:37:39] [ERROR] Перед вынужденым завершением произошла ошибка (однако, она не была записана в журнал резервного копирования/восстановления)
[2022-09-20 17:37:39] [ERROR] Сообщение об ошибке: Constant WP_DEBUG_DISPLAY already defined
[2022-09-20 17:37:39] [ERROR] Файл/строка ошибки: /var/www/insaitik/data/www/belarmata.insaitika.ru/wp-config.php|104
[2022-09-20 17:37:44] [ERROR] Отключен
[2022-09-20 17:37:44] [ERROR] Array
(
    [type] => 2
    [message] => Constant WP_DEBUG_DISPLAY already defined
    [file] => /var/www/insaitik/data/www/belarmata.insaitika.ru/wp-config.php
    [line] => 104
)

[2022-09-20 17:37:44] [ERROR] Перед вынужденым завершением произошла ошибка (однако, она не была записана в журнал резервного копирования/восстановления)
[2022-09-20 17:37:44] [ERROR] Сообщение об ошибке: Constant WP_DEBUG_DISPLAY already defined
[2022-09-20 17:37:44] [ERROR] Файл/строка ошибки: /var/www/insaitik/data/www/belarmata.insaitika.ru/wp-config.php|104
[2022-09-20 17:37:50] [ERROR] Отключен
[2022-09-20 17:37:50] [ERROR] Array
(
    [type] => 2
    [message] => Constant WP_DEBUG_DISPLAY already defined
    [file] => /var/www/insaitik/data/www/belarmata.insaitika.ru/wp-config.php
    [line] => 104
)

[2022-09-20 17:37:50] [ERROR] Перед вынужденым завершением произошла ошибка (однако, она не была записана в журнал резервного копирования/восстановления)
[2022-09-20 17:37:50] [ERROR] Сообщение об ошибке: Constant WP_DEBUG_DISPLAY already defined
[2022-09-20 17:37:50] [ERROR] Файл/строка ошибки: /var/www/insaitik/data/www/belarmata.insaitika.ru/wp-config.php|104
[2022-09-20 17:37:56] [ERROR] Отключен
[2022-09-20 17:37:56] [ERROR] Array
(
    [type] => 2
    [message] => Constant WP_DEBUG_DISPLAY already defined
    [file] => /var/www/insaitik/data/www/belarmata.insaitika.ru/wp-config.php
    [line] => 104
)

[2022-09-20 17:37:56] [ERROR] Перед вынужденым завершением произошла ошибка (однако, она не была записана в журнал резервного копирования/восстановления)
[2022-09-20 17:37:56] [ERROR] Сообщение об ошибке: Constant WP_DEBUG_DISPLAY already defined
[2022-09-20 17:37:56] [ERROR] Файл/строка ошибки: /var/www/insaitik/data/www/belarmata.insaitika.ru/wp-config.php|104
[2022-09-20 17:38:02] [ERROR] Отключен
[2022-09-20 17:38:02] [ERROR] Array
(
    [type] => 2
    [message] => Constant WP_DEBUG_DISPLAY already defined
    [file] => /var/www/insaitik/data/www/belarmata.insaitika.ru/wp-config.php
    [line] => 104
)

[2022-09-20 17:38:02] [ERROR] Перед вынужденым завершением произошла ошибка (однако, она не была записана в журнал резервного копирования/восстановления)
[2022-09-20 17:38:02] [ERROR] Сообщение об ошибке: Constant WP_DEBUG_DISPLAY already defined
[2022-09-20 17:38:02] [ERROR] Файл/строка ошибки: /var/www/insaitik/data/www/belarmata.insaitika.ru/wp-config.php|104
[2022-09-20 17:38:08] [ERROR] Отключен
[2022-09-20 17:38:08] [ERROR] Array
(
    [type] => 2
    [message] => Constant WP_DEBUG_DISPLAY already defined
    [file] => /var/www/insaitik/data/www/belarmata.insaitika.ru/wp-config.php
    [line] => 104
)

[2022-09-20 17:38:08] [ERROR] Перед вынужденым завершением произошла ошибка (однако, она не была записана в журнал резервного копирования/восстановления)
[2022-09-20 17:38:08] [ERROR] Сообщение об ошибке: Constant WP_DEBUG_DISPLAY already defined
[2022-09-20 17:38:08] [ERROR] Файл/строка ошибки: /var/www/insaitik/data/www/belarmata.insaitika.ru/wp-config.php|104
[2022-09-20 17:38:14] [ERROR] Отключен
[2022-09-20 17:38:14] [ERROR] Array
(
    [type] => 2
    [message] => Constant WP_DEBUG_DISPLAY already defined
    [file] => /var/www/insaitik/data/www/belarmata.insaitika.ru/wp-config.php
    [line] => 104
)

[2022-09-20 17:38:14] [ERROR] Перед вынужденым завершением произошла ошибка (однако, она не была записана в журнал резервного копирования/восстановления)
[2022-09-20 17:38:14] [ERROR] Сообщение об ошибке: Constant WP_DEBUG_DISPLAY already defined
[2022-09-20 17:38:14] [ERROR] Файл/строка ошибки: /var/www/insaitik/data/www/belarmata.insaitika.ru/wp-config.php|104
[2022-09-20 17:38:20] [ERROR] Отключен
[2022-09-20 17:38:20] [ERROR] Array
(
    [type] => 2
    [message] => Constant WP_DEBUG_DISPLAY already defined
    [file] => /var/www/insaitik/data/www/belarmata.insaitika.ru/wp-config.php
    [line] => 104
)

[2022-09-20 17:38:20] [ERROR] Перед вынужденым завершением произошла ошибка (однако, она не была записана в журнал резервного копирования/восстановления)
[2022-09-20 17:38:20] [ERROR] Сообщение об ошибке: Constant WP_DEBUG_DISPLAY already defined
[2022-09-20 17:38:20] [ERROR] Файл/строка ошибки: /var/www/insaitik/data/www/belarmata.insaitika.ru/wp-config.php|104
[2022-09-20 17:38:26] [ERROR] Отключен
[2022-09-20 17:38:26] [ERROR] Array
(
    [type] => 2
    [message] => Constant WP_DEBUG_DISPLAY already defined
    [file] => /var/www/insaitik/data/www/belarmata.insaitika.ru/wp-config.php
    [line] => 104
)

[2022-09-20 17:38:26] [ERROR] Перед вынужденым завершением произошла ошибка (однако, она не была записана в журнал резервного копирования/восстановления)
[2022-09-20 17:38:26] [ERROR] Сообщение об ошибке: Constant WP_DEBUG_DISPLAY already defined
[2022-09-20 17:38:26] [ERROR] Файл/строка ошибки: /var/www/insaitik/data/www/belarmata.insaitika.ru/wp-config.php|104
[2022-09-20 17:38:32] [ERROR] Отключен
[2022-09-20 17:38:32] [ERROR] Array
(
    [type] => 2
    [message] => Constant WP_DEBUG_DISPLAY already defined
    [file] => /var/www/insaitik/data/www/belarmata.insaitika.ru/wp-config.php
    [line] => 104
)

[2022-09-20 17:38:32] [ERROR] Перед вынужденым завершением произошла ошибка (однако, она не была записана в журнал резервного копирования/восстановления)
[2022-09-20 17:38:32] [ERROR] Сообщение об ошибке: Constant WP_DEBUG_DISPLAY already defined
[2022-09-20 17:38:32] [ERROR] Файл/строка ошибки: /var/www/insaitik/data/www/belarmata.insaitika.ru/wp-config.php|104
[2022-09-20 17:38:38] [ERROR] Отключен
[2022-09-20 17:38:38] [ERROR] Array
(
    [type] => 2
    [message] => Constant WP_DEBUG_DISPLAY already defined
    [file] => /var/www/insaitik/data/www/belarmata.insaitika.ru/wp-config.php
    [line] => 104
)

[2022-09-20 17:38:38] [ERROR] Перед вынужденым завершением произошла ошибка (однако, она не была записана в журнал резервного копирования/восстановления)
[2022-09-20 17:38:38] [ERROR] Сообщение об ошибке: Constant WP_DEBUG_DISPLAY already defined
[2022-09-20 17:38:38] [ERROR] Файл/строка ошибки: /var/www/insaitik/data/www/belarmata.insaitika.ru/wp-config.php|104
[2022-09-20 17:38:44] [ERROR] Отключен
[2022-09-20 17:38:44] [ERROR] Array
(
    [type] => 2
    [message] => Constant WP_DEBUG_DISPLAY already defined
    [file] => /var/www/insaitik/data/www/belarmata.insaitika.ru/wp-config.php
    [line] => 104
)

[2022-09-20 17:38:44] [ERROR] Перед вынужденым завершением произошла ошибка (однако, она не была записана в журнал резервного копирования/восстановления)
[2022-09-20 17:38:44] [ERROR] Сообщение об ошибке: Constant WP_DEBUG_DISPLAY already defined
[2022-09-20 17:38:44] [ERROR] Файл/строка ошибки: /var/www/insaitik/data/www/belarmata.insaitika.ru/wp-config.php|104
[2022-09-20 17:38:50] [ERROR] Отключен
[2022-09-20 17:38:50] [ERROR] Array
(
    [type] => 2
    [message] => Constant WP_DEBUG_DISPLAY already defined
    [file] => /var/www/insaitik/data/www/belarmata.insaitika.ru/wp-config.php
    [line] => 104
)

[2022-09-20 17:38:50] [ERROR] Перед вынужденым завершением произошла ошибка (однако, она не была записана в журнал резервного копирования/восстановления)
[2022-09-20 17:38:50] [ERROR] Сообщение об ошибке: Constant WP_DEBUG_DISPLAY already defined
[2022-09-20 17:38:50] [ERROR] Файл/строка ошибки: /var/www/insaitik/data/www/belarmata.insaitika.ru/wp-config.php|104
[2022-09-20 17:38:56] [ERROR] Отключен
[2022-09-20 17:38:56] [ERROR] Array
(
    [type] => 2
    [message] => Constant WP_DEBUG_DISPLAY already defined
    [file] => /var/www/insaitik/data/www/belarmata.insaitika.ru/wp-config.php
    [line] => 104
)

[2022-09-20 17:38:56] [ERROR] Перед вынужденым завершением произошла ошибка (однако, она не была записана в журнал резервного копирования/восстановления)
[2022-09-20 17:38:56] [ERROR] Сообщение об ошибке: Constant WP_DEBUG_DISPLAY already defined
[2022-09-20 17:38:56] [ERROR] Файл/строка ошибки: /var/www/insaitik/data/www/belarmata.insaitika.ru/wp-config.php|104
[2022-09-20 17:39:02] [ERROR] Отключен
[2022-09-20 17:39:02] [ERROR] Array
(
    [type] => 2
    [message] => Constant WP_DEBUG_DISPLAY already defined
    [file] => /var/www/insaitik/data/www/belarmata.insaitika.ru/wp-config.php
    [line] => 104
)

[2022-09-20 17:39:02] [ERROR] Перед вынужденым завершением произошла ошибка (однако, она не была записана в журнал резервного копирования/восстановления)
[2022-09-20 17:39:02] [ERROR] Сообщение об ошибке: Constant WP_DEBUG_DISPLAY already defined
[2022-09-20 17:39:02] [ERROR] Файл/строка ошибки: /var/www/insaitik/data/www/belarmata.insaitika.ru/wp-config.php|104
[2022-09-20 17:39:08] [ERROR] Отключен
[2022-09-20 17:39:08] [ERROR] Array
(
    [type] => 2
    [message] => Constant WP_DEBUG_DISPLAY already defined
    [file] => /var/www/insaitik/data/www/belarmata.insaitika.ru/wp-config.php
    [line] => 104
)

[2022-09-20 17:39:08] [ERROR] Перед вынужденым завершением произошла ошибка (однако, она не была записана в журнал резервного копирования/восстановления)
[2022-09-20 17:39:08] [ERROR] Сообщение об ошибке: Constant WP_DEBUG_DISPLAY already defined
[2022-09-20 17:39:08] [ERROR] Файл/строка ошибки: /var/www/insaitik/data/www/belarmata.insaitika.ru/wp-config.php|104
[2022-09-20 17:39:14] [ERROR] Отключен
[2022-09-20 17:39:14] [ERROR] Array
(
    [type] => 2
    [message] => Constant WP_DEBUG_DISPLAY already defined
    [file] => /var/www/insaitik/data/www/belarmata.insaitika.ru/wp-config.php
    [line] => 104
)

[2022-09-20 17:39:14] [ERROR] Перед вынужденым завершением произошла ошибка (однако, она не была записана в журнал резервного копирования/восстановления)
[2022-09-20 17:39:14] [ERROR] Сообщение об ошибке: Constant WP_DEBUG_DISPLAY already defined
[2022-09-20 17:39:14] [ERROR] Файл/строка ошибки: /var/www/insaitik/data/www/belarmata.insaitika.ru/wp-config.php|104
[2022-09-20 17:39:20] [ERROR] Отключен
[2022-09-20 17:39:20] [ERROR] Array
(
    [type] => 2
    [message] => Constant WP_DEBUG_DISPLAY already defined
    [file] => /var/www/insaitik/data/www/belarmata.insaitika.ru/wp-config.php
    [line] => 104
)

[2022-09-20 17:39:20] [ERROR] Перед вынужденым завершением произошла ошибка (однако, она не была записана в журнал резервного копирования/восстановления)
[2022-09-20 17:39:20] [ERROR] Сообщение об ошибке: Constant WP_DEBUG_DISPLAY already defined
[2022-09-20 17:39:20] [ERROR] Файл/строка ошибки: /var/www/insaitik/data/www/belarmata.insaitika.ru/wp-config.php|104
[2022-09-20 17:39:26] [ERROR] Отключен
[2022-09-20 17:39:26] [ERROR] Array
(
    [type] => 2
    [message] => Constant WP_DEBUG_DISPLAY already defined
    [file] => /var/www/insaitik/data/www/belarmata.insaitika.ru/wp-config.php
    [line] => 104
)

[2022-09-20 17:39:26] [ERROR] Перед вынужденым завершением произошла ошибка (однако, она не была записана в журнал резервного копирования/восстановления)
[2022-09-20 17:39:26] [ERROR] Сообщение об ошибке: Constant WP_DEBUG_DISPLAY already defined
[2022-09-20 17:39:26] [ERROR] Файл/строка ошибки: /var/www/insaitik/data/www/belarmata.insaitika.ru/wp-config.php|104
[2022-09-20 17:39:32] [ERROR] Отключен
[2022-09-20 17:39:32] [ERROR] Array
(
    [type] => 2
    [message] => Constant WP_DEBUG_DISPLAY already defined
    [file] => /var/www/insaitik/data/www/belarmata.insaitika.ru/wp-config.php
    [line] => 104
)

[2022-09-20 17:39:32] [ERROR] Перед вынужденым завершением произошла ошибка (однако, она не была записана в журнал резервного копирования/восстановления)
[2022-09-20 17:39:32] [ERROR] Сообщение об ошибке: Constant WP_DEBUG_DISPLAY already defined
[2022-09-20 17:39:32] [ERROR] Файл/строка ошибки: /var/www/insaitik/data/www/belarmata.insaitika.ru/wp-config.php|104
[2022-09-20 17:39:38] [ERROR] Отключен
[2022-09-20 17:39:38] [ERROR] Array
(
    [type] => 2
    [message] => Constant WP_DEBUG_DISPLAY already defined
    [file] => /var/www/insaitik/data/www/belarmata.insaitika.ru/wp-config.php
    [line] => 104
)

[2022-09-20 17:39:38] [ERROR] Перед вынужденым завершением произошла ошибка (однако, она не была записана в журнал резервного копирования/восстановления)
[2022-09-20 17:39:38] [ERROR] Сообщение об ошибке: Constant WP_DEBUG_DISPLAY already defined
[2022-09-20 17:39:38] [ERROR] Файл/строка ошибки: /var/www/insaitik/data/www/belarmata.insaitika.ru/wp-config.php|104
[2022-09-20 17:39:44] [ERROR] Отключен
[2022-09-20 17:39:44] [ERROR] Array
(
    [type] => 2
    [message] => Constant WP_DEBUG_DISPLAY already defined
    [file] => /var/www/insaitik/data/www/belarmata.insaitika.ru/wp-config.php
    [line] => 104
)

[2022-09-20 17:39:44] [ERROR] Перед вынужденым завершением произошла ошибка (однако, она не была записана в журнал резервного копирования/восстановления)
[2022-09-20 17:39:44] [ERROR] Сообщение об ошибке: Constant WP_DEBUG_DISPLAY already defined
[2022-09-20 17:39:44] [ERROR] Файл/строка ошибки: /var/www/insaitik/data/www/belarmata.insaitika.ru/wp-config.php|104
[2022-09-20 17:39:50] [ERROR] Отключен
[2022-09-20 17:39:50] [ERROR] Array
(
    [type] => 2
    [message] => Constant WP_DEBUG_DISPLAY already defined
    [file] => /var/www/insaitik/data/www/belarmata.insaitika.ru/wp-config.php
    [line] => 104
)

[2022-09-20 17:39:50] [ERROR] Перед вынужденым завершением произошла ошибка (однако, она не была записана в журнал резервного копирования/восстановления)
[2022-09-20 17:39:50] [ERROR] Сообщение об ошибке: Constant WP_DEBUG_DISPLAY already defined
[2022-09-20 17:39:50] [ERROR] Файл/строка ошибки: /var/www/insaitik/data/www/belarmata.insaitika.ru/wp-config.php|104
[2022-09-20 17:39:56] [ERROR] Отключен
[2022-09-20 17:39:56] [ERROR] Array
(
    [type] => 2
    [message] => Constant WP_DEBUG_DISPLAY already defined
    [file] => /var/www/insaitik/data/www/belarmata.insaitika.ru/wp-config.php
    [line] => 104
)

[2022-09-20 17:39:56] [ERROR] Перед вынужденым завершением произошла ошибка (однако, она не была записана в журнал резервного копирования/восстановления)
[2022-09-20 17:39:56] [ERROR] Сообщение об ошибке: Constant WP_DEBUG_DISPLAY already defined
[2022-09-20 17:39:56] [ERROR] Файл/строка ошибки: /var/www/insaitik/data/www/belarmata.insaitika.ru/wp-config.php|104
[2022-09-20 17:40:03] [ERROR] Отключен
[2022-09-20 17:40:03] [ERROR] Array
(
    [type] => 2
    [message] => Constant WP_DEBUG_DISPLAY already defined
    [file] => /var/www/insaitik/data/www/belarmata.insaitika.ru/wp-config.php
    [line] => 104
)

[2022-09-20 17:40:03] [ERROR] Перед вынужденым завершением произошла ошибка (однако, она не была записана в журнал резервного копирования/восстановления)
[2022-09-20 17:40:03] [ERROR] Сообщение об ошибке: Constant WP_DEBUG_DISPLAY already defined
[2022-09-20 17:40:03] [ERROR] Файл/строка ошибки: /var/www/insaitik/data/www/belarmata.insaitika.ru/wp-config.php|104
[2022-09-20 17:40:08] [ERROR] Отключен
[2022-09-20 17:40:08] [ERROR] Array
(
    [type] => 2
    [message] => Constant WP_DEBUG_DISPLAY already defined
    [file] => /var/www/insaitik/data/www/belarmata.insaitika.ru/wp-config.php
    [line] => 104
)

[2022-09-20 17:40:08] [ERROR] Перед вынужденым завершением произошла ошибка (однако, она не была записана в журнал резервного копирования/восстановления)
[2022-09-20 17:40:08] [ERROR] Сообщение об ошибке: Constant WP_DEBUG_DISPLAY already defined
[2022-09-20 17:40:08] [ERROR] Файл/строка ошибки: /var/www/insaitik/data/www/belarmata.insaitika.ru/wp-config.php|104
[2022-09-20 17:40:14] [ERROR] Отключен
[2022-09-20 17:40:14] [ERROR] Array
(
    [type] => 2
    [message] => Constant WP_DEBUG_DISPLAY already defined
    [file] => /var/www/insaitik/data/www/belarmata.insaitika.ru/wp-config.php
    [line] => 104
)

[2022-09-20 17:40:14] [ERROR] Перед вынужденым завершением произошла ошибка (однако, она не была записана в журнал резервного копирования/восстановления)
[2022-09-20 17:40:14] [ERROR] Сообщение об ошибке: Constant WP_DEBUG_DISPLAY already defined
[2022-09-20 17:40:14] [ERROR] Файл/строка ошибки: /var/www/insaitik/data/www/belarmata.insaitika.ru/wp-config.php|104
[2022-09-20 17:40:19] [ERROR] Отключен
[2022-09-20 17:40:19] [ERROR] Array
(
    [type] => 2
    [message] => Constant WP_DEBUG_DISPLAY already defined
    [file] => /var/www/insaitik/data/www/belarmata.insaitika.ru/wp-config.php
    [line] => 104
)

[2022-09-20 17:40:19] [ERROR] Перед вынужденым завершением произошла ошибка (однако, она не была записана в журнал резервного копирования/восстановления)
[2022-09-20 17:40:19] [ERROR] Сообщение об ошибке: Constant WP_DEBUG_DISPLAY already defined
[2022-09-20 17:40:19] [ERROR] Файл/строка ошибки: /var/www/insaitik/data/www/belarmata.insaitika.ru/wp-config.php|104
[2022-09-20 17:40:24] [ERROR] Отключен
[2022-09-20 17:40:24] [ERROR] Array
(
    [type] => 2
    [message] => Constant WP_DEBUG_DISPLAY already defined
    [file] => /var/www/insaitik/data/www/belarmata.insaitika.ru/wp-config.php
    [line] => 104
)

[2022-09-20 17:40:24] [ERROR] Перед вынужденым завершением произошла ошибка (однако, она не была записана в журнал резервного копирования/восстановления)
[2022-09-20 17:40:24] [ERROR] Сообщение об ошибке: Constant WP_DEBUG_DISPLAY already defined
[2022-09-20 17:40:24] [ERROR] Файл/строка ошибки: /var/www/insaitik/data/www/belarmata.insaitika.ru/wp-config.php|104
[2022-09-20 17:40:30] [ERROR] Отключен
[2022-09-20 17:40:30] [ERROR] Array
(
    [type] => 2
    [message] => Constant WP_DEBUG_DISPLAY already defined
    [file] => /var/www/insaitik/data/www/belarmata.insaitika.ru/wp-config.php
    [line] => 104
)

[2022-09-20 17:40:30] [ERROR] Перед вынужденым завершением произошла ошибка (однако, она не была записана в журнал резервного копирования/восстановления)
[2022-09-20 17:40:30] [ERROR] Сообщение об ошибке: Constant WP_DEBUG_DISPLAY already defined
[2022-09-20 17:40:30] [ERROR] Файл/строка ошибки: /var/www/insaitik/data/www/belarmata.insaitika.ru/wp-config.php|104
[2022-09-20 17:40:35] [ERROR] Отключен
[2022-09-20 17:40:35] [ERROR] Array
(
    [type] => 2
    [message] => Constant WP_DEBUG_DISPLAY already defined
    [file] => /var/www/insaitik/data/www/belarmata.insaitika.ru/wp-config.php
    [line] => 104
)

[2022-09-20 17:40:35] [ERROR] Перед вынужденым завершением произошла ошибка (однако, она не была записана в журнал резервного копирования/восстановления)
[2022-09-20 17:40:35] [ERROR] Сообщение об ошибке: Constant WP_DEBUG_DISPLAY already defined
[2022-09-20 17:40:35] [ERROR] Файл/строка ошибки: /var/www/insaitik/data/www/belarmata.insaitika.ru/wp-config.php|104
[2022-09-20 17:40:40] [ERROR] Отключен
[2022-09-20 17:40:40] [ERROR] Array
(
    [type] => 2
    [message] => Constant WP_DEBUG_DISPLAY already defined
    [file] => /var/www/insaitik/data/www/belarmata.insaitika.ru/wp-config.php
    [line] => 104
)

[2022-09-20 17:40:40] [ERROR] Перед вынужденым завершением произошла ошибка (однако, она не была записана в журнал резервного копирования/восстановления)
[2022-09-20 17:40:40] [ERROR] Сообщение об ошибке: Constant WP_DEBUG_DISPLAY already defined
[2022-09-20 17:40:40] [ERROR] Файл/строка ошибки: /var/www/insaitik/data/www/belarmata.insaitika.ru/wp-config.php|104
[2022-09-20 17:40:46] [ERROR] Отключен
[2022-09-20 17:40:46] [ERROR] Array
(
    [type] => 2
    [message] => Constant WP_DEBUG_DISPLAY already defined
    [file] => /var/www/insaitik/data/www/belarmata.insaitika.ru/wp-config.php
    [line] => 104
)

[2022-09-20 17:40:46] [ERROR] Перед вынужденым завершением произошла ошибка (однако, она не была записана в журнал резервного копирования/восстановления)
[2022-09-20 17:40:46] [ERROR] Сообщение об ошибке: Constant WP_DEBUG_DISPLAY already defined
[2022-09-20 17:40:46] [ERROR] Файл/строка ошибки: /var/www/insaitik/data/www/belarmata.insaitika.ru/wp-config.php|104
[2022-09-20 17:40:51] [ERROR] Отключен
[2022-09-20 17:40:51] [ERROR] Array
(
    [type] => 2
    [message] => Constant WP_DEBUG_DISPLAY already defined
    [file] => /var/www/insaitik/data/www/belarmata.insaitika.ru/wp-config.php
    [line] => 104
)

[2022-09-20 17:40:51] [ERROR] Перед вынужденым завершением произошла ошибка (однако, она не была записана в журнал резервного копирования/восстановления)
[2022-09-20 17:40:51] [ERROR] Сообщение об ошибке: Constant WP_DEBUG_DISPLAY already defined
[2022-09-20 17:40:51] [ERROR] Файл/строка ошибки: /var/www/insaitik/data/www/belarmata.insaitika.ru/wp-config.php|104
[2022-09-20 17:40:56] [ERROR] Отключен
[2022-09-20 17:40:56] [ERROR] Array
(
    [type] => 2
    [message] => Constant WP_DEBUG_DISPLAY already defined
    [file] => /var/www/insaitik/data/www/belarmata.insaitika.ru/wp-config.php
    [line] => 104
)

[2022-09-20 17:40:56] [ERROR] Перед вынужденым завершением произошла ошибка (однако, она не была записана в журнал резервного копирования/восстановления)
[2022-09-20 17:40:56] [ERROR] Сообщение об ошибке: Constant WP_DEBUG_DISPLAY already defined
[2022-09-20 17:40:56] [ERROR] Файл/строка ошибки: /var/www/insaitik/data/www/belarmata.insaitika.ru/wp-config.php|104
[2022-09-20 17:41:01] [ERROR] Отключен
[2022-09-20 17:41:01] [ERROR] Array
(
    [type] => 2
    [message] => Constant WP_DEBUG_DISPLAY already defined
    [file] => /var/www/insaitik/data/www/belarmata.insaitika.ru/wp-config.php
    [line] => 104
)

[2022-09-20 17:41:01] [ERROR] Перед вынужденым завершением произошла ошибка (однако, она не была записана в журнал резервного копирования/восстановления)
[2022-09-20 17:41:01] [ERROR] Сообщение об ошибке: Constant WP_DEBUG_DISPLAY already defined
[2022-09-20 17:41:01] [ERROR] Файл/строка ошибки: /var/www/insaitik/data/www/belarmata.insaitika.ru/wp-config.php|104
[2022-09-20 17:41:06] [ERROR] Отключен
[2022-09-20 17:41:06] [ERROR] Array
(
    [type] => 2
    [message] => Constant WP_DEBUG_DISPLAY already defined
    [file] => /var/www/insaitik/data/www/belarmata.insaitika.ru/wp-config.php
    [line] => 104
)

[2022-09-20 17:41:06] [ERROR] Перед вынужденым завершением произошла ошибка (однако, она не была записана в журнал резервного копирования/восстановления)
[2022-09-20 17:41:06] [ERROR] Сообщение об ошибке: Constant WP_DEBUG_DISPLAY already defined
[2022-09-20 17:41:06] [ERROR] Файл/строка ошибки: /var/www/insaitik/data/www/belarmata.insaitika.ru/wp-config.php|104
[2022-09-20 17:41:11] [ERROR] Отключен
[2022-09-20 17:41:11] [ERROR] Array
(
    [type] => 2
    [message] => Constant WP_DEBUG_DISPLAY already defined
    [file] => /var/www/insaitik/data/www/belarmata.insaitika.ru/wp-config.php
    [line] => 104
)

[2022-09-20 17:41:11] [ERROR] Перед вынужденым завершением произошла ошибка (однако, она не была записана в журнал резервного копирования/восстановления)
[2022-09-20 17:41:11] [ERROR] Сообщение об ошибке: Constant WP_DEBUG_DISPLAY already defined
[2022-09-20 17:41:11] [ERROR] Файл/строка ошибки: /var/www/insaitik/data/www/belarmata.insaitika.ru/wp-config.php|104
[2022-09-20 17:41:16] [ERROR] Отключен
[2022-09-20 17:41:16] [ERROR] Array
(
    [type] => 2
    [message] => Constant WP_DEBUG_DISPLAY already defined
    [file] => /var/www/insaitik/data/www/belarmata.insaitika.ru/wp-config.php
    [line] => 104
)

[2022-09-20 17:41:16] [ERROR] Перед вынужденым завершением произошла ошибка (однако, она не была записана в журнал резервного копирования/восстановления)
[2022-09-20 17:41:16] [ERROR] Сообщение об ошибке: Constant WP_DEBUG_DISPLAY already defined
[2022-09-20 17:41:16] [ERROR] Файл/строка ошибки: /var/www/insaitik/data/www/belarmata.insaitika.ru/wp-config.php|104
[2022-09-20 17:41:21] [ERROR] Отключен
[2022-09-20 17:41:21] [ERROR] Array
(
    [type] => 2
    [message] => Constant WP_DEBUG_DISPLAY already defined
    [file] => /var/www/insaitik/data/www/belarmata.insaitika.ru/wp-config.php
    [line] => 104
)

[2022-09-20 17:41:21] [ERROR] Перед вынужденым завершением произошла ошибка (однако, она не была записана в журнал резервного копирования/восстановления)
[2022-09-20 17:41:21] [ERROR] Сообщение об ошибке: Constant WP_DEBUG_DISPLAY already defined
[2022-09-20 17:41:21] [ERROR] Файл/строка ошибки: /var/www/insaitik/data/www/belarmata.insaitika.ru/wp-config.php|104
[2022-09-20 17:41:54] [ERROR] Отключен
[2022-09-20 17:41:54] [ERROR] Array
(
    [type] => 2
    [message] => Constant WP_DEBUG_DISPLAY already defined
    [file] => /var/www/insaitik/data/www/belarmata.insaitika.ru/wp-config.php
    [line] => 104
)

[2022-09-20 17:41:54] [ERROR] Перед вынужденым завершением произошла ошибка (однако, она не была записана в журнал резервного копирования/восстановления)
[2022-09-20 17:41:54] [ERROR] Сообщение об ошибке: Constant WP_DEBUG_DISPLAY already defined
[2022-09-20 17:41:54] [ERROR] Файл/строка ошибки: /var/www/insaitik/data/www/belarmata.insaitika.ru/wp-config.php|104
[2022-09-20 17:41:54] [ERROR] Отключен
[2022-09-20 17:41:54] [ERROR] Array
(
    [type] => 2
    [message] => Constant WP_DEBUG_DISPLAY already defined
    [file] => /var/www/insaitik/data/www/belarmata.insaitika.ru/wp-config.php
    [line] => 104
)

[2022-09-20 17:41:54] [ERROR] Перед вынужденым завершением произошла ошибка (однако, она не была записана в журнал резервного копирования/восстановления)
[2022-09-20 17:41:54] [ERROR] Сообщение об ошибке: Constant WP_DEBUG_DISPLAY already defined
[2022-09-20 17:41:54] [ERROR] Файл/строка ошибки: /var/www/insaitik/data/www/belarmata.insaitika.ru/wp-config.php|104
[2022-09-20 17:41:54] [ERROR] Отключен
[2022-09-20 17:41:54] [ERROR] Array
(
    [type] => 2
    [message] => Constant WP_DEBUG_DISPLAY already defined
    [file] => /var/www/insaitik/data/www/belarmata.insaitika.ru/wp-config.php
    [line] => 104
)

[2022-09-20 17:41:54] [ERROR] Перед вынужденым завершением произошла ошибка (однако, она не была записана в журнал резервного копирования/восстановления)
[2022-09-20 17:41:54] [ERROR] Сообщение об ошибке: Constant WP_DEBUG_DISPLAY already defined
[2022-09-20 17:41:54] [ERROR] Файл/строка ошибки: /var/www/insaitik/data/www/belarmata.insaitika.ru/wp-config.php|104
[2022-09-20 17:41:54] [ERROR] Отключен
[2022-09-20 17:41:54] [ERROR] Array
(
    [type] => 2
    [message] => Constant WP_DEBUG_DISPLAY already defined
    [file] => /var/www/insaitik/data/www/belarmata.insaitika.ru/wp-config.php
    [line] => 104
)

[2022-09-20 17:41:54] [ERROR] Перед вынужденым завершением произошла ошибка (однако, она не была записана в журнал резервного копирования/восстановления)
[2022-09-20 17:41:54] [ERROR] Сообщение об ошибке: Constant WP_DEBUG_DISPLAY already defined
[2022-09-20 17:41:54] [ERROR] Файл/строка ошибки: /var/www/insaitik/data/www/belarmata.insaitika.ru/wp-config.php|104
[2022-09-20 17:41:54] [ERROR] Отключен
[2022-09-20 17:41:54] [ERROR] Array
(
    [type] => 2
    [message] => Constant WP_DEBUG_DISPLAY already defined
    [file] => /var/www/insaitik/data/www/belarmata.insaitika.ru/wp-config.php
    [line] => 104
)

[2022-09-20 17:41:54] [ERROR] Перед вынужденым завершением произошла ошибка (однако, она не была записана в журнал резервного копирования/восстановления)
[2022-09-20 17:41:54] [ERROR] Сообщение об ошибке: Constant WP_DEBUG_DISPLAY already defined
[2022-09-20 17:41:54] [ERROR] Файл/строка ошибки: /var/www/insaitik/data/www/belarmata.insaitika.ru/wp-config.php|104
[2022-09-20 17:41:57] [ERROR] Отключен
[2022-09-20 17:41:57] [ERROR] Array
(
    [type] => 2
    [message] => Constant WP_DEBUG_DISPLAY already defined
    [file] => /var/www/insaitik/data/www/belarmata.insaitika.ru/wp-config.php
    [line] => 104
)

[2022-09-20 17:41:57] [ERROR] Перед вынужденым завершением произошла ошибка (однако, она не была записана в журнал резервного копирования/восстановления)
[2022-09-20 17:41:57] [ERROR] Сообщение об ошибке: Constant WP_DEBUG_DISPLAY already defined
[2022-09-20 17:41:57] [ERROR] Файл/строка ошибки: /var/www/insaitik/data/www/belarmata.insaitika.ru/wp-config.php|104
[2022-09-20 17:41:57] [ERROR] Отключен
[2022-09-20 17:41:57] [ERROR] Array
(
    [type] => 2
    [message] => Constant WP_DEBUG_DISPLAY already defined
    [file] => /var/www/insaitik/data/www/belarmata.insaitika.ru/wp-config.php
    [line] => 104
)

[2022-09-20 17:41:57] [ERROR] Перед вынужденым завершением произошла ошибка (однако, она не была записана в журнал резервного копирования/восстановления)
[2022-09-20 17:41:57] [ERROR] Сообщение об ошибке: Constant WP_DEBUG_DISPLAY already defined
[2022-09-20 17:41:57] [ERROR] Файл/строка ошибки: /var/www/insaitik/data/www/belarmata.insaitika.ru/wp-config.php|104
[2022-09-20 17:41:57] [ERROR] Отключен
[2022-09-20 17:41:57] [ERROR] Array
(
    [type] => 2
    [message] => Constant WP_DEBUG_DISPLAY already defined
    [file] => /var/www/insaitik/data/www/belarmata.insaitika.ru/wp-config.php
    [line] => 104
)

[2022-09-20 17:41:57] [ERROR] Перед вынужденым завершением произошла ошибка (однако, она не была записана в журнал резервного копирования/восстановления)
[2022-09-20 17:41:57] [ERROR] Сообщение об ошибке: Constant WP_DEBUG_DISPLAY already defined
[2022-09-20 17:41:57] [ERROR] Файл/строка ошибки: /var/www/insaitik/data/www/belarmata.insaitika.ru/wp-config.php|104
[2022-09-20 17:41:58] [ERROR] Отключен
[2022-09-20 17:41:58] [ERROR] Array
(
    [type] => 2
    [message] => Constant WP_DEBUG_DISPLAY already defined
    [file] => /var/www/insaitik/data/www/belarmata.insaitika.ru/wp-config.php
    [line] => 104
)

[2022-09-20 17:41:58] [ERROR] Перед вынужденым завершением произошла ошибка (однако, она не была записана в журнал резервного копирования/восстановления)
[2022-09-20 17:41:58] [ERROR] Сообщение об ошибке: Constant WP_DEBUG_DISPLAY already defined
[2022-09-20 17:41:58] [ERROR] Файл/строка ошибки: /var/www/insaitik/data/www/belarmata.insaitika.ru/wp-config.php|104
[2022-09-20 17:42:00] [ERROR] Отключен
[2022-09-20 17:42:00] [ERROR] Array
(
    [type] => 2
    [message] => Constant WP_DEBUG_DISPLAY already defined
    [file] => /var/www/insaitik/data/www/belarmata.insaitika.ru/wp-config.php
    [line] => 104
)

[2022-09-20 17:42:00] [ERROR] Перед вынужденым завершением произошла ошибка (однако, она не была записана в журнал резервного копирования/восстановления)
[2022-09-20 17:42:00] [ERROR] Сообщение об ошибке: Constant WP_DEBUG_DISPLAY already defined
[2022-09-20 17:42:00] [ERROR] Файл/строка ошибки: /var/www/insaitik/data/www/belarmata.insaitika.ru/wp-config.php|104
[2022-09-20 17:42:05] [LOG] Плагин деактивирован
